<?xml version="1.0" encoding="UTF-8"?>
<testsuites name="Staging Smoke Test Suite" time="593" tests="36" failures="0" errors="0">
   <testsuite name="Staging Smoke Test Suite" tests="36" failures="0" errors="0" time="593" timestamp="2018-05-30 08:59:17" hostname="KSavinkin - LPksavinkin.TC.local" id="Test Suites/Staging Smoke Test Suite">
      <properties>
         <property name="deviceName" value=""/>
         <property name="devicePlatform" value=""/>
         <property name="logFolder" value="C:\\Projects\\instaVIN\\tests\\instaVIN\\Reports\\Staging Smoke Test Suite\\20180530_085914"/>
         <property name="logFiles" value="C:\\Projects\\instaVIN\\tests\\instaVIN\\Reports\\Staging Smoke Test Suite\\20180530_085914\\execution0.log"/>
         <property name="attachments" value=""/>
         <property name="hostName" value="KSavinkin - LPksavinkin.TC.local"/>
         <property name="os" value="Windows 7 64bit"/>
         <property name="katalonVersion" value="5.4.1.1"/>
         <property name="browser" value="Chrome 66.0.3359.181"/>
         <property name="hostAddress" value="172.18.18.81"/>
         <property name="sessionId" value="95e35027a78f9217804dcfab292e83ce"/>
         <property name="seleniumVersion" value="3.7.1"/>
         <property name="proxyInformation" value="ProxyInformation{proxyOption=NO_PROXY, proxyServerType=HTTP, password=, proxyServerAddress=, proxyServerPort=0}"/>
         <property name="platform" value="Windows 7"/>
      </properties>
      <testcase name="Test Cases/CheckHomeSliders" classname="Test Cases/CheckHomeSliders" status="PASSED">
         <system-out><![CDATA[2018-05-30 08:59:17 - [TEST_CASE][PASSED] - Test Cases/CheckHomeSliders: Test Cases/CheckHomeSliders

2018-05-30 08:59:18 - [TEST_STEP][PASSED] - openBrowser: Browser is opened with url: ''

2018-05-30 08:59:22 - [MESSAGE][PASSED] - Browser is opened with url: ''

2018-05-30 08:59:22 - [TEST_STEP][PASSED] - maximizeWindow: Current window maximized

2018-05-30 08:59:23 - [MESSAGE][PASSED] - Current window maximized

2018-05-30 08:59:23 - [TEST_STEP][PASSED] - navigateToUrl: Navigate to 'https://dev-front.instavin.com/' successfully

2018-05-30 08:59:25 - [MESSAGE][PASSED] - Navigate to 'https://dev-front.instavin.com/' successfully

2018-05-30 08:59:25 - [TEST_STEP][PASSED] - Statement - If (com.kms.katalon.core.webui.keyword.WebUiBuiltInKeywords.verifyElementAttributeValue(com.kms.katalon.core.testobject.ObjectRepository.findTestObject(LoggedOutReactPages/HomeLoggedOut/PromoSlide_Div), "class", "slick-slide slick-active slick-current", 0, CONTINUE_ON_FAILURE)): Object 'Object Repository/LoggedOutReactPages/HomeLoggedOut/Free_Link' is visible

2018-05-30 08:59:25 - [MESSAGE][WARNING] - Timeout '0' is invalid. Using default page load timeout: '30'

2018-05-30 08:59:26 - [MESSAGE][PASSED] - Object 'Object Repository/LoggedOutReactPages/HomeLoggedOut/PromoSlide_Div' has attribute 'class' with value 'slick-slide slick-active slick-current'

2018-05-30 08:59:26 - [TEST_STEP][PASSED] - click: Object: 'Object Repository/LoggedOutReactPages/HomeLoggedOut/SliderRightArrow' is clicked on

2018-05-30 08:59:26 - [MESSAGE][PASSED] - Object: 'Object Repository/LoggedOutReactPages/HomeLoggedOut/SliderRightArrow' is clicked on

2018-05-30 08:59:26 - [TEST_STEP][PASSED] - waitForElementVisible: Object 'Object Repository/LoggedOutReactPages/HomeLoggedOut/SecondAppsSlide' is visible

2018-05-30 08:59:26 - [MESSAGE][WARNING] - Timeout '0' is invalid. Using default page load timeout: '30'

2018-05-30 08:59:26 - [MESSAGE][PASSED] - Object 'Object Repository/LoggedOutReactPages/HomeLoggedOut/SecondAppsSlide' is visible

2018-05-30 08:59:26 - [TEST_STEP][PASSED] - waitForElementVisible: Object 'Object Repository/LoggedOutReactPages/HomeLoggedOut/FactoryOptions_Link' is visible

2018-05-30 08:59:26 - [MESSAGE][WARNING] - Timeout '0' is invalid. Using default page load timeout: '30'

2018-05-30 08:59:26 - [MESSAGE][PASSED] - Object 'Object Repository/LoggedOutReactPages/HomeLoggedOut/FactoryOptions_Link' is visible

2018-05-30 08:59:26 - [TEST_STEP][PASSED] - click: Object: 'Object Repository/LoggedOutReactPages/HomeLoggedOut/SliderLeftArrow' is clicked on

2018-05-30 08:59:27 - [MESSAGE][PASSED] - Object: 'Object Repository/LoggedOutReactPages/HomeLoggedOut/SliderLeftArrow' is clicked on

2018-05-30 08:59:27 - [TEST_STEP][PASSED] - waitForElementVisible: Object 'Object Repository/LoggedOutReactPages/HomeLoggedOut/Free_Link' is visible

2018-05-30 08:59:27 - [MESSAGE][WARNING] - Timeout '0' is invalid. Using default page load timeout: '30'

2018-05-30 08:59:31 - [MESSAGE][PASSED] - Object 'Object Repository/LoggedOutReactPages/HomeLoggedOut/Free_Link' is visible

2018-05-30 08:59:31 - [TEST_STEP][PASSED] - closeBrowser: Browser is closed

2018-05-30 08:59:32 - [MESSAGE][PASSED] - Browser is closed]]></system-out>
         <system-err><![CDATA[]]></system-err>
      </testcase>
      <testcase name="Test Cases/CheckVINfromHome - EmptyVIN" classname="Test Cases/CheckVINfromHome - EmptyVIN" status="PASSED">
         <system-out><![CDATA[2018-05-30 08:59:32 - [TEST_CASE][PASSED] - Test Cases/CheckVINfromHome - EmptyVIN: Test Cases/CheckVINfromHome - EmptyVIN

2018-05-30 08:59:33 - [TEST_STEP][PASSED] - openBrowser: Browser is opened with url: ''

2018-05-30 08:59:35 - [MESSAGE][PASSED] - Browser is opened with url: ''

2018-05-30 08:59:35 - [TEST_STEP][PASSED] - maximizeWindow: Current window maximized

2018-05-30 08:59:36 - [MESSAGE][PASSED] - Current window maximized

2018-05-30 08:59:36 - [TEST_STEP][PASSED] - navigateToUrl: Navigate to 'https://dev-front.instavin.com/' successfully

2018-05-30 08:59:38 - [MESSAGE][PASSED] - Navigate to 'https://dev-front.instavin.com/' successfully

2018-05-30 08:59:38 - [TEST_STEP][PASSED] - verifyElementPresent: Object 'Object Repository/LoggedOutReactPages/CommonElements/SignIn_Label' is present

2018-05-30 08:59:38 - [MESSAGE][WARNING] - Timeout '0' is invalid. Using default page load timeout: '30'

2018-05-30 08:59:39 - [MESSAGE][PASSED] - Object 'Object Repository/LoggedOutReactPages/CommonElements/SignIn_Label' is present

2018-05-30 08:59:39 - [TEST_STEP][PASSED] - verifyElementPresent: Object 'Object Repository/LoggedOutReactPages/HomeLoggedOut/EnterVIN_input' is present

2018-05-30 08:59:39 - [MESSAGE][WARNING] - Timeout '0' is invalid. Using default page load timeout: '30'

2018-05-30 08:59:39 - [MESSAGE][PASSED] - Object 'Object Repository/LoggedOutReactPages/HomeLoggedOut/EnterVIN_input' is present

2018-05-30 08:59:39 - [TEST_STEP][PASSED] - verifyElementAttributeValue: Object 'Object Repository/LoggedOutReactPages/HomeLoggedOut/EnterVIN_input' has attribute 'placeholder' with value 'ENTER VIN NUMBER'

2018-05-30 08:59:39 - [MESSAGE][WARNING] - Timeout '0' is invalid. Using default page load timeout: '30'

2018-05-30 08:59:39 - [MESSAGE][PASSED] - Object 'Object Repository/LoggedOutReactPages/HomeLoggedOut/EnterVIN_input' has attribute 'placeholder' with value 'ENTER VIN NUMBER'

2018-05-30 08:59:39 - [TEST_STEP][PASSED] - setText: Text '' is set on object 'Object Repository/LoggedOutReactPages/HomeLoggedOut/EnterVIN_input'

2018-05-30 08:59:39 - [MESSAGE][PASSED] - Text '' is set on object 'Object Repository/LoggedOutReactPages/HomeLoggedOut/EnterVIN_input'

2018-05-30 08:59:39 - [TEST_STEP][PASSED] - click: Object: 'Object Repository/LoggedOutReactPages/HomeLoggedOut/SubmitVinArrow_Button' is clicked on

2018-05-30 08:59:39 - [MESSAGE][PASSED] - Object: 'Object Repository/LoggedOutReactPages/HomeLoggedOut/SubmitVinArrow_Button' is clicked on

2018-05-30 08:59:39 - [TEST_STEP][PASSED] - waitForElementVisible: Object 'Object Repository/LoggedInReactPages/Order (react)/instaVINProducts_Label' is visible

2018-05-30 08:59:39 - [MESSAGE][WARNING] - Timeout '0' is invalid. Using default page load timeout: '30'

2018-05-30 08:59:40 - [MESSAGE][PASSED] - Object 'Object Repository/LoggedInReactPages/Order (react)/instaVINProducts_Label' is visible

2018-05-30 08:59:40 - [TEST_STEP][PASSED] - verifyElementPresent: Object 'Object Repository/LoggedInReactPages/Order (react)/SignIn_MenuLabel' is present

2018-05-30 08:59:40 - [MESSAGE][WARNING] - Timeout '0' is invalid. Using default page load timeout: '30'

2018-05-30 08:59:40 - [MESSAGE][PASSED] - Object 'Object Repository/LoggedInReactPages/Order (react)/SignIn_MenuLabel' is present

2018-05-30 08:59:40 - [TEST_STEP][PASSED] - verifyElementNotPresent: Web element with id: 'Object Repository/LoggedInReactPages/Order (react)/ChangeVIN_Cross' located by 'By.xpath: //div[@class='CloseButton']' is not present after '30' second(s)

2018-05-30 08:59:40 - [MESSAGE][WARNING] - Timeout '0' is invalid. Using default page load timeout: '30'

2018-05-30 08:59:40 - [MESSAGE][PASSED] - Web element with id: 'Object Repository/LoggedInReactPages/Order (react)/ChangeVIN_Cross' located by 'By.xpath: //div[@class='CloseButton']' is not present after '30' second(s)

2018-05-30 08:59:40 - [TEST_STEP][PASSED] - verifyElementText: Actual text and expected text of test object 'Object Repository/LoggedInReactPages/Order (react)/RecordsAreAvailable_Alert' are matched.

2018-05-30 08:59:40 - [MESSAGE][PASSED] - Actual text and expected text of test object 'Object Repository/LoggedInReactPages/Order (react)/RecordsAreAvailable_Alert' are matched.

2018-05-30 08:59:40 - [TEST_STEP][PASSED] - verifyElementNotPresent: Web element with id: 'Object Repository/LoggedInReactPages/Order (react)/VINdisplayed' located by 'By.xpath: //span[@id='VehicleSummary_Vin']' is not present after '30' second(s)

2018-05-30 08:59:40 - [MESSAGE][WARNING] - Timeout '0' is invalid. Using default page load timeout: '30'

2018-05-30 08:59:40 - [MESSAGE][PASSED] - Web element with id: 'Object Repository/LoggedInReactPages/Order (react)/VINdisplayed' located by 'By.xpath: //span[@id='VehicleSummary_Vin']' is not present after '30' second(s)

2018-05-30 08:59:40 - [TEST_STEP][PASSED] - verifyElementVisible: Object 'Object Repository/LoggedInReactPages/Order (react)/VINCheckForm_EnterVINInput' is visible

2018-05-30 08:59:40 - [MESSAGE][PASSED] - Object 'Object Repository/LoggedInReactPages/Order (react)/VINCheckForm_EnterVINInput' is visible

2018-05-30 08:59:40 - [TEST_STEP][PASSED] - verifyElementAttributeValue: Object 'Object Repository/LoggedInReactPages/Order (react)/VINCheckForm_EnterVINInput' has attribute 'value' with value ''

2018-05-30 08:59:40 - [MESSAGE][WARNING] - Timeout '0' is invalid. Using default page load timeout: '30'

2018-05-30 08:59:40 - [MESSAGE][PASSED] - Object 'Object Repository/LoggedInReactPages/Order (react)/VINCheckForm_EnterVINInput' has attribute 'value' with value ''

2018-05-30 08:59:40 - [TEST_STEP][PASSED] - verifyElementNotPresent: Web element with id: 'Object Repository/LoggedInReactPages/Order (react)/OrderNow_OrangeButton' located by 'By.xpath: //button[@class='btn btn-default HasRightIcon orderButtonSmall']' is not present after '30' second(s)

2018-05-30 08:59:40 - [MESSAGE][WARNING] - Timeout '0' is invalid. Using default page load timeout: '30'

2018-05-30 08:59:40 - [MESSAGE][PASSED] - Web element with id: 'Object Repository/LoggedInReactPages/Order (react)/OrderNow_OrangeButton' located by 'By.xpath: //button[@class='btn btn-default HasRightIcon orderButtonSmall']' is not present after '30' second(s)

2018-05-30 08:59:40 - [TEST_STEP][PASSED] - closeBrowser: Browser is closed

2018-05-30 08:59:41 - [MESSAGE][PASSED] - Browser is closed]]></system-out>
         <system-err><![CDATA[]]></system-err>
      </testcase>
      <testcase name="Test Cases/CheckVINfromHome - NoSticker" classname="Test Cases/CheckVINfromHome - NoSticker" status="PASSED">
         <system-out><![CDATA[2018-05-30 08:59:41 - [TEST_CASE][PASSED] - Test Cases/CheckVINfromHome - NoSticker: Test Cases/CheckVINfromHome - NoSticker

2018-05-30 08:59:41 - [TEST_STEP][PASSED] - openBrowser: Browser is opened with url: ''

2018-05-30 08:59:44 - [MESSAGE][PASSED] - Browser is opened with url: ''

2018-05-30 08:59:44 - [TEST_STEP][PASSED] - maximizeWindow: Current window maximized

2018-05-30 08:59:45 - [MESSAGE][PASSED] - Current window maximized

2018-05-30 08:59:45 - [TEST_STEP][PASSED] - navigateToUrl: Navigate to 'https://dev-front.instavin.com/' successfully

2018-05-30 08:59:47 - [MESSAGE][PASSED] - Navigate to 'https://dev-front.instavin.com/' successfully

2018-05-30 08:59:47 - [TEST_STEP][PASSED] - verifyElementPresent: Object 'Object Repository/LoggedOutReactPages/CommonElements/SignIn_Label' is present

2018-05-30 08:59:47 - [MESSAGE][WARNING] - Timeout '0' is invalid. Using default page load timeout: '30'

2018-05-30 08:59:47 - [MESSAGE][PASSED] - Object 'Object Repository/LoggedOutReactPages/CommonElements/SignIn_Label' is present

2018-05-30 08:59:47 - [TEST_STEP][PASSED] - verifyElementPresent: Object 'Object Repository/LoggedOutReactPages/HomeLoggedOut/EnterVIN_input' is present

2018-05-30 08:59:47 - [MESSAGE][WARNING] - Timeout '0' is invalid. Using default page load timeout: '30'

2018-05-30 08:59:47 - [MESSAGE][PASSED] - Object 'Object Repository/LoggedOutReactPages/HomeLoggedOut/EnterVIN_input' is present

2018-05-30 08:59:47 - [TEST_STEP][PASSED] - verifyElementAttributeValue: Object 'Object Repository/LoggedOutReactPages/HomeLoggedOut/EnterVIN_input' has attribute 'placeholder' with value 'ENTER VIN NUMBER'

2018-05-30 08:59:47 - [MESSAGE][WARNING] - Timeout '0' is invalid. Using default page load timeout: '30'

2018-05-30 08:59:47 - [MESSAGE][PASSED] - Object 'Object Repository/LoggedOutReactPages/HomeLoggedOut/EnterVIN_input' has attribute 'placeholder' with value 'ENTER VIN NUMBER'

2018-05-30 08:59:47 - [TEST_STEP][PASSED] - setText: Text 'JF1SF63591H766643' is set on object 'Object Repository/LoggedOutReactPages/HomeLoggedOut/EnterVIN_input'

2018-05-30 08:59:48 - [MESSAGE][PASSED] - Text 'JF1SF63591H766643' is set on object 'Object Repository/LoggedOutReactPages/HomeLoggedOut/EnterVIN_input'

2018-05-30 08:59:48 - [TEST_STEP][PASSED] - click: Object: 'Object Repository/LoggedOutReactPages/HomeLoggedOut/SubmitVinArrow_Button' is clicked on

2018-05-30 08:59:48 - [MESSAGE][PASSED] - Object: 'Object Repository/LoggedOutReactPages/HomeLoggedOut/SubmitVinArrow_Button' is clicked on

2018-05-30 08:59:48 - [TEST_STEP][PASSED] - waitForElementVisible: Object 'Object Repository/LoggedInReactPages/Order (react)/instaVINProducts_Label' is visible

2018-05-30 08:59:48 - [MESSAGE][WARNING] - Timeout '0' is invalid. Using default page load timeout: '30'

2018-05-30 08:59:49 - [MESSAGE][PASSED] - Object 'Object Repository/LoggedInReactPages/Order (react)/instaVINProducts_Label' is visible

2018-05-30 08:59:49 - [TEST_STEP][PASSED] - verifyElementVisible: Object 'Object Repository/LoggedInReactPages/Order (react)/ChangeVIN_Cross' is visible

2018-05-30 08:59:49 - [MESSAGE][PASSED] - Object 'Object Repository/LoggedInReactPages/Order (react)/ChangeVIN_Cross' is visible

2018-05-30 08:59:49 - [TEST_STEP][PASSED] - verifyElementPresent: Object 'Object Repository/LoggedInReactPages/Order (react)/SignIn_MenuLabel' is present

2018-05-30 08:59:49 - [MESSAGE][WARNING] - Timeout '0' is invalid. Using default page load timeout: '30'

2018-05-30 08:59:49 - [MESSAGE][PASSED] - Object 'Object Repository/LoggedInReactPages/Order (react)/SignIn_MenuLabel' is present

2018-05-30 08:59:49 - [TEST_STEP][PASSED] - verifyElementVisible: Object 'Object Repository/LoggedInReactPages/Order (react)/RecordsAreAvailable_Alert' is visible

2018-05-30 08:59:49 - [MESSAGE][PASSED] - Object 'Object Repository/LoggedInReactPages/Order (react)/RecordsAreAvailable_Alert' is visible

2018-05-30 08:59:49 - [TEST_STEP][PASSED] - verifyElementText: Actual text and expected text of test object 'Object Repository/LoggedInReactPages/Order (react)/RecordsAreAvailable_Alert' are matched.

2018-05-30 08:59:49 - [MESSAGE][PASSED] - Actual text and expected text of test object 'Object Repository/LoggedInReactPages/Order (react)/RecordsAreAvailable_Alert' are matched.

2018-05-30 08:59:49 - [TEST_STEP][PASSED] - verifyElementVisible: Object 'Object Repository/LoggedInReactPages/Order (react)/VINdisplayed' is visible

2018-05-30 08:59:49 - [MESSAGE][PASSED] - Object 'Object Repository/LoggedInReactPages/Order (react)/VINdisplayed' is visible

2018-05-30 08:59:49 - [TEST_STEP][PASSED] - verifyElementText: Actual text and expected text of test object 'Object Repository/LoggedInReactPages/Order (react)/VINdisplayed' are matched.

2018-05-30 08:59:49 - [MESSAGE][PASSED] - Actual text and expected text of test object 'Object Repository/LoggedInReactPages/Order (react)/VINdisplayed' are matched.

2018-05-30 08:59:49 - [TEST_STEP][PASSED] - verifyElementPresent: Object 'Object Repository/LoggedInReactPages/Order (react)/OrderNow_OrangeButton' is present

2018-05-30 08:59:49 - [MESSAGE][WARNING] - Timeout '0' is invalid. Using default page load timeout: '30'

2018-05-30 08:59:49 - [MESSAGE][PASSED] - Object 'Object Repository/LoggedInReactPages/Order (react)/OrderNow_OrangeButton' is present

2018-05-30 08:59:49 - [TEST_STEP][PASSED] - closeBrowser: Browser is closed

2018-05-30 08:59:50 - [MESSAGE][PASSED] - Browser is closed]]></system-out>
         <system-err><![CDATA[]]></system-err>
      </testcase>
      <testcase name="Test Cases/CheckVINfromHome - ShortVINwith9Digits" classname="Test Cases/CheckVINfromHome - ShortVINwith9Digits" status="PASSED">
         <system-out><![CDATA[2018-05-30 08:59:50 - [TEST_CASE][PASSED] - Test Cases/CheckVINfromHome - ShortVINwith9Digits: Test Cases/CheckVINfromHome - ShortVINwith9Digits

2018-05-30 08:59:50 - [TEST_STEP][PASSED] - openBrowser: Browser is opened with url: ''

2018-05-30 08:59:53 - [MESSAGE][PASSED] - Browser is opened with url: ''

2018-05-30 08:59:53 - [TEST_STEP][PASSED] - maximizeWindow: Current window maximized

2018-05-30 08:59:54 - [MESSAGE][PASSED] - Current window maximized

2018-05-30 08:59:54 - [TEST_STEP][PASSED] - navigateToUrl: Navigate to 'https://dev-front.instavin.com/' successfully

2018-05-30 08:59:56 - [MESSAGE][PASSED] - Navigate to 'https://dev-front.instavin.com/' successfully

2018-05-30 08:59:56 - [TEST_STEP][PASSED] - verifyElementPresent: Object 'Object Repository/LoggedOutReactPages/CommonElements/SignIn_Label' is present

2018-05-30 08:59:56 - [MESSAGE][WARNING] - Timeout '0' is invalid. Using default page load timeout: '30'

2018-05-30 08:59:56 - [MESSAGE][PASSED] - Object 'Object Repository/LoggedOutReactPages/CommonElements/SignIn_Label' is present

2018-05-30 08:59:56 - [TEST_STEP][PASSED] - verifyElementPresent: Object 'Object Repository/LoggedOutReactPages/HomeLoggedOut/EnterVIN_input' is present

2018-05-30 08:59:56 - [MESSAGE][WARNING] - Timeout '0' is invalid. Using default page load timeout: '30'

2018-05-30 08:59:56 - [MESSAGE][PASSED] - Object 'Object Repository/LoggedOutReactPages/HomeLoggedOut/EnterVIN_input' is present

2018-05-30 08:59:56 - [TEST_STEP][PASSED] - verifyElementAttributeValue: Object 'Object Repository/LoggedOutReactPages/HomeLoggedOut/EnterVIN_input' has attribute 'placeholder' with value 'ENTER VIN NUMBER'

2018-05-30 08:59:56 - [MESSAGE][WARNING] - Timeout '0' is invalid. Using default page load timeout: '30'

2018-05-30 08:59:56 - [MESSAGE][PASSED] - Object 'Object Repository/LoggedOutReactPages/HomeLoggedOut/EnterVIN_input' has attribute 'placeholder' with value 'ENTER VIN NUMBER'

2018-05-30 08:59:56 - [TEST_STEP][PASSED] - setText: Text '7J1012752' is set on object 'Object Repository/LoggedOutReactPages/HomeLoggedOut/EnterVIN_input'

2018-05-30 08:59:57 - [MESSAGE][PASSED] - Text '7J1012752' is set on object 'Object Repository/LoggedOutReactPages/HomeLoggedOut/EnterVIN_input'

2018-05-30 08:59:57 - [TEST_STEP][PASSED] - click: Object: 'Object Repository/LoggedOutReactPages/HomeLoggedOut/SubmitVinArrow_Button' is clicked on

2018-05-30 08:59:57 - [MESSAGE][PASSED] - Object: 'Object Repository/LoggedOutReactPages/HomeLoggedOut/SubmitVinArrow_Button' is clicked on

2018-05-30 08:59:57 - [TEST_STEP][PASSED] - waitForElementVisible: Object 'Object Repository/LoggedInReactPages/Order (react)/instaVINProducts_Label' is visible

2018-05-30 08:59:57 - [MESSAGE][WARNING] - Timeout '0' is invalid. Using default page load timeout: '30'

2018-05-30 08:59:58 - [MESSAGE][PASSED] - Object 'Object Repository/LoggedInReactPages/Order (react)/instaVINProducts_Label' is visible

2018-05-30 08:59:58 - [TEST_STEP][PASSED] - verifyElementNotPresent: Web element with id: 'Object Repository/LoggedInReactPages/Order (react)/ChangeVIN_Cross' located by 'By.xpath: //div[@class='CloseButton']' is not present after '30' second(s)

2018-05-30 08:59:58 - [MESSAGE][WARNING] - Timeout '0' is invalid. Using default page load timeout: '30'

2018-05-30 08:59:58 - [MESSAGE][PASSED] - Web element with id: 'Object Repository/LoggedInReactPages/Order (react)/ChangeVIN_Cross' located by 'By.xpath: //div[@class='CloseButton']' is not present after '30' second(s)

2018-05-30 08:59:58 - [TEST_STEP][PASSED] - verifyElementPresent: Object 'Object Repository/LoggedInReactPages/Order (react)/SignIn_MenuLabel' is present

2018-05-30 08:59:58 - [MESSAGE][WARNING] - Timeout '0' is invalid. Using default page load timeout: '30'

2018-05-30 08:59:58 - [MESSAGE][PASSED] - Object 'Object Repository/LoggedInReactPages/Order (react)/SignIn_MenuLabel' is present

2018-05-30 08:59:58 - [TEST_STEP][PASSED] - verifyElementVisible: Object 'Object Repository/LoggedInReactPages/Order (react)/RecordsAreAvailable_Alert' is visible

2018-05-30 08:59:58 - [MESSAGE][PASSED] - Object 'Object Repository/LoggedInReactPages/Order (react)/RecordsAreAvailable_Alert' is visible

2018-05-30 08:59:58 - [TEST_STEP][PASSED] - verifyElementText: Actual text and expected text of test object 'Object Repository/LoggedInReactPages/Order (react)/RecordsAreAvailable_Alert' are matched.

2018-05-30 08:59:58 - [MESSAGE][PASSED] - Actual text and expected text of test object 'Object Repository/LoggedInReactPages/Order (react)/RecordsAreAvailable_Alert' are matched.

2018-05-30 08:59:58 - [TEST_STEP][PASSED] - verifyElementNotPresent: Web element with id: 'Object Repository/LoggedInReactPages/Order (react)/VINdisplayed' located by 'By.xpath: //span[@id='VehicleSummary_Vin']' is not present after '30' second(s)

2018-05-30 08:59:58 - [MESSAGE][WARNING] - Timeout '0' is invalid. Using default page load timeout: '30'

2018-05-30 08:59:58 - [MESSAGE][PASSED] - Web element with id: 'Object Repository/LoggedInReactPages/Order (react)/VINdisplayed' located by 'By.xpath: //span[@id='VehicleSummary_Vin']' is not present after '30' second(s)

2018-05-30 08:59:58 - [TEST_STEP][PASSED] - verifyElementVisible: Object 'Object Repository/LoggedInReactPages/Order (react)/VINCheckForm_EnterVINInput' is visible

2018-05-30 08:59:58 - [MESSAGE][PASSED] - Object 'Object Repository/LoggedInReactPages/Order (react)/VINCheckForm_EnterVINInput' is visible

2018-05-30 08:59:58 - [TEST_STEP][PASSED] - verifyElementAttributeValue: Object 'Object Repository/LoggedInReactPages/Order (react)/VINCheckForm_EnterVINInput' has attribute 'value' with value '7J1012752'

2018-05-30 08:59:58 - [MESSAGE][WARNING] - Timeout '0' is invalid. Using default page load timeout: '30'

2018-05-30 08:59:58 - [MESSAGE][PASSED] - Object 'Object Repository/LoggedInReactPages/Order (react)/VINCheckForm_EnterVINInput' has attribute 'value' with value '7J1012752'

2018-05-30 08:59:58 - [TEST_STEP][PASSED] - verifyElementPresent: Object 'Object Repository/LoggedInReactPages/Order (react)/OrderNow_OrangeButton' is present

2018-05-30 08:59:58 - [MESSAGE][WARNING] - Timeout '0' is invalid. Using default page load timeout: '30'

2018-05-30 08:59:58 - [MESSAGE][PASSED] - Object 'Object Repository/LoggedInReactPages/Order (react)/OrderNow_OrangeButton' is present

2018-05-30 08:59:58 - [TEST_STEP][PASSED] - closeBrowser: Browser is closed

2018-05-30 08:59:59 - [MESSAGE][PASSED] - Browser is closed]]></system-out>
         <system-err><![CDATA[]]></system-err>
      </testcase>
      <testcase name="Test Cases/CheckVINfromHome - Success" classname="Test Cases/CheckVINfromHome - Success" status="PASSED">
         <system-out><![CDATA[2018-05-30 08:59:59 - [TEST_CASE][PASSED] - Test Cases/CheckVINfromHome - Success: Test Cases/CheckVINfromHome - Success

2018-05-30 08:59:59 - [TEST_STEP][PASSED] - openBrowser: Browser is opened with url: ''

2018-05-30 09:00:01 - [MESSAGE][PASSED] - Browser is opened with url: ''

2018-05-30 09:00:01 - [TEST_STEP][PASSED] - maximizeWindow: Current window maximized

2018-05-30 09:00:03 - [MESSAGE][PASSED] - Current window maximized

2018-05-30 09:00:03 - [TEST_STEP][PASSED] - navigateToUrl: Navigate to 'https://dev-front.instavin.com/' successfully

2018-05-30 09:00:04 - [MESSAGE][PASSED] - Navigate to 'https://dev-front.instavin.com/' successfully

2018-05-30 09:00:04 - [TEST_STEP][PASSED] - verifyElementPresent: Object 'Object Repository/LoggedOutReactPages/CommonElements/SignIn_Label' is present

2018-05-30 09:00:04 - [MESSAGE][WARNING] - Timeout '0' is invalid. Using default page load timeout: '30'

2018-05-30 09:00:04 - [MESSAGE][PASSED] - Object 'Object Repository/LoggedOutReactPages/CommonElements/SignIn_Label' is present

2018-05-30 09:00:04 - [TEST_STEP][PASSED] - verifyElementPresent: Object 'Object Repository/LoggedOutReactPages/HomeLoggedOut/EnterVIN_input' is present

2018-05-30 09:00:04 - [MESSAGE][WARNING] - Timeout '0' is invalid. Using default page load timeout: '30'

2018-05-30 09:00:05 - [MESSAGE][PASSED] - Object 'Object Repository/LoggedOutReactPages/HomeLoggedOut/EnterVIN_input' is present

2018-05-30 09:00:05 - [TEST_STEP][PASSED] - verifyElementAttributeValue: Object 'Object Repository/LoggedOutReactPages/HomeLoggedOut/EnterVIN_input' has attribute 'placeholder' with value 'ENTER VIN NUMBER'

2018-05-30 09:00:05 - [MESSAGE][WARNING] - Timeout '0' is invalid. Using default page load timeout: '30'

2018-05-30 09:00:05 - [MESSAGE][PASSED] - Object 'Object Repository/LoggedOutReactPages/HomeLoggedOut/EnterVIN_input' has attribute 'placeholder' with value 'ENTER VIN NUMBER'

2018-05-30 09:00:05 - [TEST_STEP][PASSED] - setText: Text '5UXKR0C52F0P15679' is set on object 'Object Repository/LoggedOutReactPages/HomeLoggedOut/EnterVIN_input'

2018-05-30 09:00:05 - [MESSAGE][PASSED] - Text '5UXKR0C52F0P15679' is set on object 'Object Repository/LoggedOutReactPages/HomeLoggedOut/EnterVIN_input'

2018-05-30 09:00:05 - [TEST_STEP][PASSED] - click: Object: 'Object Repository/LoggedOutReactPages/HomeLoggedOut/SubmitVinArrow_Button' is clicked on

2018-05-30 09:00:06 - [MESSAGE][PASSED] - Object: 'Object Repository/LoggedOutReactPages/HomeLoggedOut/SubmitVinArrow_Button' is clicked on

2018-05-30 09:00:06 - [TEST_STEP][PASSED] - waitForElementVisible: Object 'Object Repository/LoggedInReactPages/Order (react)/instaVINProducts_Label' is visible

2018-05-30 09:00:06 - [MESSAGE][WARNING] - Timeout '0' is invalid. Using default page load timeout: '30'

2018-05-30 09:00:06 - [MESSAGE][PASSED] - Object 'Object Repository/LoggedInReactPages/Order (react)/instaVINProducts_Label' is visible

2018-05-30 09:00:06 - [TEST_STEP][PASSED] - verifyElementVisible: Object 'Object Repository/LoggedInReactPages/Order (react)/ChangeVIN_Cross' is visible

2018-05-30 09:00:06 - [MESSAGE][PASSED] - Object 'Object Repository/LoggedInReactPages/Order (react)/ChangeVIN_Cross' is visible

2018-05-30 09:00:06 - [TEST_STEP][PASSED] - verifyElementPresent: Object 'Object Repository/LoggedInReactPages/Order (react)/SignIn_MenuLabel' is present

2018-05-30 09:00:06 - [MESSAGE][WARNING] - Timeout '0' is invalid. Using default page load timeout: '30'

2018-05-30 09:00:06 - [MESSAGE][PASSED] - Object 'Object Repository/LoggedInReactPages/Order (react)/SignIn_MenuLabel' is present

2018-05-30 09:00:06 - [TEST_STEP][PASSED] - verifyElementPresent: Object 'Object Repository/LoggedInReactPages/Order (react)/RecordsAreAvailable_Alert' is present

2018-05-30 09:00:06 - [MESSAGE][WARNING] - Timeout '0' is invalid. Using default page load timeout: '30'

2018-05-30 09:00:06 - [MESSAGE][PASSED] - Object 'Object Repository/LoggedInReactPages/Order (react)/RecordsAreAvailable_Alert' is present

2018-05-30 09:00:06 - [TEST_STEP][PASSED] - verifyElementText: Actual text and expected text of test object 'Object Repository/LoggedInReactPages/Order (react)/RecordsAreAvailable_Alert' are matched.

2018-05-30 09:00:06 - [MESSAGE][PASSED] - Actual text and expected text of test object 'Object Repository/LoggedInReactPages/Order (react)/RecordsAreAvailable_Alert' are matched.

2018-05-30 09:00:06 - [TEST_STEP][PASSED] - verifyElementVisible: Object 'Object Repository/LoggedInReactPages/Order (react)/VINdisplayed' is visible

2018-05-30 09:00:06 - [MESSAGE][PASSED] - Object 'Object Repository/LoggedInReactPages/Order (react)/VINdisplayed' is visible

2018-05-30 09:00:06 - [TEST_STEP][PASSED] - verifyElementText: Actual text and expected text of test object 'Object Repository/LoggedInReactPages/Order (react)/VINdisplayed' are matched.

2018-05-30 09:00:06 - [MESSAGE][PASSED] - Actual text and expected text of test object 'Object Repository/LoggedInReactPages/Order (react)/VINdisplayed' are matched.

2018-05-30 09:00:06 - [TEST_STEP][PASSED] - verifyElementPresent: Object 'Object Repository/LoggedInReactPages/Order (react)/OrderNow_OrangeButton' is present

2018-05-30 09:00:06 - [MESSAGE][WARNING] - Timeout '0' is invalid. Using default page load timeout: '30'

2018-05-30 09:00:06 - [MESSAGE][PASSED] - Object 'Object Repository/LoggedInReactPages/Order (react)/OrderNow_OrangeButton' is present

2018-05-30 09:00:06 - [TEST_STEP][PASSED] - closeBrowser: Browser is closed

2018-05-30 09:00:07 - [MESSAGE][PASSED] - Browser is closed]]></system-out>
         <system-err><![CDATA[]]></system-err>
      </testcase>
      <testcase name="Test Cases/SignUpConsumer - EmptyFields" classname="Test Cases/SignUpConsumer - EmptyFields" status="PASSED">
         <system-out><![CDATA[2018-05-30 09:00:07 - [TEST_CASE][PASSED] - Test Cases/SignUpConsumer - EmptyFields: Test Cases/SignUpConsumer - EmptyFields

2018-05-30 09:00:07 - [TEST_STEP][PASSED] - openBrowser: Browser is opened with url: ''

2018-05-30 09:00:09 - [MESSAGE][PASSED] - Browser is opened with url: ''

2018-05-30 09:00:09 - [TEST_STEP][PASSED] - maximizeWindow: Current window maximized

2018-05-30 09:00:11 - [MESSAGE][PASSED] - Current window maximized

2018-05-30 09:00:11 - [TEST_STEP][PASSED] - Statement - StartURL = com.kms.katalon.core.webui.keyword.WebUiBuiltInKeywords.concatenate([StagingReact, "create-account"]): Concatenated string array: '['https://dev-front.instavin.com/','create-account']' into 'https://dev-front.instavin.com/create-account'

2018-05-30 09:00:11 - [MESSAGE][PASSED] - Concatenated string array: '['https://dev-front.instavin.com/','create-account']' into 'https://dev-front.instavin.com/create-account'

2018-05-30 09:00:11 - [TEST_STEP][PASSED] - navigateToUrl: Navigate to 'https://dev-front.instavin.com/create-account' successfully

2018-05-30 09:00:13 - [MESSAGE][PASSED] - Navigate to 'https://dev-front.instavin.com/create-account' successfully

2018-05-30 09:00:13 - [TEST_STEP][PASSED] - verifyElementText: Actual text and expected text of test object 'Object Repository/LoggedOutReactPages/CreateAccount/Copy_Label' are matched.

2018-05-30 09:00:13 - [MESSAGE][PASSED] - Actual text and expected text of test object 'Object Repository/LoggedOutReactPages/CreateAccount/Copy_Label' are matched.

2018-05-30 09:00:13 - [TEST_STEP][PASSED] - verifyTextPresent: Text 'Buyer Information' is present on page 

2018-05-30 09:00:13 - [MESSAGE][PASSED] - Text 'Buyer Information' is present on page 

2018-05-30 09:00:13 - [TEST_STEP][PASSED] - verifyElementText: Actual text and expected text of test object 'Object Repository/LoggedOutReactPages/CreateAccount/Name_Label' are matched.

2018-05-30 09:00:13 - [MESSAGE][PASSED] - Actual text and expected text of test object 'Object Repository/LoggedOutReactPages/CreateAccount/Name_Label' are matched.

2018-05-30 09:00:13 - [TEST_STEP][PASSED] - verifyElementText: Actual text and expected text of test object 'Object Repository/LoggedOutReactPages/CreateAccount/Address_Label' are matched.

2018-05-30 09:00:14 - [MESSAGE][PASSED] - Actual text and expected text of test object 'Object Repository/LoggedOutReactPages/CreateAccount/Address_Label' are matched.

2018-05-30 09:00:14 - [TEST_STEP][PASSED] - click: Object: 'Object Repository/LoggedOutReactPages/CreateAccount/Submit_button' is clicked on

2018-05-30 09:00:14 - [MESSAGE][PASSED] - Object: 'Object Repository/LoggedOutReactPages/CreateAccount/Submit_button' is clicked on

2018-05-30 09:00:14 - [TEST_STEP][PASSED] - verifyElementPresent: Object 'Object Repository/LoggedOutReactPages/CreateAccount/FirstName_ErrorMessage' is present

2018-05-30 09:00:14 - [MESSAGE][WARNING] - Timeout '0' is invalid. Using default page load timeout: '30'

2018-05-30 09:00:14 - [MESSAGE][PASSED] - Object 'Object Repository/LoggedOutReactPages/CreateAccount/FirstName_ErrorMessage' is present

2018-05-30 09:00:14 - [TEST_STEP][PASSED] - verifyElementText: Actual text and expected text of test object 'Object Repository/LoggedOutReactPages/CreateAccount/FirstName_ErrorMessage' are matched.

2018-05-30 09:00:14 - [MESSAGE][PASSED] - Actual text and expected text of test object 'Object Repository/LoggedOutReactPages/CreateAccount/FirstName_ErrorMessage' are matched.

2018-05-30 09:00:14 - [TEST_STEP][PASSED] - verifyElementPresent: Object 'Object Repository/LoggedOutReactPages/CreateAccount/LastName_ErrorMessage' is present

2018-05-30 09:00:14 - [MESSAGE][WARNING] - Timeout '0' is invalid. Using default page load timeout: '30'

2018-05-30 09:00:14 - [MESSAGE][PASSED] - Object 'Object Repository/LoggedOutReactPages/CreateAccount/LastName_ErrorMessage' is present

2018-05-30 09:00:14 - [TEST_STEP][PASSED] - verifyElementText: Actual text and expected text of test object 'Object Repository/LoggedOutReactPages/CreateAccount/LastName_ErrorMessage' are matched.

2018-05-30 09:00:14 - [MESSAGE][PASSED] - Actual text and expected text of test object 'Object Repository/LoggedOutReactPages/CreateAccount/LastName_ErrorMessage' are matched.

2018-05-30 09:00:14 - [TEST_STEP][PASSED] - verifyElementPresent: Object 'Object Repository/LoggedOutReactPages/CreateAccount/Address_ErrorMessage' is present

2018-05-30 09:00:14 - [MESSAGE][WARNING] - Timeout '0' is invalid. Using default page load timeout: '30'

2018-05-30 09:00:14 - [MESSAGE][PASSED] - Object 'Object Repository/LoggedOutReactPages/CreateAccount/Address_ErrorMessage' is present

2018-05-30 09:00:14 - [TEST_STEP][PASSED] - verifyElementText: Actual text and expected text of test object 'Object Repository/LoggedOutReactPages/CreateAccount/Address_ErrorMessage' are matched.

2018-05-30 09:00:14 - [MESSAGE][PASSED] - Actual text and expected text of test object 'Object Repository/LoggedOutReactPages/CreateAccount/Address_ErrorMessage' are matched.

2018-05-30 09:00:14 - [TEST_STEP][PASSED] - verifyElementPresent: Object 'Object Repository/LoggedOutReactPages/CreateAccount/City_ErrorMessage' is present

2018-05-30 09:00:14 - [MESSAGE][WARNING] - Timeout '0' is invalid. Using default page load timeout: '30'

2018-05-30 09:00:14 - [MESSAGE][PASSED] - Object 'Object Repository/LoggedOutReactPages/CreateAccount/City_ErrorMessage' is present

2018-05-30 09:00:15 - [TEST_STEP][PASSED] - verifyElementText: Actual text and expected text of test object 'Object Repository/LoggedOutReactPages/CreateAccount/City_ErrorMessage' are matched.

2018-05-30 09:00:15 - [MESSAGE][PASSED] - Actual text and expected text of test object 'Object Repository/LoggedOutReactPages/CreateAccount/City_ErrorMessage' are matched.

2018-05-30 09:00:15 - [TEST_STEP][PASSED] - verifyElementPresent: Object 'Object Repository/LoggedOutReactPages/CreateAccount/State_ErrorMessage' is present

2018-05-30 09:00:15 - [MESSAGE][WARNING] - Timeout '0' is invalid. Using default page load timeout: '30'

2018-05-30 09:00:15 - [MESSAGE][PASSED] - Object 'Object Repository/LoggedOutReactPages/CreateAccount/State_ErrorMessage' is present

2018-05-30 09:00:15 - [TEST_STEP][PASSED] - verifyElementText: Actual text and expected text of test object 'Object Repository/LoggedOutReactPages/CreateAccount/State_ErrorMessage' are matched.

2018-05-30 09:00:15 - [MESSAGE][PASSED] - Actual text and expected text of test object 'Object Repository/LoggedOutReactPages/CreateAccount/State_ErrorMessage' are matched.

2018-05-30 09:00:15 - [TEST_STEP][PASSED] - verifyElementPresent: Object 'Object Repository/LoggedOutReactPages/CreateAccount/Zip_ErrorMessage' is present

2018-05-30 09:00:15 - [MESSAGE][WARNING] - Timeout '0' is invalid. Using default page load timeout: '30'

2018-05-30 09:00:15 - [MESSAGE][PASSED] - Object 'Object Repository/LoggedOutReactPages/CreateAccount/Zip_ErrorMessage' is present

2018-05-30 09:00:15 - [TEST_STEP][PASSED] - verifyElementText: Actual text and expected text of test object 'Object Repository/LoggedOutReactPages/CreateAccount/Zip_ErrorMessage' are matched.

2018-05-30 09:00:15 - [MESSAGE][PASSED] - Actual text and expected text of test object 'Object Repository/LoggedOutReactPages/CreateAccount/Zip_ErrorMessage' are matched.

2018-05-30 09:00:15 - [TEST_STEP][PASSED] - verifyElementPresent: Object 'Object Repository/LoggedOutReactPages/CreateAccount/Phone_ErrorMessage' is present

2018-05-30 09:00:16 - [MESSAGE][WARNING] - Timeout '0' is invalid. Using default page load timeout: '30'

2018-05-30 09:00:16 - [MESSAGE][PASSED] - Object 'Object Repository/LoggedOutReactPages/CreateAccount/Phone_ErrorMessage' is present

2018-05-30 09:00:16 - [TEST_STEP][PASSED] - verifyElementText: Actual text and expected text of test object 'Object Repository/LoggedOutReactPages/CreateAccount/Phone_ErrorMessage' are matched.

2018-05-30 09:00:16 - [MESSAGE][PASSED] - Actual text and expected text of test object 'Object Repository/LoggedOutReactPages/CreateAccount/Phone_ErrorMessage' are matched.

2018-05-30 09:00:16 - [TEST_STEP][PASSED] - verifyElementPresent: Object 'Object Repository/LoggedOutReactPages/CreateAccount/BillingFirstName_ErrorMessage' is present

2018-05-30 09:00:16 - [MESSAGE][WARNING] - Timeout '0' is invalid. Using default page load timeout: '30'

2018-05-30 09:00:16 - [MESSAGE][PASSED] - Object 'Object Repository/LoggedOutReactPages/CreateAccount/BillingFirstName_ErrorMessage' is present

2018-05-30 09:00:16 - [TEST_STEP][PASSED] - verifyElementText: Actual text and expected text of test object 'Object Repository/LoggedOutReactPages/CreateAccount/BillingFirstName_ErrorMessage' are matched.

2018-05-30 09:00:16 - [MESSAGE][PASSED] - Actual text and expected text of test object 'Object Repository/LoggedOutReactPages/CreateAccount/BillingFirstName_ErrorMessage' are matched.

2018-05-30 09:00:16 - [TEST_STEP][PASSED] - verifyElementPresent: Object 'Object Repository/LoggedOutReactPages/CreateAccount/BillingLastName_ErrorMessage' is present

2018-05-30 09:00:16 - [MESSAGE][WARNING] - Timeout '0' is invalid. Using default page load timeout: '30'

2018-05-30 09:00:16 - [MESSAGE][PASSED] - Object 'Object Repository/LoggedOutReactPages/CreateAccount/BillingLastName_ErrorMessage' is present

2018-05-30 09:00:16 - [TEST_STEP][PASSED] - verifyElementText: Actual text and expected text of test object 'Object Repository/LoggedOutReactPages/CreateAccount/BillingLastName_ErrorMessage' are matched.

2018-05-30 09:00:17 - [MESSAGE][PASSED] - Actual text and expected text of test object 'Object Repository/LoggedOutReactPages/CreateAccount/BillingLastName_ErrorMessage' are matched.

2018-05-30 09:00:17 - [TEST_STEP][PASSED] - verifyElementPresent: Object 'Object Repository/LoggedOutReactPages/CreateAccount/BillingAddress_ErrorMessage' is present

2018-05-30 09:00:17 - [MESSAGE][WARNING] - Timeout '0' is invalid. Using default page load timeout: '30'

2018-05-30 09:00:17 - [MESSAGE][PASSED] - Object 'Object Repository/LoggedOutReactPages/CreateAccount/BillingAddress_ErrorMessage' is present

2018-05-30 09:00:17 - [TEST_STEP][PASSED] - verifyElementText: Actual text and expected text of test object 'Object Repository/LoggedOutReactPages/CreateAccount/BillingAddress_ErrorMessage' are matched.

2018-05-30 09:00:17 - [MESSAGE][PASSED] - Actual text and expected text of test object 'Object Repository/LoggedOutReactPages/CreateAccount/BillingAddress_ErrorMessage' are matched.

2018-05-30 09:00:17 - [TEST_STEP][PASSED] - verifyElementPresent: Object 'Object Repository/LoggedOutReactPages/CreateAccount/BillingZip_ErrorMessage' is present

2018-05-30 09:00:17 - [MESSAGE][WARNING] - Timeout '0' is invalid. Using default page load timeout: '30'

2018-05-30 09:00:17 - [MESSAGE][PASSED] - Object 'Object Repository/LoggedOutReactPages/CreateAccount/BillingZip_ErrorMessage' is present

2018-05-30 09:00:17 - [TEST_STEP][PASSED] - verifyElementText: Actual text and expected text of test object 'Object Repository/LoggedOutReactPages/CreateAccount/BillingZip_ErrorMessage' are matched.

2018-05-30 09:00:17 - [MESSAGE][PASSED] - Actual text and expected text of test object 'Object Repository/LoggedOutReactPages/CreateAccount/BillingZip_ErrorMessage' are matched.

2018-05-30 09:00:17 - [TEST_STEP][PASSED] - verifyElementPresent: Object 'Object Repository/LoggedOutReactPages/CreateAccount/CC_ErrorMessage' is present

2018-05-30 09:00:17 - [MESSAGE][WARNING] - Timeout '0' is invalid. Using default page load timeout: '30'

2018-05-30 09:00:17 - [MESSAGE][PASSED] - Object 'Object Repository/LoggedOutReactPages/CreateAccount/CC_ErrorMessage' is present

2018-05-30 09:00:17 - [TEST_STEP][PASSED] - verifyElementText: Actual text and expected text of test object 'Object Repository/LoggedOutReactPages/CreateAccount/CC_ErrorMessage' are matched.

2018-05-30 09:00:17 - [MESSAGE][PASSED] - Actual text and expected text of test object 'Object Repository/LoggedOutReactPages/CreateAccount/CC_ErrorMessage' are matched.

2018-05-30 09:00:17 - [TEST_STEP][PASSED] - verifyElementPresent: Object 'Object Repository/LoggedOutReactPages/CreateAccount/ExpirationMonth_ErrorMessage' is present

2018-05-30 09:00:18 - [MESSAGE][WARNING] - Timeout '0' is invalid. Using default page load timeout: '30'

2018-05-30 09:00:18 - [MESSAGE][PASSED] - Object 'Object Repository/LoggedOutReactPages/CreateAccount/ExpirationMonth_ErrorMessage' is present

2018-05-30 09:00:18 - [TEST_STEP][PASSED] - verifyElementText: Actual text and expected text of test object 'Object Repository/LoggedOutReactPages/CreateAccount/ExpirationMonth_ErrorMessage' are matched.

2018-05-30 09:00:18 - [MESSAGE][PASSED] - Actual text and expected text of test object 'Object Repository/LoggedOutReactPages/CreateAccount/ExpirationMonth_ErrorMessage' are matched.

2018-05-30 09:00:18 - [TEST_STEP][PASSED] - verifyElementPresent: Object 'Object Repository/LoggedOutReactPages/CreateAccount/CVV_ErrorMessage' is present

2018-05-30 09:00:18 - [MESSAGE][WARNING] - Timeout '0' is invalid. Using default page load timeout: '30'

2018-05-30 09:00:18 - [MESSAGE][PASSED] - Object 'Object Repository/LoggedOutReactPages/CreateAccount/CVV_ErrorMessage' is present

2018-05-30 09:00:18 - [TEST_STEP][PASSED] - verifyElementText: Actual text and expected text of test object 'Object Repository/LoggedOutReactPages/CreateAccount/CVV_ErrorMessage' are matched.

2018-05-30 09:00:18 - [MESSAGE][PASSED] - Actual text and expected text of test object 'Object Repository/LoggedOutReactPages/CreateAccount/CVV_ErrorMessage' are matched.

2018-05-30 09:00:18 - [TEST_STEP][PASSED] - verifyElementPresent: Object 'Object Repository/LoggedOutReactPages/CreateAccount/ExpirationYear_ErrorMessage' is present

2018-05-30 09:00:18 - [MESSAGE][WARNING] - Timeout '0' is invalid. Using default page load timeout: '30'

2018-05-30 09:00:19 - [MESSAGE][PASSED] - Object 'Object Repository/LoggedOutReactPages/CreateAccount/ExpirationYear_ErrorMessage' is present

2018-05-30 09:00:19 - [TEST_STEP][PASSED] - verifyElementText: Actual text and expected text of test object 'Object Repository/LoggedOutReactPages/CreateAccount/ExpirationYear_ErrorMessage' are matched.

2018-05-30 09:00:19 - [MESSAGE][PASSED] - Actual text and expected text of test object 'Object Repository/LoggedOutReactPages/CreateAccount/ExpirationYear_ErrorMessage' are matched.

2018-05-30 09:00:19 - [TEST_STEP][PASSED] - verifyElementPresent: Object 'Object Repository/LoggedOutReactPages/CreateAccount/Email_ErrorMessage' is present

2018-05-30 09:00:19 - [MESSAGE][WARNING] - Timeout '0' is invalid. Using default page load timeout: '30'

2018-05-30 09:00:19 - [MESSAGE][PASSED] - Object 'Object Repository/LoggedOutReactPages/CreateAccount/Email_ErrorMessage' is present

2018-05-30 09:00:19 - [TEST_STEP][PASSED] - verifyElementText: Actual text and expected text of test object 'Object Repository/LoggedOutReactPages/CreateAccount/Email_ErrorMessage' are matched.

2018-05-30 09:00:19 - [MESSAGE][PASSED] - Actual text and expected text of test object 'Object Repository/LoggedOutReactPages/CreateAccount/Email_ErrorMessage' are matched.

2018-05-30 09:00:19 - [TEST_STEP][PASSED] - verifyElementPresent: Object 'Object Repository/LoggedOutReactPages/CreateAccount/Password_ErrorMessage' is present

2018-05-30 09:00:19 - [MESSAGE][WARNING] - Timeout '0' is invalid. Using default page load timeout: '30'

2018-05-30 09:00:19 - [MESSAGE][PASSED] - Object 'Object Repository/LoggedOutReactPages/CreateAccount/Password_ErrorMessage' is present

2018-05-30 09:00:20 - [TEST_STEP][PASSED] - verifyElementText: Actual text and expected text of test object 'Object Repository/LoggedOutReactPages/CreateAccount/Password_ErrorMessage' are matched.

2018-05-30 09:00:20 - [MESSAGE][PASSED] - Actual text and expected text of test object 'Object Repository/LoggedOutReactPages/CreateAccount/Password_ErrorMessage' are matched.

2018-05-30 09:00:20 - [TEST_STEP][PASSED] - verifyElementPresent: Object 'Object Repository/LoggedOutReactPages/CreateAccount/AcceptTOS_ErrorMessage' is present

2018-05-30 09:00:20 - [MESSAGE][WARNING] - Timeout '0' is invalid. Using default page load timeout: '30'

2018-05-30 09:00:20 - [MESSAGE][PASSED] - Object 'Object Repository/LoggedOutReactPages/CreateAccount/AcceptTOS_ErrorMessage' is present

2018-05-30 09:00:20 - [TEST_STEP][PASSED] - verifyElementText: Actual text and expected text of test object 'Object Repository/LoggedOutReactPages/CreateAccount/AcceptTOS_ErrorMessage' are matched.

2018-05-30 09:00:20 - [MESSAGE][PASSED] - Actual text and expected text of test object 'Object Repository/LoggedOutReactPages/CreateAccount/AcceptTOS_ErrorMessage' are matched.

2018-05-30 09:00:20 - [TEST_STEP][PASSED] - closeBrowser: Browser is closed

2018-05-30 09:00:21 - [MESSAGE][PASSED] - Browser is closed]]></system-out>
         <system-err><![CDATA[]]></system-err>
      </testcase>
      <testcase name="Test Cases/SignUpConsumer - IncorrectEmail" classname="Test Cases/SignUpConsumer - IncorrectEmail" status="PASSED">
         <system-out><![CDATA[2018-05-30 09:00:21 - [TEST_CASE][PASSED] - Test Cases/SignUpConsumer - IncorrectEmail: Test Cases/SignUpConsumer - IncorrectEmail

2018-05-30 09:00:21 - [TEST_STEP][PASSED] - openBrowser: Browser is opened with url: ''

2018-05-30 09:00:23 - [MESSAGE][PASSED] - Browser is opened with url: ''

2018-05-30 09:00:23 - [TEST_STEP][PASSED] - maximizeWindow: Current window maximized

2018-05-30 09:00:25 - [MESSAGE][PASSED] - Current window maximized

2018-05-30 09:00:25 - [TEST_STEP][PASSED] - Statement - StartURL = com.kms.katalon.core.webui.keyword.WebUiBuiltInKeywords.concatenate([StagingReact, "create-account"]): Concatenated string array: '['https://dev-front.instavin.com/','create-account']' into 'https://dev-front.instavin.com/create-account'

2018-05-30 09:00:25 - [MESSAGE][PASSED] - Concatenated string array: '['https://dev-front.instavin.com/','create-account']' into 'https://dev-front.instavin.com/create-account'

2018-05-30 09:00:25 - [TEST_STEP][PASSED] - navigateToUrl: Navigate to 'https://dev-front.instavin.com/create-account' successfully

2018-05-30 09:00:27 - [MESSAGE][PASSED] - Navigate to 'https://dev-front.instavin.com/create-account' successfully

2018-05-30 09:00:27 - [TEST_STEP][PASSED] - verifyElementText: Actual text and expected text of test object 'Object Repository/LoggedOutReactPages/CreateAccount/Copy_Label' are matched.

2018-05-30 09:00:27 - [MESSAGE][PASSED] - Actual text and expected text of test object 'Object Repository/LoggedOutReactPages/CreateAccount/Copy_Label' are matched.

2018-05-30 09:00:27 - [TEST_STEP][PASSED] - verifyTextPresent: Text 'Buyer Information' is present on page 

2018-05-30 09:00:27 - [MESSAGE][PASSED] - Text 'Buyer Information' is present on page 

2018-05-30 09:00:27 - [TEST_STEP][PASSED] - Statement - now = new java.util.Date(): null

2018-05-30 09:00:27 - [TEST_STEP][PASSED] - Statement - rnd = now.format("yyyyMMddHHmmssSSS").toString(): null

2018-05-30 09:00:27 - [TEST_STEP][PASSED] - Statement - email = com.kms.katalon.core.webui.keyword.WebUiBuiltInKeywords.concatenate([rnd, "@mailinator.com"]): Concatenated string array: '['20180530090027424','@mailinator.com']' into '20180530090027424@mailinator.com'

2018-05-30 09:00:27 - [MESSAGE][PASSED] - Concatenated string array: '['20180530090027424','@mailinator.com']' into '20180530090027424@mailinator.com'

2018-05-30 09:00:27 - [TEST_STEP][PASSED] - setText: Text '20180530090027424' is set on object 'Object Repository/LoggedOutReactPages/CreateAccount/Email_Input'

2018-05-30 09:00:27 - [MESSAGE][PASSED] - Text '20180530090027424' is set on object 'Object Repository/LoggedOutReactPages/CreateAccount/Email_Input'

2018-05-30 09:00:27 - [TEST_STEP][PASSED] - setText: Text 'test' is set on object 'Object Repository/LoggedOutReactPages/CreateAccount/ConfirmEmail_Input'

2018-05-30 09:00:27 - [MESSAGE][PASSED] - Text 'test' is set on object 'Object Repository/LoggedOutReactPages/CreateAccount/ConfirmEmail_Input'

2018-05-30 09:00:28 - [TEST_STEP][PASSED] - click: Object: 'Object Repository/LoggedOutReactPages/CreateAccount/Password_Input' is clicked on

2018-05-30 09:00:28 - [MESSAGE][PASSED] - Object: 'Object Repository/LoggedOutReactPages/CreateAccount/Password_Input' is clicked on

2018-05-30 09:00:28 - [TEST_STEP][PASSED] - verifyElementPresent: Object 'Object Repository/LoggedOutReactPages/CreateAccount/Email_ErrorMessage' is present

2018-05-30 09:00:28 - [MESSAGE][WARNING] - Timeout '0' is invalid. Using default page load timeout: '30'

2018-05-30 09:00:28 - [MESSAGE][PASSED] - Object 'Object Repository/LoggedOutReactPages/CreateAccount/Email_ErrorMessage' is present

2018-05-30 09:00:28 - [TEST_STEP][PASSED] - verifyElementText: Actual text and expected text of test object 'Object Repository/LoggedOutReactPages/CreateAccount/Email_ErrorMessage' are matched.

2018-05-30 09:00:28 - [MESSAGE][PASSED] - Actual text and expected text of test object 'Object Repository/LoggedOutReactPages/CreateAccount/Email_ErrorMessage' are matched.

2018-05-30 09:00:28 - [TEST_STEP][PASSED] - verifyElementPresent: Object 'Object Repository/LoggedOutReactPages/CreateAccount/ConfirmEmail_ErrorMessage' is present

2018-05-30 09:00:28 - [MESSAGE][WARNING] - Timeout '0' is invalid. Using default page load timeout: '30'

2018-05-30 09:00:28 - [MESSAGE][PASSED] - Object 'Object Repository/LoggedOutReactPages/CreateAccount/ConfirmEmail_ErrorMessage' is present

2018-05-30 09:00:28 - [TEST_STEP][PASSED] - verifyElementText: Actual text and expected text of test object 'Object Repository/LoggedOutReactPages/CreateAccount/ConfirmEmail_ErrorMessage' are matched.

2018-05-30 09:00:28 - [MESSAGE][PASSED] - Actual text and expected text of test object 'Object Repository/LoggedOutReactPages/CreateAccount/ConfirmEmail_ErrorMessage' are matched.

2018-05-30 09:00:28 - [TEST_STEP][PASSED] - setText: Text '20180530090027424@mailinator.com' is set on object 'Object Repository/LoggedOutReactPages/CreateAccount/Email_Input'

2018-05-30 09:00:28 - [MESSAGE][PASSED] - Text '20180530090027424@mailinator.com' is set on object 'Object Repository/LoggedOutReactPages/CreateAccount/Email_Input'

2018-05-30 09:00:28 - [TEST_STEP][PASSED] - click: Object: 'Object Repository/LoggedOutReactPages/CreateAccount/Password_Input' is clicked on

2018-05-30 09:00:29 - [MESSAGE][PASSED] - Object: 'Object Repository/LoggedOutReactPages/CreateAccount/Password_Input' is clicked on

2018-05-30 09:00:29 - [TEST_STEP][PASSED] - verifyElementNotPresent: Web element with id: 'Object Repository/LoggedOutReactPages/CreateAccount/Email_ErrorMessage' located by 'By.xpath: //html//div[@id='AccountInfo']/div[1]/div[1]/div[2]/span[1]/span[1]' is not present after '30' second(s)

2018-05-30 09:00:29 - [MESSAGE][WARNING] - Timeout '0' is invalid. Using default page load timeout: '30'

2018-05-30 09:00:29 - [MESSAGE][PASSED] - Web element with id: 'Object Repository/LoggedOutReactPages/CreateAccount/Email_ErrorMessage' located by 'By.xpath: //html//div[@id='AccountInfo']/div[1]/div[1]/div[2]/span[1]/span[1]' is not present after '30' second(s)

2018-05-30 09:00:29 - [TEST_STEP][PASSED] - verifyElementPresent: Object 'Object Repository/LoggedOutReactPages/CreateAccount/ConfirmEmail_ErrorMessage' is present

2018-05-30 09:00:29 - [MESSAGE][WARNING] - Timeout '0' is invalid. Using default page load timeout: '30'

2018-05-30 09:00:29 - [MESSAGE][PASSED] - Object 'Object Repository/LoggedOutReactPages/CreateAccount/ConfirmEmail_ErrorMessage' is present

2018-05-30 09:00:29 - [TEST_STEP][PASSED] - verifyElementText: Actual text and expected text of test object 'Object Repository/LoggedOutReactPages/CreateAccount/ConfirmEmail_ErrorMessage' are matched.

2018-05-30 09:00:29 - [MESSAGE][PASSED] - Actual text and expected text of test object 'Object Repository/LoggedOutReactPages/CreateAccount/ConfirmEmail_ErrorMessage' are matched.

2018-05-30 09:00:29 - [TEST_STEP][PASSED] - setText: Text '20180530090027424@mailinator.com' is set on object 'Object Repository/LoggedOutReactPages/CreateAccount/ConfirmEmail_Input'

2018-05-30 09:00:30 - [MESSAGE][PASSED] - Text '20180530090027424@mailinator.com' is set on object 'Object Repository/LoggedOutReactPages/CreateAccount/ConfirmEmail_Input'

2018-05-30 09:00:30 - [TEST_STEP][PASSED] - click: Object: 'Object Repository/LoggedOutReactPages/CreateAccount/Password_Input' is clicked on

2018-05-30 09:00:30 - [MESSAGE][PASSED] - Object: 'Object Repository/LoggedOutReactPages/CreateAccount/Password_Input' is clicked on

2018-05-30 09:00:30 - [TEST_STEP][PASSED] - verifyElementNotPresent: Web element with id: 'Object Repository/LoggedOutReactPages/CreateAccount/Email_ErrorMessage' located by 'By.xpath: //html//div[@id='AccountInfo']/div[1]/div[1]/div[2]/span[1]/span[1]' is not present after '30' second(s)

2018-05-30 09:00:30 - [MESSAGE][WARNING] - Timeout '0' is invalid. Using default page load timeout: '30'

2018-05-30 09:00:30 - [MESSAGE][PASSED] - Web element with id: 'Object Repository/LoggedOutReactPages/CreateAccount/Email_ErrorMessage' located by 'By.xpath: //html//div[@id='AccountInfo']/div[1]/div[1]/div[2]/span[1]/span[1]' is not present after '30' second(s)

2018-05-30 09:00:30 - [TEST_STEP][PASSED] - verifyElementNotPresent: Web element with id: 'Object Repository/LoggedOutReactPages/CreateAccount/ConfirmEmail_ErrorMessage' located by 'By.xpath: //span[contains(text(),'Does not match the Email Address')]' is not present after '30' second(s)

2018-05-30 09:00:30 - [MESSAGE][WARNING] - Timeout '0' is invalid. Using default page load timeout: '30'

2018-05-30 09:00:30 - [MESSAGE][PASSED] - Web element with id: 'Object Repository/LoggedOutReactPages/CreateAccount/ConfirmEmail_ErrorMessage' located by 'By.xpath: //span[contains(text(),'Does not match the Email Address')]' is not present after '30' second(s)

2018-05-30 09:00:30 - [TEST_STEP][PASSED] - closeBrowser: Browser is closed

2018-05-30 09:00:30 - [MESSAGE][PASSED] - Browser is closed]]></system-out>
         <system-err><![CDATA[]]></system-err>
      </testcase>
      <testcase name="Test Cases/SignUpConsumer - ShortAndMissmatchedPass" classname="Test Cases/SignUpConsumer - ShortAndMissmatchedPass" status="PASSED">
         <system-out><![CDATA[2018-05-30 09:00:30 - [TEST_CASE][PASSED] - Test Cases/SignUpConsumer - ShortAndMissmatchedPass: Test Cases/SignUpConsumer - ShortAndMissmatchedPass

2018-05-30 09:00:31 - [TEST_STEP][PASSED] - openBrowser: Browser is opened with url: ''

2018-05-30 09:00:33 - [MESSAGE][PASSED] - Browser is opened with url: ''

2018-05-30 09:00:33 - [TEST_STEP][PASSED] - maximizeWindow: Current window maximized

2018-05-30 09:00:34 - [MESSAGE][PASSED] - Current window maximized

2018-05-30 09:00:34 - [TEST_STEP][PASSED] - Statement - StartURL = com.kms.katalon.core.webui.keyword.WebUiBuiltInKeywords.concatenate([StagingReact, "create-account"]): Concatenated string array: '['https://dev-front.instavin.com/','create-account']' into 'https://dev-front.instavin.com/create-account'

2018-05-30 09:00:34 - [MESSAGE][PASSED] - Concatenated string array: '['https://dev-front.instavin.com/','create-account']' into 'https://dev-front.instavin.com/create-account'

2018-05-30 09:00:34 - [TEST_STEP][PASSED] - navigateToUrl: Navigate to 'https://dev-front.instavin.com/create-account' successfully

2018-05-30 09:00:36 - [MESSAGE][PASSED] - Navigate to 'https://dev-front.instavin.com/create-account' successfully

2018-05-30 09:00:36 - [TEST_STEP][PASSED] - verifyElementText: Actual text and expected text of test object 'Object Repository/LoggedOutReactPages/CreateAccount/Copy_Label' are matched.

2018-05-30 09:00:36 - [MESSAGE][PASSED] - Actual text and expected text of test object 'Object Repository/LoggedOutReactPages/CreateAccount/Copy_Label' are matched.

2018-05-30 09:00:36 - [TEST_STEP][PASSED] - verifyTextPresent: Text 'Buyer Information' is present on page 

2018-05-30 09:00:36 - [MESSAGE][PASSED] - Text 'Buyer Information' is present on page 

2018-05-30 09:00:36 - [TEST_STEP][PASSED] - setText: Text '11' is set on object 'Object Repository/LoggedOutReactPages/CreateAccount/Password_Input'

2018-05-30 09:00:37 - [MESSAGE][PASSED] - Text '11' is set on object 'Object Repository/LoggedOutReactPages/CreateAccount/Password_Input'

2018-05-30 09:00:37 - [TEST_STEP][PASSED] - click: Object: 'Object Repository/LoggedOutReactPages/CreateAccount/Email_Input' is clicked on

2018-05-30 09:00:37 - [MESSAGE][PASSED] - Object: 'Object Repository/LoggedOutReactPages/CreateAccount/Email_Input' is clicked on

2018-05-30 09:00:37 - [TEST_STEP][PASSED] - verifyElementPresent: Object 'Object Repository/LoggedOutReactPages/CreateAccount/Password_ErrorMessage' is present

2018-05-30 09:00:37 - [MESSAGE][WARNING] - Timeout '0' is invalid. Using default page load timeout: '30'

2018-05-30 09:00:37 - [MESSAGE][PASSED] - Object 'Object Repository/LoggedOutReactPages/CreateAccount/Password_ErrorMessage' is present

2018-05-30 09:00:37 - [TEST_STEP][PASSED] - verifyElementText: Actual text and expected text of test object 'Object Repository/LoggedOutReactPages/CreateAccount/Password_ErrorMessage' are matched.

2018-05-30 09:00:37 - [MESSAGE][PASSED] - Actual text and expected text of test object 'Object Repository/LoggedOutReactPages/CreateAccount/Password_ErrorMessage' are matched.

2018-05-30 09:00:37 - [TEST_STEP][PASSED] - verifyElementNotPresent: Web element with id: 'Object Repository/LoggedOutReactPages/CreateAccount/ConfirmPassword_ErrorMessage' located by 'By.xpath: //div[@id='AccountInfo']//div[@class='FormSectionContainer']//div[@class='FieldComboBox Clear']//div[@class='Field_Standard']//span[@class='field-validation-error']//span' is not present after '30' second(s)

2018-05-30 09:00:37 - [MESSAGE][WARNING] - Timeout '0' is invalid. Using default page load timeout: '30'

2018-05-30 09:00:37 - [MESSAGE][PASSED] - Web element with id: 'Object Repository/LoggedOutReactPages/CreateAccount/ConfirmPassword_ErrorMessage' located by 'By.xpath: //div[@id='AccountInfo']//div[@class='FormSectionContainer']//div[@class='FieldComboBox Clear']//div[@class='Field_Standard']//span[@class='field-validation-error']//span' is not present after '30' second(s)

2018-05-30 09:00:37 - [TEST_STEP][PASSED] - setText: Text '111111' is set on object 'Object Repository/LoggedOutReactPages/CreateAccount/Password_Input'

2018-05-30 09:00:37 - [MESSAGE][PASSED] - Text '111111' is set on object 'Object Repository/LoggedOutReactPages/CreateAccount/Password_Input'

2018-05-30 09:00:37 - [TEST_STEP][PASSED] - click: Object: 'Object Repository/LoggedOutReactPages/CreateAccount/Email_Input' is clicked on

2018-05-30 09:00:37 - [MESSAGE][PASSED] - Object: 'Object Repository/LoggedOutReactPages/CreateAccount/Email_Input' is clicked on

2018-05-30 09:00:37 - [TEST_STEP][PASSED] - verifyElementNotPresent: Web element with id: 'Object Repository/LoggedOutReactPages/CreateAccount/Password_ErrorMessage' located by 'By.xpath: //html//div[@id='AccountInfo']/div[2]/div[1]/div[2]/span[1]/span[1]' is not present after '30' second(s)

2018-05-30 09:00:37 - [MESSAGE][WARNING] - Timeout '0' is invalid. Using default page load timeout: '30'

2018-05-30 09:00:37 - [MESSAGE][PASSED] - Web element with id: 'Object Repository/LoggedOutReactPages/CreateAccount/Password_ErrorMessage' located by 'By.xpath: //html//div[@id='AccountInfo']/div[2]/div[1]/div[2]/span[1]/span[1]' is not present after '30' second(s)

2018-05-30 09:00:37 - [TEST_STEP][PASSED] - verifyElementNotPresent: Web element with id: 'Object Repository/LoggedOutReactPages/CreateAccount/ConfirmPassword_ErrorMessage' located by 'By.xpath: //div[@id='AccountInfo']//div[@class='FormSectionContainer']//div[@class='FieldComboBox Clear']//div[@class='Field_Standard']//span[@class='field-validation-error']//span' is not present after '30' second(s)

2018-05-30 09:00:37 - [MESSAGE][WARNING] - Timeout '0' is invalid. Using default page load timeout: '30'

2018-05-30 09:00:37 - [MESSAGE][PASSED] - Web element with id: 'Object Repository/LoggedOutReactPages/CreateAccount/ConfirmPassword_ErrorMessage' located by 'By.xpath: //div[@id='AccountInfo']//div[@class='FormSectionContainer']//div[@class='FieldComboBox Clear']//div[@class='Field_Standard']//span[@class='field-validation-error']//span' is not present after '30' second(s)

2018-05-30 09:00:37 - [TEST_STEP][PASSED] - setText: Text '11' is set on object 'Object Repository/LoggedOutReactPages/CreateAccount/ConfirmPassword_Input'

2018-05-30 09:00:37 - [MESSAGE][PASSED] - Text '11' is set on object 'Object Repository/LoggedOutReactPages/CreateAccount/ConfirmPassword_Input'

2018-05-30 09:00:38 - [TEST_STEP][PASSED] - click: Object: 'Object Repository/LoggedOutReactPages/CreateAccount/Email_Input' is clicked on

2018-05-30 09:00:38 - [MESSAGE][PASSED] - Object: 'Object Repository/LoggedOutReactPages/CreateAccount/Email_Input' is clicked on

2018-05-30 09:00:38 - [TEST_STEP][PASSED] - verifyElementNotPresent: Web element with id: 'Object Repository/LoggedOutReactPages/CreateAccount/Password_ErrorMessage' located by 'By.xpath: //html//div[@id='AccountInfo']/div[2]/div[1]/div[2]/span[1]/span[1]' is not present after '30' second(s)

2018-05-30 09:00:38 - [MESSAGE][WARNING] - Timeout '0' is invalid. Using default page load timeout: '30'

2018-05-30 09:00:38 - [MESSAGE][PASSED] - Web element with id: 'Object Repository/LoggedOutReactPages/CreateAccount/Password_ErrorMessage' located by 'By.xpath: //html//div[@id='AccountInfo']/div[2]/div[1]/div[2]/span[1]/span[1]' is not present after '30' second(s)

2018-05-30 09:00:38 - [TEST_STEP][PASSED] - verifyElementPresent: Object 'Object Repository/LoggedOutReactPages/CreateAccount/ConfirmPassword_ErrorMessage' is present

2018-05-30 09:00:38 - [MESSAGE][WARNING] - Timeout '0' is invalid. Using default page load timeout: '30'

2018-05-30 09:00:38 - [MESSAGE][PASSED] - Object 'Object Repository/LoggedOutReactPages/CreateAccount/ConfirmPassword_ErrorMessage' is present

2018-05-30 09:00:38 - [TEST_STEP][PASSED] - verifyElementText: Actual text and expected text of test object 'Object Repository/LoggedOutReactPages/CreateAccount/ConfirmPassword_ErrorMessage' are matched.

2018-05-30 09:00:38 - [MESSAGE][PASSED] - Actual text and expected text of test object 'Object Repository/LoggedOutReactPages/CreateAccount/ConfirmPassword_ErrorMessage' are matched.

2018-05-30 09:00:38 - [TEST_STEP][PASSED] - setText: Text '111111' is set on object 'Object Repository/LoggedOutReactPages/CreateAccount/ConfirmPassword_Input'

2018-05-30 09:00:39 - [MESSAGE][PASSED] - Text '111111' is set on object 'Object Repository/LoggedOutReactPages/CreateAccount/ConfirmPassword_Input'

2018-05-30 09:00:39 - [TEST_STEP][PASSED] - click: Object: 'Object Repository/LoggedOutReactPages/CreateAccount/Email_Input' is clicked on

2018-05-30 09:00:39 - [MESSAGE][PASSED] - Object: 'Object Repository/LoggedOutReactPages/CreateAccount/Email_Input' is clicked on

2018-05-30 09:00:39 - [TEST_STEP][PASSED] - verifyElementNotPresent: Web element with id: 'Object Repository/LoggedOutReactPages/CreateAccount/Password_ErrorMessage' located by 'By.xpath: //html//div[@id='AccountInfo']/div[2]/div[1]/div[2]/span[1]/span[1]' is not present after '30' second(s)

2018-05-30 09:00:39 - [MESSAGE][WARNING] - Timeout '0' is invalid. Using default page load timeout: '30'

2018-05-30 09:00:39 - [MESSAGE][PASSED] - Web element with id: 'Object Repository/LoggedOutReactPages/CreateAccount/Password_ErrorMessage' located by 'By.xpath: //html//div[@id='AccountInfo']/div[2]/div[1]/div[2]/span[1]/span[1]' is not present after '30' second(s)

2018-05-30 09:00:39 - [TEST_STEP][PASSED] - verifyElementNotPresent: Web element with id: 'Object Repository/LoggedOutReactPages/CreateAccount/ConfirmPassword_ErrorMessage' located by 'By.xpath: //div[@id='AccountInfo']//div[@class='FormSectionContainer']//div[@class='FieldComboBox Clear']//div[@class='Field_Standard']//span[@class='field-validation-error']//span' is not present after '30' second(s)

2018-05-30 09:00:39 - [MESSAGE][WARNING] - Timeout '0' is invalid. Using default page load timeout: '30'

2018-05-30 09:00:39 - [MESSAGE][PASSED] - Web element with id: 'Object Repository/LoggedOutReactPages/CreateAccount/ConfirmPassword_ErrorMessage' located by 'By.xpath: //div[@id='AccountInfo']//div[@class='FormSectionContainer']//div[@class='FieldComboBox Clear']//div[@class='Field_Standard']//span[@class='field-validation-error']//span' is not present after '30' second(s)

2018-05-30 09:00:39 - [TEST_STEP][PASSED] - closeBrowser: Browser is closed

2018-05-30 09:00:40 - [MESSAGE][PASSED] - Browser is closed]]></system-out>
         <system-err><![CDATA[]]></system-err>
      </testcase>
      <testcase name="Test Cases/SignUpConsumer - CopyBuyer" classname="Test Cases/SignUpConsumer - CopyBuyer" status="PASSED">
         <system-out><![CDATA[2018-05-30 09:00:40 - [TEST_CASE][PASSED] - Test Cases/SignUpConsumer - CopyBuyer: Test Cases/SignUpConsumer - CopyBuyer

2018-05-30 09:00:40 - [TEST_STEP][PASSED] - openBrowser: Browser is opened with url: ''

2018-05-30 09:00:42 - [MESSAGE][PASSED] - Browser is opened with url: ''

2018-05-30 09:00:42 - [TEST_STEP][PASSED] - maximizeWindow: Current window maximized

2018-05-30 09:00:44 - [MESSAGE][PASSED] - Current window maximized

2018-05-30 09:00:44 - [TEST_STEP][PASSED] - Statement - StartURL = com.kms.katalon.core.webui.keyword.WebUiBuiltInKeywords.concatenate([StagingReact, "create-account"]): Concatenated string array: '['https://dev-front.instavin.com/','create-account']' into 'https://dev-front.instavin.com/create-account'

2018-05-30 09:00:44 - [MESSAGE][PASSED] - Concatenated string array: '['https://dev-front.instavin.com/','create-account']' into 'https://dev-front.instavin.com/create-account'

2018-05-30 09:00:44 - [TEST_STEP][PASSED] - navigateToUrl: Navigate to 'https://dev-front.instavin.com/create-account' successfully

2018-05-30 09:00:46 - [MESSAGE][PASSED] - Navigate to 'https://dev-front.instavin.com/create-account' successfully

2018-05-30 09:00:46 - [TEST_STEP][PASSED] - verifyElementText: Actual text and expected text of test object 'Object Repository/LoggedOutReactPages/CreateAccount/Copy_Label' are matched.

2018-05-30 09:00:46 - [MESSAGE][PASSED] - Actual text and expected text of test object 'Object Repository/LoggedOutReactPages/CreateAccount/Copy_Label' are matched.

2018-05-30 09:00:46 - [TEST_STEP][PASSED] - verifyTextPresent: Text 'Buyer Information' is present on page 

2018-05-30 09:00:46 - [MESSAGE][PASSED] - Text 'Buyer Information' is present on page 

2018-05-30 09:00:46 - [TEST_STEP][PASSED] - verifyElementText: Actual text and expected text of test object 'Object Repository/LoggedOutReactPages/CreateAccount/Name_Label' are matched.

2018-05-30 09:00:46 - [MESSAGE][PASSED] - Actual text and expected text of test object 'Object Repository/LoggedOutReactPages/CreateAccount/Name_Label' are matched.

2018-05-30 09:00:46 - [TEST_STEP][PASSED] - verifyElementText: Actual text and expected text of test object 'Object Repository/LoggedOutReactPages/CreateAccount/Address_Label' are matched.

2018-05-30 09:00:46 - [MESSAGE][PASSED] - Actual text and expected text of test object 'Object Repository/LoggedOutReactPages/CreateAccount/Address_Label' are matched.

2018-05-30 09:00:46 - [TEST_STEP][PASSED] - setText: Text 'Consumer' is set on object 'Object Repository/LoggedOutReactPages/CreateAccount/FirstName_Input'

2018-05-30 09:00:46 - [MESSAGE][PASSED] - Text 'Consumer' is set on object 'Object Repository/LoggedOutReactPages/CreateAccount/FirstName_Input'

2018-05-30 09:00:46 - [TEST_STEP][PASSED] - setText: Text 'Last' is set on object 'Object Repository/LoggedOutReactPages/CreateAccount/LastName_Input'

2018-05-30 09:00:47 - [MESSAGE][PASSED] - Text 'Last' is set on object 'Object Repository/LoggedOutReactPages/CreateAccount/LastName_Input'

2018-05-30 09:00:47 - [TEST_STEP][PASSED] - setText: Text 'TestAddress' is set on object 'Object Repository/LoggedOutReactPages/CreateAccount/Address_Input'

2018-05-30 09:00:47 - [MESSAGE][PASSED] - Text 'TestAddress' is set on object 'Object Repository/LoggedOutReactPages/CreateAccount/Address_Input'

2018-05-30 09:00:47 - [TEST_STEP][PASSED] - setText: Text 'Autotest' is set on object 'Object Repository/LoggedOutReactPages/CreateAccount/City_Input'

2018-05-30 09:00:47 - [MESSAGE][PASSED] - Text 'Autotest' is set on object 'Object Repository/LoggedOutReactPages/CreateAccount/City_Input'

2018-05-30 09:00:47 - [TEST_STEP][PASSED] - selectOptionByValue: All options with value 'CA' are selected in object 'Object Repository/LoggedOutReactPages/CreateAccount/State_Dropdown' 

2018-05-30 09:00:48 - [MESSAGE][PASSED] - All options with value 'CA' are selected in object 'Object Repository/LoggedOutReactPages/CreateAccount/State_Dropdown' 

2018-05-30 09:00:48 - [TEST_STEP][PASSED] - setText: Text '11111' is set on object 'Object Repository/LoggedOutReactPages/CreateAccount/Zip_Input'

2018-05-30 09:00:48 - [MESSAGE][PASSED] - Text '11111' is set on object 'Object Repository/LoggedOutReactPages/CreateAccount/Zip_Input'

2018-05-30 09:00:48 - [TEST_STEP][PASSED] - check: Object 'Object Repository/LoggedOutReactPages/CreateAccount/Copy_Checkbox' is checked

2018-05-30 09:00:48 - [MESSAGE][PASSED] - Object 'Object Repository/LoggedOutReactPages/CreateAccount/Copy_Checkbox' is checked

2018-05-30 09:00:49 - [TEST_STEP][PASSED] - verifyElementAttributeValue: Object 'Object Repository/LoggedOutReactPages/CreateAccount/BillingFirstName_Input' has attribute 'value' with value 'Consumer'

2018-05-30 09:00:49 - [MESSAGE][WARNING] - Timeout '0' is invalid. Using default page load timeout: '30'

2018-05-30 09:00:49 - [MESSAGE][PASSED] - Object 'Object Repository/LoggedOutReactPages/CreateAccount/BillingFirstName_Input' has attribute 'value' with value 'Consumer'

2018-05-30 09:00:49 - [TEST_STEP][PASSED] - verifyElementHasAttribute: Object 'Object Repository/LoggedOutReactPages/CreateAccount/BillingFirstName_Input' has attribute 'disabled'

2018-05-30 09:00:49 - [MESSAGE][WARNING] - Timeout '0' is invalid. Using default page load timeout: '30'

2018-05-30 09:00:49 - [MESSAGE][PASSED] - Object 'Object Repository/LoggedOutReactPages/CreateAccount/BillingFirstName_Input' has attribute 'disabled'

2018-05-30 09:00:49 - [TEST_STEP][PASSED] - verifyElementAttributeValue: Object 'Object Repository/LoggedOutReactPages/CreateAccount/BillingLastName_Input' has attribute 'value' with value 'Last'

2018-05-30 09:00:49 - [MESSAGE][WARNING] - Timeout '0' is invalid. Using default page load timeout: '30'

2018-05-30 09:00:49 - [MESSAGE][PASSED] - Object 'Object Repository/LoggedOutReactPages/CreateAccount/BillingLastName_Input' has attribute 'value' with value 'Last'

2018-05-30 09:00:49 - [TEST_STEP][PASSED] - verifyElementHasAttribute: Object 'Object Repository/LoggedOutReactPages/CreateAccount/BillingLastName_Input' has attribute 'disabled'

2018-05-30 09:00:49 - [MESSAGE][WARNING] - Timeout '0' is invalid. Using default page load timeout: '30'

2018-05-30 09:00:49 - [MESSAGE][PASSED] - Object 'Object Repository/LoggedOutReactPages/CreateAccount/BillingLastName_Input' has attribute 'disabled'

2018-05-30 09:00:49 - [TEST_STEP][PASSED] - verifyElementAttributeValue: Object 'Object Repository/LoggedOutReactPages/CreateAccount/BillingAddress_Input' has attribute 'value' with value 'TestAddress'

2018-05-30 09:00:49 - [MESSAGE][WARNING] - Timeout '0' is invalid. Using default page load timeout: '30'

2018-05-30 09:00:49 - [MESSAGE][PASSED] - Object 'Object Repository/LoggedOutReactPages/CreateAccount/BillingAddress_Input' has attribute 'value' with value 'TestAddress'

2018-05-30 09:00:49 - [TEST_STEP][PASSED] - verifyElementHasAttribute: Object 'Object Repository/LoggedOutReactPages/CreateAccount/BillingAddress_Input' has attribute 'disabled'

2018-05-30 09:00:50 - [MESSAGE][WARNING] - Timeout '0' is invalid. Using default page load timeout: '30'

2018-05-30 09:00:50 - [MESSAGE][PASSED] - Object 'Object Repository/LoggedOutReactPages/CreateAccount/BillingAddress_Input' has attribute 'disabled'

2018-05-30 09:00:50 - [TEST_STEP][PASSED] - verifyElementAttributeValue: Object 'Object Repository/LoggedOutReactPages/CreateAccount/BillingZip_Input' has attribute 'value' with value '11111'

2018-05-30 09:00:50 - [MESSAGE][WARNING] - Timeout '0' is invalid. Using default page load timeout: '30'

2018-05-30 09:00:50 - [MESSAGE][PASSED] - Object 'Object Repository/LoggedOutReactPages/CreateAccount/BillingZip_Input' has attribute 'value' with value '11111'

2018-05-30 09:00:50 - [TEST_STEP][PASSED] - verifyElementHasAttribute: Object 'Object Repository/LoggedOutReactPages/CreateAccount/BillingZip_Input' has attribute 'disabled'

2018-05-30 09:00:50 - [MESSAGE][WARNING] - Timeout '0' is invalid. Using default page load timeout: '30'

2018-05-30 09:00:50 - [MESSAGE][PASSED] - Object 'Object Repository/LoggedOutReactPages/CreateAccount/BillingZip_Input' has attribute 'disabled'

2018-05-30 09:00:50 - [TEST_STEP][PASSED] - closeBrowser: Browser is closed

2018-05-30 09:00:51 - [MESSAGE][PASSED] - Browser is closed]]></system-out>
         <system-err><![CDATA[]]></system-err>
      </testcase>
      <testcase name="Test Cases/SignUpDealer - EmptyFields" classname="Test Cases/SignUpDealer - EmptyFields" status="PASSED">
         <system-out><![CDATA[2018-05-30 09:00:51 - [TEST_CASE][PASSED] - Test Cases/SignUpDealer - EmptyFields: Test Cases/SignUpDealer - EmptyFields

2018-05-30 09:00:51 - [TEST_STEP][PASSED] - openBrowser: Browser is opened with url: ''

2018-05-30 09:00:53 - [MESSAGE][PASSED] - Browser is opened with url: ''

2018-05-30 09:00:53 - [TEST_STEP][PASSED] - maximizeWindow: Current window maximized

2018-05-30 09:00:55 - [MESSAGE][PASSED] - Current window maximized

2018-05-30 09:00:55 - [TEST_STEP][PASSED] - Statement - StartURL = com.kms.katalon.core.webui.keyword.WebUiBuiltInKeywords.concatenate([StagingReact, "create-account"]): Concatenated string array: '['https://dev-front.instavin.com/','create-account']' into 'https://dev-front.instavin.com/create-account'

2018-05-30 09:00:55 - [MESSAGE][PASSED] - Concatenated string array: '['https://dev-front.instavin.com/','create-account']' into 'https://dev-front.instavin.com/create-account'

2018-05-30 09:00:55 - [TEST_STEP][PASSED] - navigateToUrl: Navigate to 'https://dev-front.instavin.com/create-account' successfully

2018-05-30 09:00:56 - [MESSAGE][PASSED] - Navigate to 'https://dev-front.instavin.com/create-account' successfully

2018-05-30 09:00:56 - [TEST_STEP][PASSED] - click: Object: 'Object Repository/LoggedOutReactPages/CreateAccount/Dealer_Button' is clicked on

2018-05-30 09:00:57 - [MESSAGE][PASSED] - Object: 'Object Repository/LoggedOutReactPages/CreateAccount/Dealer_Button' is clicked on

2018-05-30 09:00:57 - [TEST_STEP][PASSED] - verifyElementText: Actual text and expected text of test object 'Object Repository/LoggedOutReactPages/CreateAccount/Copy_Label' are matched.

2018-05-30 09:00:57 - [MESSAGE][PASSED] - Actual text and expected text of test object 'Object Repository/LoggedOutReactPages/CreateAccount/Copy_Label' are matched.

2018-05-30 09:00:57 - [TEST_STEP][PASSED] - verifyTextPresent: Text 'Dealer Information' is present on page 

2018-05-30 09:00:57 - [MESSAGE][PASSED] - Text 'Dealer Information' is present on page 

2018-05-30 09:00:57 - [TEST_STEP][PASSED] - verifyTextPresent: Text 'AuctionACCESS ID Number' is present on page 

2018-05-30 09:00:57 - [MESSAGE][PASSED] - Text 'AuctionACCESS ID Number' is present on page 

2018-05-30 09:00:57 - [TEST_STEP][PASSED] - verifyTextPresent: Text 'Business Name' is present on page 

2018-05-30 09:00:57 - [MESSAGE][PASSED] - Text 'Business Name' is present on page 

2018-05-30 09:00:57 - [TEST_STEP][PASSED] - click: Object: 'Object Repository/LoggedOutReactPages/CreateAccount/Submit_button' is clicked on

2018-05-30 09:00:58 - [MESSAGE][PASSED] - Object: 'Object Repository/LoggedOutReactPages/CreateAccount/Submit_button' is clicked on

2018-05-30 09:00:58 - [TEST_STEP][PASSED] - verifyElementPresent: Object 'Object Repository/LoggedOutReactPages/CreateAccount/BusinessFirstName_ErrorMessage' is present

2018-05-30 09:00:58 - [MESSAGE][WARNING] - Timeout '0' is invalid. Using default page load timeout: '30'

2018-05-30 09:00:58 - [MESSAGE][PASSED] - Object 'Object Repository/LoggedOutReactPages/CreateAccount/BusinessFirstName_ErrorMessage' is present

2018-05-30 09:00:58 - [TEST_STEP][PASSED] - verifyElementText: Actual text and expected text of test object 'Object Repository/LoggedOutReactPages/CreateAccount/BusinessFirstName_ErrorMessage' are matched.

2018-05-30 09:00:58 - [MESSAGE][PASSED] - Actual text and expected text of test object 'Object Repository/LoggedOutReactPages/CreateAccount/BusinessFirstName_ErrorMessage' are matched.

2018-05-30 09:00:58 - [TEST_STEP][PASSED] - verifyElementPresent: Object 'Object Repository/LoggedOutReactPages/CreateAccount/BusinessLastName_ErrorMessage' is present

2018-05-30 09:00:58 - [MESSAGE][WARNING] - Timeout '0' is invalid. Using default page load timeout: '30'

2018-05-30 09:00:58 - [MESSAGE][PASSED] - Object 'Object Repository/LoggedOutReactPages/CreateAccount/BusinessLastName_ErrorMessage' is present

2018-05-30 09:00:58 - [TEST_STEP][PASSED] - verifyElementText: Actual text and expected text of test object 'Object Repository/LoggedOutReactPages/CreateAccount/BusinessLastName_ErrorMessage' are matched.

2018-05-30 09:00:58 - [MESSAGE][PASSED] - Actual text and expected text of test object 'Object Repository/LoggedOutReactPages/CreateAccount/BusinessLastName_ErrorMessage' are matched.

[...]

2018-05-30 09:08:48 - [TEST_STEP][PASSED] - openBrowser: Browser is opened with url: ''

2018-05-30 09:08:50 - [MESSAGE][PASSED] - Browser is opened with url: ''

2018-05-30 09:08:50 - [TEST_STEP][PASSED] - maximizeWindow: Current window maximized

2018-05-30 09:08:51 - [MESSAGE][PASSED] - Current window maximized

2018-05-30 09:08:51 - [TEST_STEP][PASSED] - Statement - OrderURL = com.kms.katalon.core.webui.keyword.WebUiBuiltInKeywords.concatenate([StagingReact, "order/"]): Concatenated string array: '['https://dev-front.instavin.com/','order/']' into 'https://dev-front.instavin.com/order/'

2018-05-30 09:08:51 - [MESSAGE][PASSED] - Concatenated string array: '['https://dev-front.instavin.com/','order/']' into 'https://dev-front.instavin.com/order/'

2018-05-30 09:08:51 - [TEST_STEP][PASSED] - navigateToUrl: Navigate to 'https://dev-front.instavin.com/order/' successfully

2018-05-30 09:08:53 - [MESSAGE][PASSED] - Navigate to 'https://dev-front.instavin.com/order/' successfully

2018-05-30 09:08:53 - [TEST_STEP][PASSED] - waitForElementVisible: Object 'Object Repository/LoggedInReactPages/Order (react)/instaVINProducts_Label' is visible

2018-05-30 09:08:53 - [MESSAGE][WARNING] - Timeout '0' is invalid. Using default page load timeout: '30'

2018-05-30 09:08:53 - [MESSAGE][PASSED] - Object 'Object Repository/LoggedInReactPages/Order (react)/instaVINProducts_Label' is visible

2018-05-30 09:08:53 - [TEST_STEP][PASSED] - verifyElementText: Actual text and expected text of test object 'Object Repository/LoggedInReactPages/Order (react)/VtrPrice1' are matched.

2018-05-30 09:08:53 - [MESSAGE][PASSED] - Actual text and expected text of test object 'Object Repository/LoggedInReactPages/Order (react)/VtrPrice1' are matched.

2018-05-30 09:08:53 - [TEST_STEP][PASSED] - verifyElementText: Actual text and expected text of test object 'Object Repository/LoggedInReactPages/Order (react)/VtrPrice10' are matched.

2018-05-30 09:08:53 - [MESSAGE][PASSED] - Actual text and expected text of test object 'Object Repository/LoggedInReactPages/Order (react)/VtrPrice10' are matched.

2018-05-30 09:08:53 - [TEST_STEP][PASSED] - setText: Text 'SAJWA43C199B29849' is set on object 'Object Repository/LoggedInReactPages/Order (react)/VINCheckForm_EnterVINInput'

2018-05-30 09:08:54 - [MESSAGE][PASSED] - Text 'SAJWA43C199B29849' is set on object 'Object Repository/LoggedInReactPages/Order (react)/VINCheckForm_EnterVINInput'

2018-05-30 09:08:54 - [TEST_STEP][PASSED] - click: Object: 'Object Repository/LoggedInReactPages/Order (react)/CheckVin_ArrowButton' is clicked on

2018-05-30 09:08:54 - [MESSAGE][PASSED] - Object: 'Object Repository/LoggedInReactPages/Order (react)/CheckVin_ArrowButton' is clicked on

2018-05-30 09:08:54 - [TEST_STEP][PASSED] - waitForElementVisible: Object 'Object Repository/LoggedInReactPages/Order (react)/ChangeVIN_Cross' is visible

2018-05-30 09:08:54 - [MESSAGE][WARNING] - Timeout '0' is invalid. Using default page load timeout: '30'

2018-05-30 09:08:54 - [MESSAGE][PASSED] - Object 'Object Repository/LoggedInReactPages/Order (react)/ChangeVIN_Cross' is visible

2018-05-30 09:08:54 - [TEST_STEP][PASSED] - click: Object: 'Object Repository/LoggedInReactPages/Order (react)/FirstPricePoint' is clicked on

2018-05-30 09:08:54 - [MESSAGE][PASSED] - Object: 'Object Repository/LoggedInReactPages/Order (react)/FirstPricePoint' is clicked on

2018-05-30 09:08:54 - [TEST_STEP][PASSED] - Statement - Price = com.kms.katalon.core.webui.keyword.WebUiBuiltInKeywords.concatenate(["Only ", Vtr1]): Concatenated string array: '['Only ','$6.99']' into 'Only $6.99'

2018-05-30 09:08:54 - [MESSAGE][PASSED] - Concatenated string array: '['Only ','$6.99']' into 'Only $6.99'

2018-05-30 09:08:54 - [TEST_STEP][PASSED] - verifyElementText: Actual text and expected text of test object 'Object Repository/LoggedInReactPages/Order (react)/Confirm_Price' are matched.

2018-05-30 09:08:54 - [MESSAGE][PASSED] - Actual text and expected text of test object 'Object Repository/LoggedInReactPages/Order (react)/Confirm_Price' are matched.

2018-05-30 09:08:54 - [TEST_STEP][PASSED] - delay: Delayed 1 second(s)

2018-05-30 09:08:55 - [MESSAGE][PASSED] - Delayed 1 second(s)

2018-05-30 09:08:55 - [TEST_STEP][PASSED] - verifyElementVisible: Object 'Object Repository/LoggedInReactPages/Order (react)/OrderNow_OrangeButton' is visible

2018-05-30 09:08:55 - [MESSAGE][PASSED] - Object 'Object Repository/LoggedInReactPages/Order (react)/OrderNow_OrangeButton' is visible

2018-05-30 09:08:55 - [TEST_STEP][PASSED] - click: Object: 'Object Repository/LoggedInReactPages/Order (react)/OrderNow_OrangeButton' is clicked on

2018-05-30 09:08:56 - [MESSAGE][PASSED] - Object: 'Object Repository/LoggedInReactPages/Order (react)/OrderNow_OrangeButton' is clicked on

2018-05-30 09:08:56 - [TEST_STEP][PASSED] - waitForElementVisible: Object 'Object Repository/LoggedInReactPages/Order (react)/Purchase_Button' is visible

2018-05-30 09:08:56 - [MESSAGE][WARNING] - Timeout '0' is invalid. Using default page load timeout: '30'

2018-05-30 09:08:56 - [MESSAGE][PASSED] - Object 'Object Repository/LoggedInReactPages/Order (react)/Purchase_Button' is visible

2018-05-30 09:08:56 - [TEST_STEP][PASSED] - Statement - now = new java.util.Date(): null

2018-05-30 09:08:56 - [TEST_STEP][PASSED] - Statement - rnd = now.format("yyyyMMddHHmmssSSS").toString(): null

2018-05-30 09:08:56 - [TEST_STEP][PASSED] - Statement - Email = com.kms.katalon.core.webui.keyword.WebUiBuiltInKeywords.concatenate(["consumer", rnd, "@mailinator.com"]): Concatenated string array: '['consumer','20180530090856083','@mailinator.com']' into 'consumer20180530090856083@mailinator.com'

2018-05-30 09:08:56 - [MESSAGE][PASSED] - Concatenated string array: '['consumer','20180530090856083','@mailinator.com']' into 'consumer20180530090856083@mailinator.com'

2018-05-30 09:08:56 - [TEST_STEP][PASSED] - callTestCase: Call Test Case 'Test Cases/Base Tests/OrderSignUpBase' successfully

2018-05-30 09:08:56 - [TEST_CASE][PASSED] - Test Cases/Base Tests/OrderSignUpBase: Test Cases/Base Tests/OrderSignUpBase

2018-05-30 09:08:56 - [TEST_STEP][PASSED] - setText: Text 'Consumer' is set on object 'Object Repository/LoggedOutReactPages/OrderLoggedOut/FirstName_Input'

2018-05-30 09:08:56 - [MESSAGE][PASSED] - Text 'Consumer' is set on object 'Object Repository/LoggedOutReactPages/OrderLoggedOut/FirstName_Input'

2018-05-30 09:08:56 - [TEST_STEP][PASSED] - setText: Text 'Test' is set on object 'Object Repository/LoggedOutReactPages/OrderLoggedOut/LastName_Input'

2018-05-30 09:08:56 - [MESSAGE][PASSED] - Text 'Test' is set on object 'Object Repository/LoggedOutReactPages/OrderLoggedOut/LastName_Input'

2018-05-30 09:08:56 - [TEST_STEP][PASSED] - setText: Text 'test' is set on object 'Object Repository/LoggedOutReactPages/OrderLoggedOut/Address_Input'

2018-05-30 09:08:57 - [MESSAGE][PASSED] - Text 'test' is set on object 'Object Repository/LoggedOutReactPages/OrderLoggedOut/Address_Input'

2018-05-30 09:08:57 - [TEST_STEP][PASSED] - setText: Text 'test' is set on object 'Object Repository/LoggedOutReactPages/OrderLoggedOut/City_Input'

2018-05-30 09:08:57 - [MESSAGE][PASSED] - Text 'test' is set on object 'Object Repository/LoggedOutReactPages/OrderLoggedOut/City_Input'

2018-05-30 09:08:57 - [TEST_STEP][PASSED] - selectOptionByValue: All options with value 'TX' are selected in object 'Object Repository/LoggedOutReactPages/OrderLoggedOut/State_Dropdown' 

2018-05-30 09:08:58 - [MESSAGE][PASSED] - All options with value 'TX' are selected in object 'Object Repository/LoggedOutReactPages/OrderLoggedOut/State_Dropdown' 

2018-05-30 09:08:58 - [TEST_STEP][PASSED] - setText: Text '11111' is set on object 'Object Repository/LoggedOutReactPages/OrderLoggedOut/Zip_Input'

2018-05-30 09:08:58 - [MESSAGE][PASSED] - Text '11111' is set on object 'Object Repository/LoggedOutReactPages/OrderLoggedOut/Zip_Input'

2018-05-30 09:08:58 - [TEST_STEP][PASSED] - setText: Text '8001112233' is set on object 'Object Repository/LoggedOutReactPages/OrderLoggedOut/Phone_Input'

2018-05-30 09:08:58 - [MESSAGE][PASSED] - Text '8001112233' is set on object 'Object Repository/LoggedOutReactPages/OrderLoggedOut/Phone_Input'

2018-05-30 09:08:58 - [TEST_STEP][PASSED] - setText: Text 'consumer20180530090856083@mailinator.com' is set on object 'Object Repository/LoggedOutReactPages/OrderLoggedOut/Email_Input'

2018-05-30 09:08:59 - [MESSAGE][PASSED] - Text 'consumer20180530090856083@mailinator.com' is set on object 'Object Repository/LoggedOutReactPages/OrderLoggedOut/Email_Input'

2018-05-30 09:08:59 - [TEST_STEP][PASSED] - setText: Text '4000100011112224' is set on object 'Object Repository/LoggedOutReactPages/OrderLoggedOut/CcNumber_Input'

2018-05-30 09:08:59 - [MESSAGE][PASSED] - Text '4000100011112224' is set on object 'Object Repository/LoggedOutReactPages/OrderLoggedOut/CcNumber_Input'

2018-05-30 09:08:59 - [TEST_STEP][PASSED] - setText: Text '111' is set on object 'Object Repository/LoggedOutReactPages/OrderLoggedOut/CVV_Input'

2018-05-30 09:08:59 - [MESSAGE][PASSED] - Text '111' is set on object 'Object Repository/LoggedOutReactPages/OrderLoggedOut/CVV_Input'

2018-05-30 09:08:59 - [TEST_STEP][PASSED] - selectOptionByValue: All options with value '11' are selected in object 'Object Repository/LoggedOutReactPages/OrderLoggedOut/ExpirationMonth_Dropdown' 

2018-05-30 09:08:59 - [MESSAGE][PASSED] - All options with value '11' are selected in object 'Object Repository/LoggedOutReactPages/OrderLoggedOut/ExpirationMonth_Dropdown' 

2018-05-30 09:08:59 - [TEST_STEP][PASSED] - selectOptionByValue: All options with value '2020' are selected in object 'Object Repository/LoggedOutReactPages/OrderLoggedOut/ExpirationYear_Dropdown' 

2018-05-30 09:08:59 - [MESSAGE][PASSED] - All options with value '2020' are selected in object 'Object Repository/LoggedOutReactPages/OrderLoggedOut/ExpirationYear_Dropdown' 

2018-05-30 09:08:59 - [TEST_STEP][PASSED] - selectOptionByValue: All options with value '0' are selected in object 'Object Repository/LoggedOutReactPages/OrderLoggedOut/UserType_Dropdown' 

2018-05-30 09:09:00 - [MESSAGE][PASSED] - All options with value '0' are selected in object 'Object Repository/LoggedOutReactPages/OrderLoggedOut/UserType_Dropdown' 

2018-05-30 09:09:00 - [TEST_STEP][PASSED] - check: Object 'Object Repository/LoggedOutReactPages/OrderLoggedOut/Terms_Checkbox' is checked

2018-05-30 09:09:00 - [MESSAGE][PASSED] - Object 'Object Repository/LoggedOutReactPages/OrderLoggedOut/Terms_Checkbox' is checked

2018-05-30 09:09:00 - [TEST_STEP][PASSED] - click: Object: 'Object Repository/LoggedInReactPages/Order (react)/Purchase_Button' is clicked on

2018-05-30 09:09:00 - [MESSAGE][PASSED] - Object: 'Object Repository/LoggedInReactPages/Order (react)/Purchase_Button' is clicked on

2018-05-30 09:09:00 - [MESSAGE][PASSED] - Call Test Case 'Test Cases/Base Tests/OrderSignUpBase' successfully

2018-05-30 09:09:00 - [TEST_STEP][PASSED] - waitForElementClickable: Object 'Object Repository/LoggedInReactPages/Order (react)/CompletePurchase_Button' is clickable

2018-05-30 09:09:00 - [MESSAGE][WARNING] - Timeout '0' is invalid. Using default page load timeout: '30'

2018-05-30 09:09:00 - [MESSAGE][PASSED] - Object 'Object Repository/LoggedInReactPages/Order (react)/CompletePurchase_Button' is clickable

2018-05-30 09:09:01 - [TEST_STEP][PASSED] - verifyElementText: Actual text and expected text of test object 'Object Repository/LoggedInReactPages/Order (react)/Confirm_Price' are matched.

2018-05-30 09:09:01 - [MESSAGE][PASSED] - Actual text and expected text of test object 'Object Repository/LoggedInReactPages/Order (react)/Confirm_Price' are matched.

2018-05-30 09:09:01 - [TEST_STEP][PASSED] - click: Object: 'Object Repository/LoggedInReactPages/Order (react)/CompletePurchase_Button' is clicked on

2018-05-30 09:09:01 - [MESSAGE][PASSED] - Object: 'Object Repository/LoggedInReactPages/Order (react)/CompletePurchase_Button' is clicked on

2018-05-30 09:09:01 - [TEST_STEP][PASSED] - waitForElementPresent: Object 'Object Repository/LoggedInReactPages/Order (react)/VINCheckForm_EnterVINInput' is present

2018-05-30 09:09:01 - [MESSAGE][WARNING] - Timeout '0' is invalid. Using default page load timeout: '30'

2018-05-30 09:09:05 - [MESSAGE][PASSED] - Object 'Object Repository/LoggedInReactPages/Order (react)/VINCheckForm_EnterVINInput' is present

2018-05-30 09:09:05 - [TEST_STEP][PASSED] - waitForElementClickable: Object 'Object Repository/LoggedInReactPages/Order (react)/ViewReport_Button' is clickable

2018-05-30 09:09:05 - [MESSAGE][WARNING] - Timeout '0' is invalid. Using default page load timeout: '30'

2018-05-30 09:09:05 - [MESSAGE][PASSED] - Object 'Object Repository/LoggedInReactPages/Order (react)/ViewReport_Button' is clickable

2018-05-30 09:09:05 - [TEST_STEP][PASSED] - verifyTextPresent: Text 'Thank you for using instaVIN!' is present on page 

2018-05-30 09:09:06 - [MESSAGE][PASSED] - Text 'Thank you for using instaVIN!' is present on page 

2018-05-30 09:09:06 - [TEST_STEP][PASSED] - verifyElementText: Actual text and expected text of test object 'Object Repository/LoggedInReactPages/Order (react)/ViewReport - Vin' are matched.

2018-05-30 09:09:06 - [MESSAGE][PASSED] - Actual text and expected text of test object 'Object Repository/LoggedInReactPages/Order (react)/ViewReport - Vin' are matched.

2018-05-30 09:09:06 - [TEST_STEP][PASSED] - verifyElementText: Actual text and expected text of test object 'Object Repository/LoggedInReactPages/Order (react)/ViewReport - ReportType' are matched.

2018-05-30 09:09:06 - [MESSAGE][PASSED] - Actual text and expected text of test object 'Object Repository/LoggedInReactPages/Order (react)/ViewReport - ReportType' are matched.

2018-05-30 09:09:06 - [TEST_STEP][PASSED] - click: Object: 'Object Repository/LoggedInReactPages/Order (react)/ViewReport_Button' is clicked on

2018-05-30 09:09:07 - [MESSAGE][PASSED] - Object: 'Object Repository/LoggedInReactPages/Order (react)/ViewReport_Button' is clicked on

2018-05-30 09:09:07 - [TEST_STEP][PASSED] - waitForElementVisible: Object 'Object Repository/LoggedInReactPages/ReportSummary/ReportHeader' is visible

2018-05-30 09:09:07 - [MESSAGE][WARNING] - Timeout '0' is invalid. Using default page load timeout: '30'

2018-05-30 09:09:07 - [MESSAGE][PASSED] - Object 'Object Repository/LoggedInReactPages/ReportSummary/ReportHeader' is visible

2018-05-30 09:09:07 - [TEST_STEP][PASSED] - verifyElementText: Actual text and expected text of test object 'Object Repository/LoggedInReactPages/ReportSummary/VehicleTitle' are matched.

2018-05-30 09:09:07 - [MESSAGE][PASSED] - Actual text and expected text of test object 'Object Repository/LoggedInReactPages/ReportSummary/VehicleTitle' are matched.

2018-05-30 09:09:07 - [TEST_STEP][PASSED] - verifyElementAttributeValue: Object 'Object Repository/LoggedInReactPages/ReportSummary/ReportType' has attribute 'class' with value 'ReportGrade AlertSuccess'

2018-05-30 09:09:07 - [MESSAGE][WARNING] - Timeout '0' is invalid. Using default page load timeout: '30'

2018-05-30 09:09:07 - [MESSAGE][PASSED] - Object 'Object Repository/LoggedInReactPages/ReportSummary/ReportType' has attribute 'class' with value 'ReportGrade AlertSuccess'

2018-05-30 09:09:07 - [TEST_STEP][PASSED] - verifyElementText: Actual text and expected text of test object 'Object Repository/LoggedInReactPages/ReportSummary/ReportType' are matched.

2018-05-30 09:09:07 - [MESSAGE][PASSED] - Actual text and expected text of test object 'Object Repository/LoggedInReactPages/ReportSummary/ReportType' are matched.

2018-05-30 09:09:07 - [TEST_STEP][PASSED] - verifyElementAttributeValue: Object 'Object Repository/LoggedInReactPages/ReportSummary/VehicleSpecsStatus' has attribute 'class' with value 'SummaryAlertContainer AlertSuccess'

2018-05-30 09:09:07 - [MESSAGE][WARNING] - Timeout '0' is invalid. Using default page load timeout: '30'

2018-05-30 09:09:07 - [MESSAGE][PASSED] - Object 'Object Repository/LoggedInReactPages/ReportSummary/VehicleSpecsStatus' has attribute 'class' with value 'SummaryAlertContainer AlertSuccess'

2018-05-30 09:09:07 - [TEST_STEP][PASSED] - verifyElementAttributeValue: Object 'Object Repository/LoggedInReactPages/ReportSummary/JunkSalvageStatus' has attribute 'class' with value 'SummaryAlertContainer AlertSuccess'

2018-05-30 09:09:07 - [MESSAGE][WARNING] - Timeout '0' is invalid. Using default page load timeout: '30'

2018-05-30 09:09:07 - [MESSAGE][PASSED] - Object 'Object Repository/LoggedInReactPages/ReportSummary/JunkSalvageStatus' has attribute 'class' with value 'SummaryAlertContainer AlertSuccess'

2018-05-30 09:09:07 - [TEST_STEP][PASSED] - verifyElementAttributeValue: Object 'Object Repository/LoggedInReactPages/ReportSummary/TitleStatus' has attribute 'class' with value 'SummaryAlertContainer AlertSuccess'

2018-05-30 09:09:07 - [MESSAGE][WARNING] - Timeout '0' is invalid. Using default page load timeout: '30'

2018-05-30 09:09:07 - [MESSAGE][PASSED] - Object 'Object Repository/LoggedInReactPages/ReportSummary/TitleStatus' has attribute 'class' with value 'SummaryAlertContainer AlertSuccess'

2018-05-30 09:09:08 - [TEST_STEP][PASSED] - verifyElementAttributeValue: Object 'Object Repository/LoggedInReactPages/ReportSummary/OtherStatus' has attribute 'class' with value 'SummaryAlertContainer AlertSuccess'

2018-05-30 09:09:08 - [MESSAGE][WARNING] - Timeout '0' is invalid. Using default page load timeout: '30'

2018-05-30 09:09:08 - [MESSAGE][PASSED] - Object 'Object Repository/LoggedInReactPages/ReportSummary/OtherStatus' has attribute 'class' with value 'SummaryAlertContainer AlertSuccess'

2018-05-30 09:09:08 - [TEST_STEP][PASSED] - verifyElementAttributeValue: Object 'Object Repository/LoggedInReactPages/ReportSummary/VehicleRecallStatus' has attribute 'class' with value 'SummaryAlertContainer AlertSuccess'

2018-05-30 09:09:08 - [MESSAGE][WARNING] - Timeout '0' is invalid. Using default page load timeout: '30'

2018-05-30 09:09:08 - [MESSAGE][PASSED] - Object 'Object Repository/LoggedInReactPages/ReportSummary/VehicleRecallStatus' has attribute 'class' with value 'SummaryAlertContainer AlertSuccess'

2018-05-30 09:09:08 - [TEST_STEP][PASSED] - verifyElementText: Actual text and expected text of test object 'Object Repository/LoggedInReactPages/ReportSummary/OdometerStatus' are matched.

2018-05-30 09:09:08 - [MESSAGE][PASSED] - Actual text and expected text of test object 'Object Repository/LoggedInReactPages/ReportSummary/OdometerStatus' are matched.

2018-05-30 09:09:08 - [TEST_STEP][PASSED] - navigateToUrl: Navigate to 'https://dev-front.instavin.com/order/' successfully

2018-05-30 09:09:09 - [MESSAGE][PASSED] - Navigate to 'https://dev-front.instavin.com/order/' successfully

2018-05-30 09:09:09 - [TEST_STEP][PASSED] - verifyElementText: Actual text and expected text of test object 'Object Repository/LoggedInReactPages/Order (react)/VtrPrice1' are matched.

2018-05-30 09:09:10 - [MESSAGE][PASSED] - Actual text and expected text of test object 'Object Repository/LoggedInReactPages/Order (react)/VtrPrice1' are matched.

2018-05-30 09:09:10 - [TEST_STEP][PASSED] - verifyElementText: Actual text and expected text of test object 'Object Repository/LoggedInReactPages/Order (react)/VtrPrice10' are matched.

2018-05-30 09:09:10 - [MESSAGE][PASSED] - Actual text and expected text of test object 'Object Repository/LoggedInReactPages/Order (react)/VtrPrice10' are matched.

2018-05-30 09:09:10 - [TEST_STEP][PASSED] - closeBrowser: Browser is closed

2018-05-30 09:09:10 - [MESSAGE][PASSED] - Browser is closed]]></system-out>
         <system-err><![CDATA[]]></system-err>
      </testcase>
      <system-out><![CDATA[2018-05-30 08:59:17 - [TEST_SUITE][PASSED] - Staging Smoke Test Suite: Test Cases/Order - BuyVtr_NoProblems]]></system-out>
      <system-err><![CDATA[]]></system-err>
   </testsuite>
</testsuites>
