<?xml version="1.0" encoding="UTF-8"?>
<testsuites name="Staging Smoke Test Suite" time="538" tests="31" failures="2" errors="0">
   <testsuite name="Staging Smoke Test Suite" tests="31" failures="2" errors="0" time="538" timestamp="2018-05-24 13:33:10" hostname="KSavinkin - LPksavinkin.TC.local" id="Test Suites/Staging Smoke Test Suite">
      <properties>
         <property name="deviceName" value=""/>
         <property name="devicePlatform" value=""/>
         <property name="logFolder" value="C:\\Projects\\instaVIN\\tests\\instaVIN\\Reports\\Staging Smoke Test Suite\\20180524_133308"/>
         <property name="logFiles" value="C:\\Projects\\instaVIN\\tests\\instaVIN\\Reports\\Staging Smoke Test Suite\\20180524_133308\\execution0.log"/>
         <property name="attachments" value="C:\\Projects\\instaVIN\\tests\\instaVIN\\Reports\\Staging Smoke Test Suite\\20180524_133308\\1527158425723.png, C:\\Projects\\instaVIN\\tests\\instaVIN\\Reports\\Staging Smoke Test Suite\\20180524_133308\\1527158426137.png, C:\\Projects\\instaVIN\\tests\\instaVIN\\Reports\\Staging Smoke Test Suite\\20180524_133308\\1527158483020.png"/>
         <property name="hostName" value="KSavinkin - LPksavinkin.TC.local"/>
         <property name="os" value="Windows 7 64bit"/>
         <property name="katalonVersion" value="5.4.1.1"/>
         <property name="browser" value="Chrome 66.0.3359.181"/>
         <property name="hostAddress" value="192.168.102.8"/>
         <property name="sessionId" value="8bd3dea362779f24450cb80ba5554131"/>
         <property name="seleniumVersion" value="3.7.1"/>
         <property name="proxyInformation" value="ProxyInformation{proxyOption=NO_PROXY, proxyServerType=HTTP, password=, proxyServerAddress=, proxyServerPort=0}"/>
         <property name="platform" value="Windows 7"/>
      </properties>
      <testcase name="Test Cases/CheckHomeSliders" classname="Test Cases/CheckHomeSliders" status="PASSED">
         <system-out><![CDATA[2018-05-24 13:33:11 - [TEST_CASE][PASSED] - Test Cases/CheckHomeSliders: Test Cases/CheckHomeSliders

2018-05-24 13:33:11 - [TEST_STEP][PASSED] - openBrowser: Browser is opened with url: ''

2018-05-24 13:33:15 - [MESSAGE][PASSED] - Browser is opened with url: ''

2018-05-24 13:33:15 - [TEST_STEP][PASSED] - maximizeWindow: Current window maximized

2018-05-24 13:33:16 - [MESSAGE][PASSED] - Current window maximized

2018-05-24 13:33:16 - [TEST_STEP][PASSED] - navigateToUrl: Navigate to 'https://staging.instavin.com/' successfully

2018-05-24 13:33:20 - [MESSAGE][PASSED] - Navigate to 'https://staging.instavin.com/' successfully

2018-05-24 13:33:20 - [TEST_STEP][PASSED] - Statement - If (com.kms.katalon.core.webui.keyword.WebUiBuiltInKeywords.verifyElementAttributeValue(com.kms.katalon.core.testobject.ObjectRepository.findTestObject(LoggedOutReactPages/HomeLoggedOut/PromoSlide_Div), "class", "slick-slide slick-active slick-current", 0, CONTINUE_ON_FAILURE)): Object 'Object Repository/LoggedOutReactPages/HomeLoggedOut/Free_Link' is visible

2018-05-24 13:33:20 - [MESSAGE][WARNING] - Timeout '0' is invalid. Using default page load timeout: '30'

2018-05-24 13:33:20 - [MESSAGE][PASSED] - Object 'Object Repository/LoggedOutReactPages/HomeLoggedOut/PromoSlide_Div' has attribute 'class' with value 'slick-slide slick-active slick-current'

2018-05-24 13:33:20 - [TEST_STEP][PASSED] - click: Object: 'Object Repository/LoggedOutReactPages/HomeLoggedOut/SliderRightArrow' is clicked on

2018-05-24 13:33:20 - [MESSAGE][PASSED] - Object: 'Object Repository/LoggedOutReactPages/HomeLoggedOut/SliderRightArrow' is clicked on

2018-05-24 13:33:20 - [TEST_STEP][PASSED] - waitForElementVisible: Object 'Object Repository/LoggedOutReactPages/HomeLoggedOut/SecondAppsSlide' is visible

2018-05-24 13:33:20 - [MESSAGE][WARNING] - Timeout '0' is invalid. Using default page load timeout: '30'

2018-05-24 13:33:21 - [MESSAGE][PASSED] - Object 'Object Repository/LoggedOutReactPages/HomeLoggedOut/SecondAppsSlide' is visible

2018-05-24 13:33:21 - [TEST_STEP][PASSED] - waitForElementVisible: Object 'Object Repository/LoggedOutReactPages/HomeLoggedOut/FactoryOptions_Link' is visible

2018-05-24 13:33:21 - [MESSAGE][WARNING] - Timeout '0' is invalid. Using default page load timeout: '30'

2018-05-24 13:33:21 - [MESSAGE][PASSED] - Object 'Object Repository/LoggedOutReactPages/HomeLoggedOut/FactoryOptions_Link' is visible

2018-05-24 13:33:21 - [TEST_STEP][PASSED] - click: Object: 'Object Repository/LoggedOutReactPages/HomeLoggedOut/SliderLeftArrow' is clicked on

2018-05-24 13:33:21 - [MESSAGE][PASSED] - Object: 'Object Repository/LoggedOutReactPages/HomeLoggedOut/SliderLeftArrow' is clicked on

2018-05-24 13:33:21 - [TEST_STEP][PASSED] - waitForElementVisible: Object 'Object Repository/LoggedOutReactPages/HomeLoggedOut/Free_Link' is visible

2018-05-24 13:33:21 - [MESSAGE][WARNING] - Timeout '0' is invalid. Using default page load timeout: '30'

2018-05-24 13:33:26 - [MESSAGE][PASSED] - Object 'Object Repository/LoggedOutReactPages/HomeLoggedOut/Free_Link' is visible

2018-05-24 13:33:26 - [TEST_STEP][PASSED] - closeBrowser: Browser is closed

2018-05-24 13:33:26 - [MESSAGE][PASSED] - Browser is closed]]></system-out>
         <system-err><![CDATA[]]></system-err>
      </testcase>
      <testcase name="Test Cases/CheckVINfromHome - EmptyVIN" classname="Test Cases/CheckVINfromHome - EmptyVIN" status="PASSED">
         <system-out><![CDATA[2018-05-24 13:33:26 - [TEST_CASE][PASSED] - Test Cases/CheckVINfromHome - EmptyVIN: Test Cases/CheckVINfromHome - EmptyVIN

2018-05-24 13:33:27 - [TEST_STEP][PASSED] - openBrowser: Browser is opened with url: ''

2018-05-24 13:33:29 - [MESSAGE][PASSED] - Browser is opened with url: ''

2018-05-24 13:33:29 - [TEST_STEP][PASSED] - maximizeWindow: Current window maximized

2018-05-24 13:33:30 - [MESSAGE][PASSED] - Current window maximized

2018-05-24 13:33:30 - [TEST_STEP][PASSED] - navigateToUrl: Navigate to 'https://staging.instavin.com/' successfully

2018-05-24 13:33:33 - [MESSAGE][PASSED] - Navigate to 'https://staging.instavin.com/' successfully

2018-05-24 13:33:33 - [TEST_STEP][PASSED] - verifyElementPresent: Object 'Object Repository/LoggedOutReactPages/CommonElements/SignIn_Label' is present

2018-05-24 13:33:33 - [MESSAGE][WARNING] - Timeout '0' is invalid. Using default page load timeout: '30'

2018-05-24 13:33:33 - [MESSAGE][PASSED] - Object 'Object Repository/LoggedOutReactPages/CommonElements/SignIn_Label' is present

2018-05-24 13:33:33 - [TEST_STEP][PASSED] - verifyElementPresent: Object 'Object Repository/LoggedOutReactPages/HomeLoggedOut/EnterVIN_input' is present

2018-05-24 13:33:33 - [MESSAGE][WARNING] - Timeout '0' is invalid. Using default page load timeout: '30'

2018-05-24 13:33:33 - [MESSAGE][PASSED] - Object 'Object Repository/LoggedOutReactPages/HomeLoggedOut/EnterVIN_input' is present

2018-05-24 13:33:33 - [TEST_STEP][PASSED] - verifyElementAttributeValue: Object 'Object Repository/LoggedOutReactPages/HomeLoggedOut/EnterVIN_input' has attribute 'placeholder' with value 'ENTER VIN NUMBER'

2018-05-24 13:33:33 - [MESSAGE][WARNING] - Timeout '0' is invalid. Using default page load timeout: '30'

2018-05-24 13:33:33 - [MESSAGE][PASSED] - Object 'Object Repository/LoggedOutReactPages/HomeLoggedOut/EnterVIN_input' has attribute 'placeholder' with value 'ENTER VIN NUMBER'

2018-05-24 13:33:33 - [TEST_STEP][PASSED] - setText: Text '' is set on object 'Object Repository/LoggedOutReactPages/HomeLoggedOut/EnterVIN_input'

2018-05-24 13:33:33 - [MESSAGE][PASSED] - Text '' is set on object 'Object Repository/LoggedOutReactPages/HomeLoggedOut/EnterVIN_input'

2018-05-24 13:33:33 - [TEST_STEP][PASSED] - click: Object: 'Object Repository/LoggedOutReactPages/HomeLoggedOut/SubmitVinArrow_Button' is clicked on

2018-05-24 13:33:35 - [MESSAGE][PASSED] - Object: 'Object Repository/LoggedOutReactPages/HomeLoggedOut/SubmitVinArrow_Button' is clicked on

2018-05-24 13:33:35 - [TEST_STEP][PASSED] - waitForElementVisible: Object 'Object Repository/LoggedInReactPages/Order (react)/instaVINProducts_Label' is visible

2018-05-24 13:33:35 - [MESSAGE][WARNING] - Timeout '0' is invalid. Using default page load timeout: '30'

2018-05-24 13:33:35 - [MESSAGE][PASSED] - Object 'Object Repository/LoggedInReactPages/Order (react)/instaVINProducts_Label' is visible

2018-05-24 13:33:35 - [TEST_STEP][PASSED] - verifyElementPresent: Object 'Object Repository/LoggedInReactPages/Order (react)/SignIn_MenuLabel' is present

2018-05-24 13:33:35 - [MESSAGE][WARNING] - Timeout '0' is invalid. Using default page load timeout: '30'

2018-05-24 13:33:35 - [MESSAGE][PASSED] - Object 'Object Repository/LoggedInReactPages/Order (react)/SignIn_MenuLabel' is present

2018-05-24 13:33:35 - [TEST_STEP][PASSED] - verifyElementNotPresent: Web element with id: 'Object Repository/LoggedInReactPages/Order (react)/ChangeVIN_Cross' located by 'By.xpath: //div[@class='CloseButton']' is not present after '30' second(s)

2018-05-24 13:33:35 - [MESSAGE][WARNING] - Timeout '0' is invalid. Using default page load timeout: '30'

2018-05-24 13:33:35 - [MESSAGE][PASSED] - Web element with id: 'Object Repository/LoggedInReactPages/Order (react)/ChangeVIN_Cross' located by 'By.xpath: //div[@class='CloseButton']' is not present after '30' second(s)

2018-05-24 13:33:35 - [TEST_STEP][PASSED] - verifyElementText: Actual text and expected text of test object 'Object Repository/LoggedInReactPages/Order (react)/RecordsAreAvailable_Alert' are matched.

2018-05-24 13:33:35 - [MESSAGE][PASSED] - Actual text and expected text of test object 'Object Repository/LoggedInReactPages/Order (react)/RecordsAreAvailable_Alert' are matched.

2018-05-24 13:33:35 - [TEST_STEP][PASSED] - verifyElementNotPresent: Web element with id: 'Object Repository/LoggedInReactPages/Order (react)/VINdisplayed' located by 'By.xpath: //span[@id='VehicleSummary_Vin']' is not present after '30' second(s)

2018-05-24 13:33:35 - [MESSAGE][WARNING] - Timeout '0' is invalid. Using default page load timeout: '30'

2018-05-24 13:33:35 - [MESSAGE][PASSED] - Web element with id: 'Object Repository/LoggedInReactPages/Order (react)/VINdisplayed' located by 'By.xpath: //span[@id='VehicleSummary_Vin']' is not present after '30' second(s)

2018-05-24 13:33:35 - [TEST_STEP][PASSED] - verifyElementVisible: Object 'Object Repository/LoggedInReactPages/Order (react)/VINCheckForm_EnterVINInput' is visible

2018-05-24 13:33:35 - [MESSAGE][PASSED] - Object 'Object Repository/LoggedInReactPages/Order (react)/VINCheckForm_EnterVINInput' is visible

2018-05-24 13:33:35 - [TEST_STEP][PASSED] - verifyElementAttributeValue: Object 'Object Repository/LoggedInReactPages/Order (react)/VINCheckForm_EnterVINInput' has attribute 'value' with value ''

2018-05-24 13:33:35 - [MESSAGE][WARNING] - Timeout '0' is invalid. Using default page load timeout: '30'

2018-05-24 13:33:35 - [MESSAGE][PASSED] - Object 'Object Repository/LoggedInReactPages/Order (react)/VINCheckForm_EnterVINInput' has attribute 'value' with value ''

2018-05-24 13:33:35 - [TEST_STEP][PASSED] - verifyElementNotPresent: Web element with id: 'Object Repository/LoggedInReactPages/Order (react)/OrderNow_OrangeButton' located by 'By.xpath: //button[@class = 'btn btn-default HasRightIcon orderButtonSmall' and (text() = 'Order Now' or . = 'Order Now')]' is not present after '30' second(s)

2018-05-24 13:33:35 - [MESSAGE][WARNING] - Timeout '0' is invalid. Using default page load timeout: '30'

2018-05-24 13:33:35 - [MESSAGE][PASSED] - Web element with id: 'Object Repository/LoggedInReactPages/Order (react)/OrderNow_OrangeButton' located by 'By.xpath: //button[@class = 'btn btn-default HasRightIcon orderButtonSmall' and (text() = 'Order Now' or . = 'Order Now')]' is not present after '30' second(s)

2018-05-24 13:33:35 - [TEST_STEP][PASSED] - closeBrowser: Browser is closed

2018-05-24 13:33:36 - [MESSAGE][PASSED] - Browser is closed]]></system-out>
         <system-err><![CDATA[]]></system-err>
      </testcase>
      <testcase name="Test Cases/CheckVINfromHome - NoSticker" classname="Test Cases/CheckVINfromHome - NoSticker" status="PASSED">
         <system-out><![CDATA[2018-05-24 13:33:36 - [TEST_CASE][PASSED] - Test Cases/CheckVINfromHome - NoSticker: Test Cases/CheckVINfromHome - NoSticker

2018-05-24 13:33:36 - [TEST_STEP][PASSED] - openBrowser: Browser is opened with url: ''

2018-05-24 13:33:38 - [MESSAGE][PASSED] - Browser is opened with url: ''

2018-05-24 13:33:38 - [TEST_STEP][PASSED] - maximizeWindow: Current window maximized

2018-05-24 13:33:40 - [MESSAGE][PASSED] - Current window maximized

2018-05-24 13:33:40 - [TEST_STEP][PASSED] - navigateToUrl: Navigate to 'https://staging.instavin.com/' successfully

2018-05-24 13:33:42 - [MESSAGE][PASSED] - Navigate to 'https://staging.instavin.com/' successfully

2018-05-24 13:33:42 - [TEST_STEP][PASSED] - verifyElementPresent: Object 'Object Repository/LoggedOutReactPages/CommonElements/SignIn_Label' is present

2018-05-24 13:33:42 - [MESSAGE][WARNING] - Timeout '0' is invalid. Using default page load timeout: '30'

2018-05-24 13:33:42 - [MESSAGE][PASSED] - Object 'Object Repository/LoggedOutReactPages/CommonElements/SignIn_Label' is present

2018-05-24 13:33:42 - [TEST_STEP][PASSED] - verifyElementPresent: Object 'Object Repository/LoggedOutReactPages/HomeLoggedOut/EnterVIN_input' is present

2018-05-24 13:33:42 - [MESSAGE][WARNING] - Timeout '0' is invalid. Using default page load timeout: '30'

2018-05-24 13:33:42 - [MESSAGE][PASSED] - Object 'Object Repository/LoggedOutReactPages/HomeLoggedOut/EnterVIN_input' is present

2018-05-24 13:33:42 - [TEST_STEP][PASSED] - verifyElementAttributeValue: Object 'Object Repository/LoggedOutReactPages/HomeLoggedOut/EnterVIN_input' has attribute 'placeholder' with value 'ENTER VIN NUMBER'

2018-05-24 13:33:42 - [MESSAGE][WARNING] - Timeout '0' is invalid. Using default page load timeout: '30'

2018-05-24 13:33:42 - [MESSAGE][PASSED] - Object 'Object Repository/LoggedOutReactPages/HomeLoggedOut/EnterVIN_input' has attribute 'placeholder' with value 'ENTER VIN NUMBER'

2018-05-24 13:33:42 - [TEST_STEP][PASSED] - setText: Text 'JF1SF63591H766643' is set on object 'Object Repository/LoggedOutReactPages/HomeLoggedOut/EnterVIN_input'

2018-05-24 13:33:43 - [MESSAGE][PASSED] - Text 'JF1SF63591H766643' is set on object 'Object Repository/LoggedOutReactPages/HomeLoggedOut/EnterVIN_input'

2018-05-24 13:33:43 - [TEST_STEP][PASSED] - click: Object: 'Object Repository/LoggedOutReactPages/HomeLoggedOut/SubmitVinArrow_Button' is clicked on

2018-05-24 13:33:44 - [MESSAGE][PASSED] - Object: 'Object Repository/LoggedOutReactPages/HomeLoggedOut/SubmitVinArrow_Button' is clicked on

2018-05-24 13:33:44 - [TEST_STEP][PASSED] - waitForElementVisible: Object 'Object Repository/LoggedInReactPages/Order (react)/instaVINProducts_Label' is visible

2018-05-24 13:33:44 - [MESSAGE][WARNING] - Timeout '0' is invalid. Using default page load timeout: '30'

2018-05-24 13:33:44 - [MESSAGE][PASSED] - Object 'Object Repository/LoggedInReactPages/Order (react)/instaVINProducts_Label' is visible

2018-05-24 13:33:44 - [TEST_STEP][PASSED] - verifyElementVisible: Object 'Object Repository/LoggedInReactPages/Order (react)/ChangeVIN_Cross' is visible

2018-05-24 13:33:44 - [MESSAGE][PASSED] - Object 'Object Repository/LoggedInReactPages/Order (react)/ChangeVIN_Cross' is visible

2018-05-24 13:33:44 - [TEST_STEP][PASSED] - verifyElementPresent: Object 'Object Repository/LoggedInReactPages/Order (react)/SignIn_MenuLabel' is present

2018-05-24 13:33:44 - [MESSAGE][WARNING] - Timeout '0' is invalid. Using default page load timeout: '30'

2018-05-24 13:33:44 - [MESSAGE][PASSED] - Object 'Object Repository/LoggedInReactPages/Order (react)/SignIn_MenuLabel' is present

2018-05-24 13:33:44 - [TEST_STEP][PASSED] - verifyElementVisible: Object 'Object Repository/LoggedInReactPages/Order (react)/RecordsAreAvailable_Alert' is visible

2018-05-24 13:33:44 - [MESSAGE][PASSED] - Object 'Object Repository/LoggedInReactPages/Order (react)/RecordsAreAvailable_Alert' is visible

2018-05-24 13:33:44 - [TEST_STEP][PASSED] - verifyElementText: Actual text and expected text of test object 'Object Repository/LoggedInReactPages/Order (react)/RecordsAreAvailable_Alert' are matched.

2018-05-24 13:33:44 - [MESSAGE][PASSED] - Actual text and expected text of test object 'Object Repository/LoggedInReactPages/Order (react)/RecordsAreAvailable_Alert' are matched.

2018-05-24 13:33:44 - [TEST_STEP][PASSED] - verifyElementVisible: Object 'Object Repository/LoggedInReactPages/Order (react)/VINdisplayed' is visible

2018-05-24 13:33:44 - [MESSAGE][PASSED] - Object 'Object Repository/LoggedInReactPages/Order (react)/VINdisplayed' is visible

2018-05-24 13:33:44 - [TEST_STEP][PASSED] - verifyElementText: Actual text and expected text of test object 'Object Repository/LoggedInReactPages/Order (react)/VINdisplayed' are matched.

2018-05-24 13:33:44 - [MESSAGE][PASSED] - Actual text and expected text of test object 'Object Repository/LoggedInReactPages/Order (react)/VINdisplayed' are matched.

2018-05-24 13:33:44 - [TEST_STEP][PASSED] - verifyElementPresent: Object 'Object Repository/LoggedInReactPages/Order (react)/OrderNow_OrangeButton' is present

2018-05-24 13:33:44 - [MESSAGE][WARNING] - Timeout '0' is invalid. Using default page load timeout: '30'

2018-05-24 13:33:44 - [MESSAGE][PASSED] - Object 'Object Repository/LoggedInReactPages/Order (react)/OrderNow_OrangeButton' is present

2018-05-24 13:33:44 - [TEST_STEP][PASSED] - closeBrowser: Browser is closed

2018-05-24 13:33:45 - [MESSAGE][PASSED] - Browser is closed]]></system-out>
         <system-err><![CDATA[]]></system-err>
      </testcase>
      <testcase name="Test Cases/CheckVINfromHome - ShortVINwith9Digits" classname="Test Cases/CheckVINfromHome - ShortVINwith9Digits" status="PASSED">
         <system-out><![CDATA[2018-05-24 13:33:45 - [TEST_CASE][PASSED] - Test Cases/CheckVINfromHome - ShortVINwith9Digits: Test Cases/CheckVINfromHome - ShortVINwith9Digits

2018-05-24 13:33:45 - [TEST_STEP][PASSED] - openBrowser: Browser is opened with url: ''

2018-05-24 13:33:48 - [MESSAGE][PASSED] - Browser is opened with url: ''

2018-05-24 13:33:48 - [TEST_STEP][PASSED] - maximizeWindow: Current window maximized

2018-05-24 13:33:49 - [MESSAGE][PASSED] - Current window maximized

2018-05-24 13:33:49 - [TEST_STEP][PASSED] - navigateToUrl: Navigate to 'https://staging.instavin.com/' successfully

2018-05-24 13:33:51 - [MESSAGE][PASSED] - Navigate to 'https://staging.instavin.com/' successfully

2018-05-24 13:33:51 - [TEST_STEP][PASSED] - verifyElementPresent: Object 'Object Repository/LoggedOutReactPages/CommonElements/SignIn_Label' is present

2018-05-24 13:33:51 - [MESSAGE][WARNING] - Timeout '0' is invalid. Using default page load timeout: '30'

2018-05-24 13:33:51 - [MESSAGE][PASSED] - Object 'Object Repository/LoggedOutReactPages/CommonElements/SignIn_Label' is present

2018-05-24 13:33:51 - [TEST_STEP][PASSED] - verifyElementPresent: Object 'Object Repository/LoggedOutReactPages/HomeLoggedOut/EnterVIN_input' is present

2018-05-24 13:33:51 - [MESSAGE][WARNING] - Timeout '0' is invalid. Using default page load timeout: '30'

2018-05-24 13:33:51 - [MESSAGE][PASSED] - Object 'Object Repository/LoggedOutReactPages/HomeLoggedOut/EnterVIN_input' is present

2018-05-24 13:33:51 - [TEST_STEP][PASSED] - verifyElementAttributeValue: Object 'Object Repository/LoggedOutReactPages/HomeLoggedOut/EnterVIN_input' has attribute 'placeholder' with value 'ENTER VIN NUMBER'

2018-05-24 13:33:51 - [MESSAGE][WARNING] - Timeout '0' is invalid. Using default page load timeout: '30'

2018-05-24 13:33:52 - [MESSAGE][PASSED] - Object 'Object Repository/LoggedOutReactPages/HomeLoggedOut/EnterVIN_input' has attribute 'placeholder' with value 'ENTER VIN NUMBER'

2018-05-24 13:33:52 - [TEST_STEP][PASSED] - setText: Text '7J1012752' is set on object 'Object Repository/LoggedOutReactPages/HomeLoggedOut/EnterVIN_input'

2018-05-24 13:33:52 - [MESSAGE][PASSED] - Text '7J1012752' is set on object 'Object Repository/LoggedOutReactPages/HomeLoggedOut/EnterVIN_input'

2018-05-24 13:33:52 - [TEST_STEP][PASSED] - click: Object: 'Object Repository/LoggedOutReactPages/HomeLoggedOut/SubmitVinArrow_Button' is clicked on

2018-05-24 13:33:54 - [MESSAGE][PASSED] - Object: 'Object Repository/LoggedOutReactPages/HomeLoggedOut/SubmitVinArrow_Button' is clicked on

2018-05-24 13:33:54 - [TEST_STEP][PASSED] - waitForElementVisible: Object 'Object Repository/LoggedInReactPages/Order (react)/instaVINProducts_Label' is visible

2018-05-24 13:33:54 - [MESSAGE][WARNING] - Timeout '0' is invalid. Using default page load timeout: '30'

2018-05-24 13:33:54 - [MESSAGE][PASSED] - Object 'Object Repository/LoggedInReactPages/Order (react)/instaVINProducts_Label' is visible

2018-05-24 13:33:54 - [TEST_STEP][PASSED] - verifyElementNotPresent: Web element with id: 'Object Repository/LoggedInReactPages/Order (react)/ChangeVIN_Cross' located by 'By.xpath: //div[@class='CloseButton']' is not present after '30' second(s)

2018-05-24 13:33:54 - [MESSAGE][WARNING] - Timeout '0' is invalid. Using default page load timeout: '30'

2018-05-24 13:33:54 - [MESSAGE][PASSED] - Web element with id: 'Object Repository/LoggedInReactPages/Order (react)/ChangeVIN_Cross' located by 'By.xpath: //div[@class='CloseButton']' is not present after '30' second(s)

2018-05-24 13:33:54 - [TEST_STEP][PASSED] - verifyElementPresent: Object 'Object Repository/LoggedInReactPages/Order (react)/SignIn_MenuLabel' is present

2018-05-24 13:33:54 - [MESSAGE][WARNING] - Timeout '0' is invalid. Using default page load timeout: '30'

2018-05-24 13:33:54 - [MESSAGE][PASSED] - Object 'Object Repository/LoggedInReactPages/Order (react)/SignIn_MenuLabel' is present

2018-05-24 13:33:54 - [TEST_STEP][PASSED] - verifyElementVisible: Object 'Object Repository/LoggedInReactPages/Order (react)/RecordsAreAvailable_Alert' is visible

2018-05-24 13:33:54 - [MESSAGE][PASSED] - Object 'Object Repository/LoggedInReactPages/Order (react)/RecordsAreAvailable_Alert' is visible

2018-05-24 13:33:54 - [TEST_STEP][PASSED] - verifyElementText: Actual text and expected text of test object 'Object Repository/LoggedInReactPages/Order (react)/RecordsAreAvailable_Alert' are matched.

2018-05-24 13:33:54 - [MESSAGE][PASSED] - Actual text and expected text of test object 'Object Repository/LoggedInReactPages/Order (react)/RecordsAreAvailable_Alert' are matched.

2018-05-24 13:33:54 - [TEST_STEP][PASSED] - verifyElementNotPresent: Web element with id: 'Object Repository/LoggedInReactPages/Order (react)/VINdisplayed' located by 'By.xpath: //span[@id='VehicleSummary_Vin']' is not present after '30' second(s)

2018-05-24 13:33:54 - [MESSAGE][WARNING] - Timeout '0' is invalid. Using default page load timeout: '30'

2018-05-24 13:33:54 - [MESSAGE][PASSED] - Web element with id: 'Object Repository/LoggedInReactPages/Order (react)/VINdisplayed' located by 'By.xpath: //span[@id='VehicleSummary_Vin']' is not present after '30' second(s)

2018-05-24 13:33:54 - [TEST_STEP][PASSED] - verifyElementVisible: Object 'Object Repository/LoggedInReactPages/Order (react)/VINCheckForm_EnterVINInput' is visible

2018-05-24 13:33:55 - [MESSAGE][PASSED] - Object 'Object Repository/LoggedInReactPages/Order (react)/VINCheckForm_EnterVINInput' is visible

2018-05-24 13:33:55 - [TEST_STEP][PASSED] - verifyElementAttributeValue: Object 'Object Repository/LoggedInReactPages/Order (react)/VINCheckForm_EnterVINInput' has attribute 'value' with value '7J1012752'

2018-05-24 13:33:55 - [MESSAGE][WARNING] - Timeout '0' is invalid. Using default page load timeout: '30'

2018-05-24 13:33:55 - [MESSAGE][PASSED] - Object 'Object Repository/LoggedInReactPages/Order (react)/VINCheckForm_EnterVINInput' has attribute 'value' with value '7J1012752'

2018-05-24 13:33:55 - [TEST_STEP][PASSED] - verifyElementPresent: Object 'Object Repository/LoggedInReactPages/Order (react)/OrderNow_OrangeButton' is present

2018-05-24 13:33:55 - [MESSAGE][WARNING] - Timeout '0' is invalid. Using default page load timeout: '30'

2018-05-24 13:33:55 - [MESSAGE][PASSED] - Object 'Object Repository/LoggedInReactPages/Order (react)/OrderNow_OrangeButton' is present

2018-05-24 13:33:55 - [TEST_STEP][PASSED] - closeBrowser: Browser is closed

2018-05-24 13:33:55 - [MESSAGE][PASSED] - Browser is closed]]></system-out>
         <system-err><![CDATA[]]></system-err>
      </testcase>
      <testcase name="Test Cases/CheckVINfromHome - Success" classname="Test Cases/CheckVINfromHome - Success" status="PASSED">
         <system-out><![CDATA[2018-05-24 13:33:55 - [TEST_CASE][PASSED] - Test Cases/CheckVINfromHome - Success: Test Cases/CheckVINfromHome - Success

2018-05-24 13:33:55 - [TEST_STEP][PASSED] - openBrowser: Browser is opened with url: ''

2018-05-24 13:33:58 - [MESSAGE][PASSED] - Browser is opened with url: ''

2018-05-24 13:33:58 - [TEST_STEP][PASSED] - maximizeWindow: Current window maximized

2018-05-24 13:33:59 - [MESSAGE][PASSED] - Current window maximized

2018-05-24 13:33:59 - [TEST_STEP][PASSED] - navigateToUrl: Navigate to 'https://staging.instavin.com/' successfully

2018-05-24 13:34:01 - [MESSAGE][PASSED] - Navigate to 'https://staging.instavin.com/' successfully

2018-05-24 13:34:01 - [TEST_STEP][PASSED] - verifyElementPresent: Object 'Object Repository/LoggedOutReactPages/CommonElements/SignIn_Label' is present

2018-05-24 13:34:01 - [MESSAGE][WARNING] - Timeout '0' is invalid. Using default page load timeout: '30'

2018-05-24 13:34:01 - [MESSAGE][PASSED] - Object 'Object Repository/LoggedOutReactPages/CommonElements/SignIn_Label' is present

2018-05-24 13:34:01 - [TEST_STEP][PASSED] - verifyElementPresent: Object 'Object Repository/LoggedOutReactPages/HomeLoggedOut/EnterVIN_input' is present

2018-05-24 13:34:01 - [MESSAGE][WARNING] - Timeout '0' is invalid. Using default page load timeout: '30'

2018-05-24 13:34:01 - [MESSAGE][PASSED] - Object 'Object Repository/LoggedOutReactPages/HomeLoggedOut/EnterVIN_input' is present

2018-05-24 13:34:01 - [TEST_STEP][PASSED] - verifyElementAttributeValue: Object 'Object Repository/LoggedOutReactPages/HomeLoggedOut/EnterVIN_input' has attribute 'placeholder' with value 'ENTER VIN NUMBER'

2018-05-24 13:34:01 - [MESSAGE][WARNING] - Timeout '0' is invalid. Using default page load timeout: '30'

2018-05-24 13:34:01 - [MESSAGE][PASSED] - Object 'Object Repository/LoggedOutReactPages/HomeLoggedOut/EnterVIN_input' has attribute 'placeholder' with value 'ENTER VIN NUMBER'

2018-05-24 13:34:01 - [TEST_STEP][PASSED] - setText: Text '5UXKR0C52F0P15679' is set on object 'Object Repository/LoggedOutReactPages/HomeLoggedOut/EnterVIN_input'

2018-05-24 13:34:02 - [MESSAGE][PASSED] - Text '5UXKR0C52F0P15679' is set on object 'Object Repository/LoggedOutReactPages/HomeLoggedOut/EnterVIN_input'

2018-05-24 13:34:02 - [TEST_STEP][PASSED] - click: Object: 'Object Repository/LoggedOutReactPages/HomeLoggedOut/SubmitVinArrow_Button' is clicked on

2018-05-24 13:34:03 - [MESSAGE][PASSED] - Object: 'Object Repository/LoggedOutReactPages/HomeLoggedOut/SubmitVinArrow_Button' is clicked on

2018-05-24 13:34:03 - [TEST_STEP][PASSED] - waitForElementVisible: Object 'Object Repository/LoggedInReactPages/Order (react)/instaVINProducts_Label' is visible

2018-05-24 13:34:03 - [MESSAGE][WARNING] - Timeout '0' is invalid. Using default page load timeout: '30'

2018-05-24 13:34:03 - [MESSAGE][PASSED] - Object 'Object Repository/LoggedInReactPages/Order (react)/instaVINProducts_Label' is visible

2018-05-24 13:34:03 - [TEST_STEP][PASSED] - verifyElementVisible: Object 'Object Repository/LoggedInReactPages/Order (react)/ChangeVIN_Cross' is visible

2018-05-24 13:34:03 - [MESSAGE][PASSED] - Object 'Object Repository/LoggedInReactPages/Order (react)/ChangeVIN_Cross' is visible

2018-05-24 13:34:03 - [TEST_STEP][PASSED] - verifyElementPresent: Object 'Object Repository/LoggedInReactPages/Order (react)/SignIn_MenuLabel' is present

2018-05-24 13:34:03 - [MESSAGE][WARNING] - Timeout '0' is invalid. Using default page load timeout: '30'

2018-05-24 13:34:03 - [MESSAGE][PASSED] - Object 'Object Repository/LoggedInReactPages/Order (react)/SignIn_MenuLabel' is present

2018-05-24 13:34:03 - [TEST_STEP][PASSED] - verifyElementPresent: Object 'Object Repository/LoggedInReactPages/Order (react)/RecordsAreAvailable_Alert' is present

2018-05-24 13:34:03 - [MESSAGE][WARNING] - Timeout '0' is invalid. Using default page load timeout: '30'

2018-05-24 13:34:03 - [MESSAGE][PASSED] - Object 'Object Repository/LoggedInReactPages/Order (react)/RecordsAreAvailable_Alert' is present

2018-05-24 13:34:03 - [TEST_STEP][PASSED] - verifyElementText: Actual text and expected text of test object 'Object Repository/LoggedInReactPages/Order (react)/RecordsAreAvailable_Alert' are matched.

2018-05-24 13:34:03 - [MESSAGE][PASSED] - Actual text and expected text of test object 'Object Repository/LoggedInReactPages/Order (react)/RecordsAreAvailable_Alert' are matched.

2018-05-24 13:34:03 - [TEST_STEP][PASSED] - verifyElementVisible: Object 'Object Repository/LoggedInReactPages/Order (react)/VINdisplayed' is visible

2018-05-24 13:34:03 - [MESSAGE][PASSED] - Object 'Object Repository/LoggedInReactPages/Order (react)/VINdisplayed' is visible

2018-05-24 13:34:03 - [TEST_STEP][PASSED] - verifyElementText: Actual text and expected text of test object 'Object Repository/LoggedInReactPages/Order (react)/VINdisplayed' are matched.

2018-05-24 13:34:03 - [MESSAGE][PASSED] - Actual text and expected text of test object 'Object Repository/LoggedInReactPages/Order (react)/VINdisplayed' are matched.

2018-05-24 13:34:03 - [TEST_STEP][PASSED] - verifyElementPresent: Object 'Object Repository/LoggedInReactPages/Order (react)/OrderNow_OrangeButton' is present

2018-05-24 13:34:03 - [MESSAGE][WARNING] - Timeout '0' is invalid. Using default page load timeout: '30'

2018-05-24 13:34:03 - [MESSAGE][PASSED] - Object 'Object Repository/LoggedInReactPages/Order (react)/OrderNow_OrangeButton' is present

2018-05-24 13:34:03 - [TEST_STEP][PASSED] - closeBrowser: Browser is closed

2018-05-24 13:34:04 - [MESSAGE][PASSED] - Browser is closed]]></system-out>
         <system-err><![CDATA[]]></system-err>
      </testcase>
      <testcase name="Test Cases/SignUpConsumer - EmptyFields" classname="Test Cases/SignUpConsumer - EmptyFields" status="PASSED">
         <system-out><![CDATA[2018-05-24 13:34:04 - [TEST_CASE][PASSED] - Test Cases/SignUpConsumer - EmptyFields: Test Cases/SignUpConsumer - EmptyFields

2018-05-24 13:34:05 - [TEST_STEP][PASSED] - openBrowser: Browser is opened with url: ''

2018-05-24 13:34:07 - [MESSAGE][PASSED] - Browser is opened with url: ''

2018-05-24 13:34:07 - [TEST_STEP][PASSED] - maximizeWindow: Current window maximized

2018-05-24 13:34:08 - [MESSAGE][PASSED] - Current window maximized

2018-05-24 13:34:08 - [TEST_STEP][PASSED] - Statement - StartURL = com.kms.katalon.core.webui.keyword.WebUiBuiltInKeywords.concatenate([StagingReact, "create-account"]): Concatenated string array: '['https://staging.instavin.com/','create-account']' into 'https://staging.instavin.com/create-account'

2018-05-24 13:34:08 - [MESSAGE][PASSED] - Concatenated string array: '['https://staging.instavin.com/','create-account']' into 'https://staging.instavin.com/create-account'

2018-05-24 13:34:08 - [TEST_STEP][PASSED] - navigateToUrl: Navigate to 'https://staging.instavin.com/create-account' successfully

2018-05-24 13:34:11 - [MESSAGE][PASSED] - Navigate to 'https://staging.instavin.com/create-account' successfully

2018-05-24 13:34:11 - [TEST_STEP][PASSED] - verifyElementText: Actual text and expected text of test object 'Object Repository/LoggedOutReactPages/CreateAccount/Copy_Label' are matched.

2018-05-24 13:34:11 - [MESSAGE][PASSED] - Actual text and expected text of test object 'Object Repository/LoggedOutReactPages/CreateAccount/Copy_Label' are matched.

2018-05-24 13:34:11 - [TEST_STEP][PASSED] - verifyTextPresent: Text 'Buyer Information' is present on page 

2018-05-24 13:34:11 - [MESSAGE][PASSED] - Text 'Buyer Information' is present on page 

2018-05-24 13:34:11 - [TEST_STEP][PASSED] - verifyElementText: Actual text and expected text of test object 'Object Repository/LoggedOutReactPages/CreateAccount/Name_Label' are matched.

2018-05-24 13:34:11 - [MESSAGE][PASSED] - Actual text and expected text of test object 'Object Repository/LoggedOutReactPages/CreateAccount/Name_Label' are matched.

2018-05-24 13:34:11 - [TEST_STEP][PASSED] - verifyElementText: Actual text and expected text of test object 'Object Repository/LoggedOutReactPages/CreateAccount/Address_Label' are matched.

2018-05-24 13:34:11 - [MESSAGE][PASSED] - Actual text and expected text of test object 'Object Repository/LoggedOutReactPages/CreateAccount/Address_Label' are matched.

2018-05-24 13:34:11 - [TEST_STEP][PASSED] - click: Object: 'Object Repository/LoggedOutReactPages/CreateAccount/Submit_button' is clicked on

2018-05-24 13:34:11 - [MESSAGE][PASSED] - Object: 'Object Repository/LoggedOutReactPages/CreateAccount/Submit_button' is clicked on

2018-05-24 13:34:11 - [TEST_STEP][PASSED] - verifyElementPresent: Object 'Object Repository/LoggedOutReactPages/CreateAccount/FirstName_ErrorMessage' is present

2018-05-24 13:34:11 - [MESSAGE][WARNING] - Timeout '0' is invalid. Using default page load timeout: '30'

2018-05-24 13:34:11 - [MESSAGE][PASSED] - Object 'Object Repository/LoggedOutReactPages/CreateAccount/FirstName_ErrorMessage' is present

2018-05-24 13:34:11 - [TEST_STEP][PASSED] - verifyElementText: Actual text and expected text of test object 'Object Repository/LoggedOutReactPages/CreateAccount/FirstName_ErrorMessage' are matched.

2018-05-24 13:34:11 - [MESSAGE][PASSED] - Actual text and expected text of test object 'Object Repository/LoggedOutReactPages/CreateAccount/FirstName_ErrorMessage' are matched.

2018-05-24 13:34:11 - [TEST_STEP][PASSED] - verifyElementPresent: Object 'Object Repository/LoggedOutReactPages/CreateAccount/LastName_ErrorMessage' is present

2018-05-24 13:34:11 - [MESSAGE][WARNING] - Timeout '0' is invalid. Using default page load timeout: '30'

2018-05-24 13:34:11 - [MESSAGE][PASSED] - Object 'Object Repository/LoggedOutReactPages/CreateAccount/LastName_ErrorMessage' is present

2018-05-24 13:34:11 - [TEST_STEP][PASSED] - verifyElementText: Actual text and expected text of test object 'Object Repository/LoggedOutReactPages/CreateAccount/LastName_ErrorMessage' are matched.

2018-05-24 13:34:11 - [MESSAGE][PASSED] - Actual text and expected text of test object 'Object Repository/LoggedOutReactPages/CreateAccount/LastName_ErrorMessage' are matched.

2018-05-24 13:34:11 - [TEST_STEP][PASSED] - verifyElementPresent: Object 'Object Repository/LoggedOutReactPages/CreateAccount/Address_ErrorMessage' is present

2018-05-24 13:34:11 - [MESSAGE][WARNING] - Timeout '0' is invalid. Using default page load timeout: '30'

2018-05-24 13:34:12 - [MESSAGE][PASSED] - Object 'Object Repository/LoggedOutReactPages/CreateAccount/Address_ErrorMessage' is present

2018-05-24 13:34:12 - [TEST_STEP][PASSED] - verifyElementText: Actual text and expected text of test object 'Object Repository/LoggedOutReactPages/CreateAccount/Address_ErrorMessage' are matched.

2018-05-24 13:34:12 - [MESSAGE][PASSED] - Actual text and expected text of test object 'Object Repository/LoggedOutReactPages/CreateAccount/Address_ErrorMessage' are matched.

2018-05-24 13:34:12 - [TEST_STEP][PASSED] - verifyElementPresent: Object 'Object Repository/LoggedOutReactPages/CreateAccount/City_ErrorMessage' is present

2018-05-24 13:34:12 - [MESSAGE][WARNING] - Timeout '0' is invalid. Using default page load timeout: '30'

2018-05-24 13:34:12 - [MESSAGE][PASSED] - Object 'Object Repository/LoggedOutReactPages/CreateAccount/City_ErrorMessage' is present

2018-05-24 13:34:12 - [TEST_STEP][PASSED] - verifyElementText: Actual text and expected text of test object 'Object Repository/LoggedOutReactPages/CreateAccount/City_ErrorMessage' are matched.

2018-05-24 13:34:12 - [MESSAGE][PASSED] - Actual text and expected text of test object 'Object Repository/LoggedOutReactPages/CreateAccount/City_ErrorMessage' are matched.

2018-05-24 13:34:12 - [TEST_STEP][PASSED] - verifyElementPresent: Object 'Object Repository/LoggedOutReactPages/CreateAccount/State_ErrorMessage' is present

2018-05-24 13:34:12 - [MESSAGE][WARNING] - Timeout '0' is invalid. Using default page load timeout: '30'

2018-05-24 13:34:12 - [MESSAGE][PASSED] - Object 'Object Repository/LoggedOutReactPages/CreateAccount/State_ErrorMessage' is present

2018-05-24 13:34:12 - [TEST_STEP][PASSED] - verifyElementText: Actual text and expected text of test object 'Object Repository/LoggedOutReactPages/CreateAccount/State_ErrorMessage' are matched.

2018-05-24 13:34:12 - [MESSAGE][PASSED] - Actual text and expected text of test object 'Object Repository/LoggedOutReactPages/CreateAccount/State_ErrorMessage' are matched.

2018-05-24 13:34:12 - [TEST_STEP][PASSED] - verifyElementPresent: Object 'Object Repository/LoggedOutReactPages/CreateAccount/Zip_ErrorMessage' is present

2018-05-24 13:34:12 - [MESSAGE][WARNING] - Timeout '0' is invalid. Using default page load timeout: '30'

2018-05-24 13:34:12 - [MESSAGE][PASSED] - Object 'Object Repository/LoggedOutReactPages/CreateAccount/Zip_ErrorMessage' is present

2018-05-24 13:34:12 - [TEST_STEP][PASSED] - verifyElementText: Actual text and expected text of test object 'Object Repository/LoggedOutReactPages/CreateAccount/Zip_ErrorMessage' are matched.

2018-05-24 13:34:13 - [MESSAGE][PASSED] - Actual text and expected text of test object 'Object Repository/LoggedOutReactPages/CreateAccount/Zip_ErrorMessage' are matched.

2018-05-24 13:34:13 - [TEST_STEP][PASSED] - verifyElementPresent: Object 'Object Repository/LoggedOutReactPages/CreateAccount/Phone_ErrorMessage' is present

2018-05-24 13:34:13 - [MESSAGE][WARNING] - Timeout '0' is invalid. Using default page load timeout: '30'

2018-05-24 13:34:13 - [MESSAGE][PASSED] - Object 'Object Repository/LoggedOutReactPages/CreateAccount/Phone_ErrorMessage' is present

2018-05-24 13:34:13 - [TEST_STEP][PASSED] - verifyElementText: Actual text and expected text of test object 'Object Repository/LoggedOutReactPages/CreateAccount/Phone_ErrorMessage' are matched.

2018-05-24 13:34:13 - [MESSAGE][PASSED] - Actual text and expected text of test object 'Object Repository/LoggedOutReactPages/CreateAccount/Phone_ErrorMessage' are matched.

2018-05-24 13:34:13 - [TEST_STEP][PASSED] - verifyElementPresent: Object 'Object Repository/LoggedOutReactPages/CreateAccount/BillingFirstName_ErrorMessage' is present

2018-05-24 13:34:13 - [MESSAGE][WARNING] - Timeout '0' is invalid. Using default page load timeout: '30'

2018-05-24 13:34:13 - [MESSAGE][PASSED] - Object 'Object Repository/LoggedOutReactPages/CreateAccount/BillingFirstName_ErrorMessage' is present

2018-05-24 13:34:13 - [TEST_STEP][PASSED] - verifyElementText: Actual text and expected text of test object 'Object Repository/LoggedOutReactPages/CreateAccount/BillingFirstName_ErrorMessage' are matched.

2018-05-24 13:34:13 - [MESSAGE][PASSED] - Actual text and expected text of test object 'Object Repository/LoggedOutReactPages/CreateAccount/BillingFirstName_ErrorMessage' are matched.

2018-05-24 13:34:13 - [TEST_STEP][PASSED] - verifyElementPresent: Object 'Object Repository/LoggedOutReactPages/CreateAccount/BillingLastName_ErrorMessage' is present

2018-05-24 13:34:13 - [MESSAGE][WARNING] - Timeout '0' is invalid. Using default page load timeout: '30'

2018-05-24 13:34:13 - [MESSAGE][PASSED] - Object 'Object Repository/LoggedOutReactPages/CreateAccount/BillingLastName_ErrorMessage' is present

2018-05-24 13:34:13 - [TEST_STEP][PASSED] - verifyElementText: Actual text and expected text of test object 'Object Repository/LoggedOutReactPages/CreateAccount/BillingLastName_ErrorMessage' are matched.

2018-05-24 13:34:13 - [MESSAGE][PASSED] - Actual text and expected text of test object 'Object Repository/LoggedOutReactPages/CreateAccount/BillingLastName_ErrorMessage' are matched.

2018-05-24 13:34:13 - [TEST_STEP][PASSED] - verifyElementPresent: Object 'Object Repository/LoggedOutReactPages/CreateAccount/BillingAddress_ErrorMessage' is present

2018-05-24 13:34:13 - [MESSAGE][WARNING] - Timeout '0' is invalid. Using default page load timeout: '30'

2018-05-24 13:34:13 - [MESSAGE][PASSED] - Object 'Object Repository/LoggedOutReactPages/CreateAccount/BillingAddress_ErrorMessage' is present

2018-05-24 13:34:13 - [TEST_STEP][PASSED] - verifyElementText: Actual text and expected text of test object 'Object Repository/LoggedOutReactPages/CreateAccount/BillingAddress_ErrorMessage' are matched.

2018-05-24 13:34:14 - [MESSAGE][PASSED] - Actual text and expected text of test object 'Object Repository/LoggedOutReactPages/CreateAccount/BillingAddress_ErrorMessage' are matched.

2018-05-24 13:34:14 - [TEST_STEP][PASSED] - verifyElementPresent: Object 'Object Repository/LoggedOutReactPages/CreateAccount/BillingZip_ErrorMessage' is present

2018-05-24 13:34:14 - [MESSAGE][WARNING] - Timeout '0' is invalid. Using default page load timeout: '30'

2018-05-24 13:34:14 - [MESSAGE][PASSED] - Object 'Object Repository/LoggedOutReactPages/CreateAccount/BillingZip_ErrorMessage' is present

2018-05-24 13:34:14 - [TEST_STEP][PASSED] - verifyElementText: Actual text and expected text of test object 'Object Repository/LoggedOutReactPages/CreateAccount/BillingZip_ErrorMessage' are matched.

2018-05-24 13:34:14 - [MESSAGE][PASSED] - Actual text and expected text of test object 'Object Repository/LoggedOutReactPages/CreateAccount/BillingZip_ErrorMessage' are matched.

2018-05-24 13:34:14 - [TEST_STEP][PASSED] - verifyElementPresent: Object 'Object Repository/LoggedOutReactPages/CreateAccount/CC_ErrorMessage' is present

2018-05-24 13:34:14 - [MESSAGE][WARNING] - Timeout '0' is invalid. Using default page load timeout: '30'

2018-05-24 13:34:14 - [MESSAGE][PASSED] - Object 'Object Repository/LoggedOutReactPages/CreateAccount/CC_ErrorMessage' is present

2018-05-24 13:34:14 - [TEST_STEP][PASSED] - verifyElementText: Actual text and expected text of test object 'Object Repository/LoggedOutReactPages/CreateAccount/CC_ErrorMessage' are matched.

2018-05-24 13:34:14 - [MESSAGE][PASSED] - Actual text and expected text of test object 'Object Repository/LoggedOutReactPages/CreateAccount/CC_ErrorMessage' are matched.

2018-05-24 13:34:14 - [TEST_STEP][PASSED] - verifyElementPresent: Object 'Object Repository/LoggedOutReactPages/CreateAccount/ExpirationMonth_ErrorMessage' is present

2018-05-24 13:34:15 - [MESSAGE][WARNING] - Timeout '0' is invalid. Using default page load timeout: '30'

2018-05-24 13:34:15 - [MESSAGE][PASSED] - Object 'Object Repository/LoggedOutReactPages/CreateAccount/ExpirationMonth_ErrorMessage' is present

2018-05-24 13:34:15 - [TEST_STEP][PASSED] - verifyElementText: Actual text and expected text of test object 'Object Repository/LoggedOutReactPages/CreateAccount/ExpirationMonth_ErrorMessage' are matched.

2018-05-24 13:34:15 - [MESSAGE][PASSED] - Actual text and expected text of test object 'Object Repository/LoggedOutReactPages/CreateAccount/ExpirationMonth_ErrorMessage' are matched.

2018-05-24 13:34:15 - [TEST_STEP][PASSED] - verifyElementPresent: Object 'Object Repository/LoggedOutReactPages/CreateAccount/CVV_ErrorMessage' is present

2018-05-24 13:34:15 - [MESSAGE][WARNING] - Timeout '0' is invalid. Using default page load timeout: '30'

2018-05-24 13:34:15 - [MESSAGE][PASSED] - Object 'Object Repository/LoggedOutReactPages/CreateAccount/CVV_ErrorMessage' is present

2018-05-24 13:34:15 - [TEST_STEP][PASSED] - verifyElementText: Actual text and expected text of test object 'Object Repository/LoggedOutReactPages/CreateAccount/CVV_ErrorMessage' are matched.

2018-05-24 13:34:15 - [MESSAGE][PASSED] - Actual text and expected text of test object 'Object Repository/LoggedOutReactPages/CreateAccount/CVV_ErrorMessage' are matched.

2018-05-24 13:34:15 - [TEST_STEP][PASSED] - verifyElementPresent: Object 'Object Repository/LoggedOutReactPages/CreateAccount/ExpirationYear_ErrorMessage' is present

2018-05-24 13:34:15 - [MESSAGE][WARNING] - Timeout '0' is invalid. Using default page load timeout: '30'

2018-05-24 13:34:15 - [MESSAGE][PASSED] - Object 'Object Repository/LoggedOutReactPages/CreateAccount/ExpirationYear_ErrorMessage' is present

2018-05-24 13:34:15 - [TEST_STEP][PASSED] - verifyElementText: Actual text and expected text of test object 'Object Repository/LoggedOutReactPages/CreateAccount/ExpirationYear_ErrorMessage' are matched.

2018-05-24 13:34:15 - [MESSAGE][PASSED] - Actual text and expected text of test object 'Object Repository/LoggedOutReactPages/CreateAccount/ExpirationYear_ErrorMessage' are matched.

2018-05-24 13:34:15 - [TEST_STEP][PASSED] - verifyElementPresent: Object 'Object Repository/LoggedOutReactPages/CreateAccount/Email_ErrorMessage' is present

2018-05-24 13:34:15 - [MESSAGE][WARNING] - Timeout '0' is invalid. Using default page load timeout: '30'

2018-05-24 13:34:16 - [MESSAGE][PASSED] - Object 'Object Repository/LoggedOutReactPages/CreateAccount/Email_ErrorMessage' is present

2018-05-24 13:34:16 - [TEST_STEP][PASSED] - verifyElementText: Actual text and expected text of test object 'Object Repository/LoggedOutReactPages/CreateAccount/Email_ErrorMessage' are matched.

2018-05-24 13:34:16 - [MESSAGE][PASSED] - Actual text and expected text of test object 'Object Repository/LoggedOutReactPages/CreateAccount/Email_ErrorMessage' are matched.

2018-05-24 13:34:16 - [TEST_STEP][PASSED] - verifyElementPresent: Object 'Object Repository/LoggedOutReactPages/CreateAccount/Password_ErrorMessage' is present

2018-05-24 13:34:16 - [MESSAGE][WARNING] - Timeout '0' is invalid. Using default page load timeout: '30'

2018-05-24 13:34:16 - [MESSAGE][PASSED] - Object 'Object Repository/LoggedOutReactPages/CreateAccount/Password_ErrorMessage' is present

2018-05-24 13:34:16 - [TEST_STEP][PASSED] - verifyElementText: Actual text and expected text of test object 'Object Repository/LoggedOutReactPages/CreateAccount/Password_ErrorMessage' are matched.

2018-05-24 13:34:16 - [MESSAGE][PASSED] - Actual text and expected text of test object 'Object Repository/LoggedOutReactPages/CreateAccount/Password_ErrorMessage' are matched.

2018-05-24 13:34:16 - [TEST_STEP][PASSED] - verifyElementPresent: Object 'Object Repository/LoggedOutReactPages/CreateAccount/AcceptTOS_ErrorMessage' is present

2018-05-24 13:34:16 - [MESSAGE][WARNING] - Timeout '0' is invalid. Using default page load timeout: '30'

2018-05-24 13:34:16 - [MESSAGE][PASSED] - Object 'Object Repository/LoggedOutReactPages/CreateAccount/AcceptTOS_ErrorMessage' is present

2018-05-24 13:34:16 - [TEST_STEP][PASSED] - verifyElementText: Actual text and expected text of test object 'Object Repository/LoggedOutReactPages/CreateAccount/AcceptTOS_ErrorMessage' are matched.

2018-05-24 13:34:17 - [MESSAGE][PASSED] - Actual text and expected text of test object 'Object Repository/LoggedOutReactPages/CreateAccount/AcceptTOS_ErrorMessage' are matched.

2018-05-24 13:34:17 - [TEST_STEP][PASSED] - closeBrowser: Browser is closed

2018-05-24 13:34:17 - [MESSAGE][PASSED] - Browser is closed]]></system-out>
         <system-err><![CDATA[]]></system-err>
      </testcase>
      <testcase name="Test Cases/SignUpConsumer - IncorrectEmail" classname="Test Cases/SignUpConsumer - IncorrectEmail" status="PASSED">
         <system-out><![CDATA[2018-05-24 13:34:17 - [TEST_CASE][PASSED] - Test Cases/SignUpConsumer - IncorrectEmail: Test Cases/SignUpConsumer - IncorrectEmail

2018-05-24 13:34:18 - [TEST_STEP][PASSED] - openBrowser: Browser is opened with url: ''

2018-05-24 13:34:20 - [MESSAGE][PASSED] - Browser is opened with url: ''

2018-05-24 13:34:20 - [TEST_STEP][PASSED] - maximizeWindow: Current window maximized

2018-05-24 13:34:21 - [MESSAGE][PASSED] - Current window maximized

2018-05-24 13:34:21 - [TEST_STEP][PASSED] - Statement - StartURL = com.kms.katalon.core.webui.keyword.WebUiBuiltInKeywords.concatenate([StagingReact, "create-account"]): Concatenated string array: '['https://staging.instavin.com/','create-account']' into 'https://staging.instavin.com/create-account'

2018-05-24 13:34:21 - [MESSAGE][PASSED] - Concatenated string array: '['https://staging.instavin.com/','create-account']' into 'https://staging.instavin.com/create-account'

2018-05-24 13:34:21 - [TEST_STEP][PASSED] - navigateToUrl: Navigate to 'https://staging.instavin.com/create-account' successfully

2018-05-24 13:34:25 - [MESSAGE][PASSED] - Navigate to 'https://staging.instavin.com/create-account' successfully

2018-05-24 13:34:25 - [TEST_STEP][PASSED] - verifyElementText: Actual text and expected text of test object 'Object Repository/LoggedOutReactPages/CreateAccount/Copy_Label' are matched.

2018-05-24 13:34:25 - [MESSAGE][PASSED] - Actual text and expected text of test object 'Object Repository/LoggedOutReactPages/CreateAccount/Copy_Label' are matched.

2018-05-24 13:34:25 - [TEST_STEP][PASSED] - verifyTextPresent: Text 'Buyer Information' is present on page 

2018-05-24 13:34:25 - [MESSAGE][PASSED] - Text 'Buyer Information' is present on page 

2018-05-24 13:34:25 - [TEST_STEP][PASSED] - Statement - now = new java.util.Date(): null

2018-05-24 13:34:25 - [TEST_STEP][PASSED] - Statement - rnd = now.format("yyyyMMddHHmmssSSS").toString(): null

2018-05-24 13:34:25 - [TEST_STEP][PASSED] - Statement - email = com.kms.katalon.core.webui.keyword.WebUiBuiltInKeywords.concatenate([rnd, "@mailinator.com"]): Concatenated string array: '['20180524133425440','@mailinator.com']' into '20180524133425440@mailinator.com'

2018-05-24 13:34:25 - [MESSAGE][PASSED] - Concatenated string array: '['20180524133425440','@mailinator.com']' into '20180524133425440@mailinator.com'

2018-05-24 13:34:25 - [TEST_STEP][PASSED] - setText: Text '20180524133425440' is set on object 'Object Repository/LoggedOutReactPages/CreateAccount/Email_Input'

2018-05-24 13:34:25 - [MESSAGE][PASSED] - Text '20180524133425440' is set on object 'Object Repository/LoggedOutReactPages/CreateAccount/Email_Input'

2018-05-24 13:34:25 - [TEST_STEP][PASSED] - setText: Text 'test' is set on object 'Object Repository/LoggedOutReactPages/CreateAccount/ConfirmEmail_Input'

2018-05-24 13:34:25 - [MESSAGE][PASSED] - Text 'test' is set on object 'Object Repository/LoggedOutReactPages/CreateAccount/ConfirmEmail_Input'

2018-05-24 13:34:25 - [TEST_STEP][PASSED] - click: Object: 'Object Repository/LoggedOutReactPages/CreateAccount/Password_Input' is clicked on

2018-05-24 13:34:26 - [MESSAGE][PASSED] - Object: 'Object Repository/LoggedOutReactPages/CreateAccount/Password_Input' is clicked on

2018-05-24 13:34:26 - [TEST_STEP][PASSED] - verifyElementPresent: Object 'Object Repository/LoggedOutReactPages/CreateAccount/Email_ErrorMessage' is present

2018-05-24 13:34:26 - [MESSAGE][WARNING] - Timeout '0' is invalid. Using default page load timeout: '30'

2018-05-24 13:34:26 - [MESSAGE][PASSED] - Object 'Object Repository/LoggedOutReactPages/CreateAccount/Email_ErrorMessage' is present

2018-05-24 13:34:26 - [TEST_STEP][PASSED] - verifyElementText: Actual text and expected text of test object 'Object Repository/LoggedOutReactPages/CreateAccount/Email_ErrorMessage' are matched.

2018-05-24 13:34:26 - [MESSAGE][PASSED] - Actual text and expected text of test object 'Object Repository/LoggedOutReactPages/CreateAccount/Email_ErrorMessage' are matched.

2018-05-24 13:34:26 - [TEST_STEP][PASSED] - verifyElementPresent: Object 'Object Repository/LoggedOutReactPages/CreateAccount/ConfirmEmail_ErrorMessage' is present

2018-05-24 13:34:26 - [MESSAGE][WARNING] - Timeout '0' is invalid. Using default page load timeout: '30'

2018-05-24 13:34:26 - [MESSAGE][PASSED] - Object 'Object Repository/LoggedOutReactPages/CreateAccount/ConfirmEmail_ErrorMessage' is present

2018-05-24 13:34:26 - [TEST_STEP][PASSED] - verifyElementText: Actual text and expected text of test object 'Object Repository/LoggedOutReactPages/CreateAccount/ConfirmEmail_ErrorMessage' are matched.

2018-05-24 13:34:26 - [MESSAGE][PASSED] - Actual text and expected text of test object 'Object Repository/LoggedOutReactPages/CreateAccount/ConfirmEmail_ErrorMessage' are matched.

2018-05-24 13:34:26 - [TEST_STEP][PASSED] - setText: Text '20180524133425440@mailinator.com' is set on object 'Object Repository/LoggedOutReactPages/CreateAccount/Email_Input'

2018-05-24 13:34:26 - [MESSAGE][PASSED] - Text '20180524133425440@mailinator.com' is set on object 'Object Repository/LoggedOutReactPages/CreateAccount/Email_Input'

2018-05-24 13:34:26 - [TEST_STEP][PASSED] - click: Object: 'Object Repository/LoggedOutReactPages/CreateAccount/Password_Input' is clicked on

2018-05-24 13:34:26 - [MESSAGE][PASSED] - Object: 'Object Repository/LoggedOutReactPages/CreateAccount/Password_Input' is clicked on

2018-05-24 13:34:26 - [TEST_STEP][PASSED] - verifyElementNotPresent: Web element with id: 'Object Repository/LoggedOutReactPages/CreateAccount/Email_ErrorMessage' located by 'By.xpath: //html//div[@id='AccountInfo']/div[1]/div[1]/div[2]/span[1]/span[1]' is not present after '30' second(s)

2018-05-24 13:34:26 - [MESSAGE][WARNING] - Timeout '0' is invalid. Using default page load timeout: '30'

2018-05-24 13:34:27 - [MESSAGE][PASSED] - Web element with id: 'Object Repository/LoggedOutReactPages/CreateAccount/Email_ErrorMessage' located by 'By.xpath: //html//div[@id='AccountInfo']/div[1]/div[1]/div[2]/span[1]/span[1]' is not present after '30' second(s)

2018-05-24 13:34:27 - [TEST_STEP][PASSED] - verifyElementPresent: Object 'Object Repository/LoggedOutReactPages/CreateAccount/ConfirmEmail_ErrorMessage' is present

2018-05-24 13:34:27 - [MESSAGE][WARNING] - Timeout '0' is invalid. Using default page load timeout: '30'

2018-05-24 13:34:27 - [MESSAGE][PASSED] - Object 'Object Repository/LoggedOutReactPages/CreateAccount/ConfirmEmail_ErrorMessage' is present

2018-05-24 13:34:27 - [TEST_STEP][PASSED] - verifyElementText: Actual text and expected text of test object 'Object Repository/LoggedOutReactPages/CreateAccount/ConfirmEmail_ErrorMessage' are matched.

2018-05-24 13:34:27 - [MESSAGE][PASSED] - Actual text and expected text of test object 'Object Repository/LoggedOutReactPages/CreateAccount/ConfirmEmail_ErrorMessage' are matched.

2018-05-24 13:34:27 - [TEST_STEP][PASSED] - setText: Text '20180524133425440@mailinator.com' is set on object 'Object Repository/LoggedOutReactPages/CreateAccount/ConfirmEmail_Input'

2018-05-24 13:34:28 - [MESSAGE][PASSED] - Text '20180524133425440@mailinator.com' is set on object 'Object Repository/LoggedOutReactPages/CreateAccount/ConfirmEmail_Input'

2018-05-24 13:34:28 - [TEST_STEP][PASSED] - click: Object: 'Object Repository/LoggedOutReactPages/CreateAccount/Password_Input' is clicked on

2018-05-24 13:34:28 - [MESSAGE][PASSED] - Object: 'Object Repository/LoggedOutReactPages/CreateAccount/Password_Input' is clicked on

2018-05-24 13:34:28 - [TEST_STEP][PASSED] - verifyElementNotPresent: Web element with id: 'Object Repository/LoggedOutReactPages/CreateAccount/Email_ErrorMessage' located by 'By.xpath: //html//div[@id='AccountInfo']/div[1]/div[1]/div[2]/span[1]/span[1]' is not present after '30' second(s)

2018-05-24 13:34:28 - [MESSAGE][WARNING] - Timeout '0' is invalid. Using default page load timeout: '30'

2018-05-24 13:34:28 - [MESSAGE][PASSED] - Web element with id: 'Object Repository/LoggedOutReactPages/CreateAccount/Email_ErrorMessage' located by 'By.xpath: //html//div[@id='AccountInfo']/div[1]/div[1]/div[2]/span[1]/span[1]' is not present after '30' second(s)

2018-05-24 13:34:28 - [TEST_STEP][PASSED] - verifyElementNotPresent: Web element with id: 'Object Repository/LoggedOutReactPages/CreateAccount/ConfirmEmail_ErrorMessage' located by 'By.xpath: //span[contains(text(),'Does not match the Email Address')]' is not present after '30' second(s)

2018-05-24 13:34:28 - [MESSAGE][WARNING] - Timeout '0' is invalid. Using default page load timeout: '30'

2018-05-24 13:34:28 - [MESSAGE][PASSED] - Web element with id: 'Object Repository/LoggedOutReactPages/CreateAccount/ConfirmEmail_ErrorMessage' located by 'By.xpath: //span[contains(text(),'Does not match the Email Address')]' is not present after '30' second(s)

2018-05-24 13:34:28 - [TEST_STEP][PASSED] - closeBrowser: Browser is closed

2018-05-24 13:34:28 - [MESSAGE][PASSED] - Browser is closed]]></system-out>
         <system-err><![CDATA[]]></system-err>
      </testcase>
      <testcase name="Test Cases/SignUpConsumer - ShortAndMissmatchedPass" classname="Test Cases/SignUpConsumer - ShortAndMissmatchedPass" status="PASSED">
         <system-out><![CDATA[2018-05-24 13:34:28 - [TEST_CASE][PASSED] - Test Cases/SignUpConsumer - ShortAndMissmatchedPass: Test Cases/SignUpConsumer - ShortAndMissmatchedPass

2018-05-24 13:34:29 - [TEST_STEP][PASSED] - openBrowser: Browser is opened with url: ''

2018-05-24 13:34:31 - [MESSAGE][PASSED] - Browser is opened with url: ''

2018-05-24 13:34:31 - [TEST_STEP][PASSED] - maximizeWindow: Current window maximized

2018-05-24 13:34:32 - [MESSAGE][PASSED] - Current window maximized

2018-05-24 13:34:32 - [TEST_STEP][PASSED] - Statement - StartURL = com.kms.katalon.core.webui.keyword.WebUiBuiltInKeywords.concatenate([StagingReact, "create-account"]): Concatenated string array: '['https://staging.instavin.com/','create-account']' into 'https://staging.instavin.com/create-account'

2018-05-24 13:34:32 - [MESSAGE][PASSED] - Concatenated string array: '['https://staging.instavin.com/','create-account']' into 'https://staging.instavin.com/create-account'

2018-05-24 13:34:32 - [TEST_STEP][PASSED] - navigateToUrl: Navigate to 'https://staging.instavin.com/create-account' successfully

2018-05-24 13:34:35 - [MESSAGE][PASSED] - Navigate to 'https://staging.instavin.com/create-account' successfully

2018-05-24 13:34:35 - [TEST_STEP][PASSED] - verifyElementText: Actual text and expected text of test object 'Object Repository/LoggedOutReactPages/CreateAccount/Copy_Label' are matched.

2018-05-24 13:34:35 - [MESSAGE][PASSED] - Actual text and expected text of test object 'Object Repository/LoggedOutReactPages/CreateAccount/Copy_Label' are matched.

2018-05-24 13:34:35 - [TEST_STEP][PASSED] - verifyTextPresent: Text 'Buyer Information' is present on page 

2018-05-24 13:34:35 - [MESSAGE][PASSED] - Text 'Buyer Information' is present on page 

2018-05-24 13:34:35 - [TEST_STEP][PASSED] - setText: Text '11' is set on object 'Object Repository/LoggedOutReactPages/CreateAccount/Password_Input'

2018-05-24 13:34:35 - [MESSAGE][PASSED] - Text '11' is set on object 'Object Repository/LoggedOutReactPages/CreateAccount/Password_Input'

2018-05-24 13:34:35 - [TEST_STEP][PASSED] - click: Object: 'Object Repository/LoggedOutReactPages/CreateAccount/Email_Input' is clicked on

2018-05-24 13:34:35 - [MESSAGE][PASSED] - Object: 'Object Repository/LoggedOutReactPages/CreateAccount/Email_Input' is clicked on

2018-05-24 13:34:35 - [TEST_STEP][PASSED] - verifyElementPresent: Object 'Object Repository/LoggedOutReactPages/CreateAccount/Password_ErrorMessage' is present

2018-05-24 13:34:35 - [MESSAGE][WARNING] - Timeout '0' is invalid. Using default page load timeout: '30'

2018-05-24 13:34:35 - [MESSAGE][PASSED] - Object 'Object Repository/LoggedOutReactPages/CreateAccount/Password_ErrorMessage' is present

2018-05-24 13:34:35 - [TEST_STEP][PASSED] - verifyElementText: Actual text and expected text of test object 'Object Repository/LoggedOutReactPages/CreateAccount/Password_ErrorMessage' are matched.

2018-05-24 13:34:35 - [MESSAGE][PASSED] - Actual text and expected text of test object 'Object Repository/LoggedOutReactPages/CreateAccount/Password_ErrorMessage' are matched.

2018-05-24 13:34:35 - [TEST_STEP][PASSED] - verifyElementNotPresent: Web element with id: 'Object Repository/LoggedOutReactPages/CreateAccount/ConfirmPassword_ErrorMessage' located by 'By.xpath: //div[@id='AccountInfo']//div[@class='FormSectionContainer']//div[@class='FieldComboBox Clear']//div[@class='Field_Standard']//span[@class='field-validation-error']//span' is not present after '30' second(s)

2018-05-24 13:34:35 - [MESSAGE][WARNING] - Timeout '0' is invalid. Using default page load timeout: '30'

2018-05-24 13:34:35 - [MESSAGE][PASSED] - Web element with id: 'Object Repository/LoggedOutReactPages/CreateAccount/ConfirmPassword_ErrorMessage' located by 'By.xpath: //div[@id='AccountInfo']//div[@class='FormSectionContainer']//div[@class='FieldComboBox Clear']//div[@class='Field_Standard']//span[@class='field-validation-error']//span' is not present after '30' second(s)

2018-05-24 13:34:35 - [TEST_STEP][PASSED] - setText: Text '111111' is set on object 'Object Repository/LoggedOutReactPages/CreateAccount/Password_Input'

2018-05-24 13:34:36 - [MESSAGE][PASSED] - Text '111111' is set on object 'Object Repository/LoggedOutReactPages/CreateAccount/Password_Input'

2018-05-24 13:34:36 - [TEST_STEP][PASSED] - click: Object: 'Object Repository/LoggedOutReactPages/CreateAccount/Email_Input' is clicked on

2018-05-24 13:34:36 - [MESSAGE][PASSED] - Object: 'Object Repository/LoggedOutReactPages/CreateAccount/Email_Input' is clicked on

2018-05-24 13:34:36 - [TEST_STEP][PASSED] - verifyElementNotPresent: Web element with id: 'Object Repository/LoggedOutReactPages/CreateAccount/Password_ErrorMessage' located by 'By.xpath: //html//div[@id='AccountInfo']/div[2]/div[1]/div[2]/span[1]/span[1]' is not present after '30' second(s)

2018-05-24 13:34:36 - [MESSAGE][WARNING] - Timeout '0' is invalid. Using default page load timeout: '30'

2018-05-24 13:34:36 - [MESSAGE][PASSED] - Web element with id: 'Object Repository/LoggedOutReactPages/CreateAccount/Password_ErrorMessage' located by 'By.xpath: //html//div[@id='AccountInfo']/div[2]/div[1]/div[2]/span[1]/span[1]' is not present after '30' second(s)

2018-05-24 13:34:36 - [TEST_STEP][PASSED] - verifyElementNotPresent: Web element with id: 'Object Repository/LoggedOutReactPages/CreateAccount/ConfirmPassword_ErrorMessage' located by 'By.xpath: //div[@id='AccountInfo']//div[@class='FormSectionContainer']//div[@class='FieldComboBox Clear']//div[@class='Field_Standard']//span[@class='field-validation-error']//span' is not present after '30' second(s)

2018-05-24 13:34:36 - [MESSAGE][WARNING] - Timeout '0' is invalid. Using default page load timeout: '30'

2018-05-24 13:34:36 - [MESSAGE][PASSED] - Web element with id: 'Object Repository/LoggedOutReactPages/CreateAccount/ConfirmPassword_ErrorMessage' located by 'By.xpath: //div[@id='AccountInfo']//div[@class='FormSectionContainer']//div[@class='FieldComboBox Clear']//div[@class='Field_Standard']//span[@class='field-validation-error']//span' is not present after '30' second(s)

2018-05-24 13:34:36 - [TEST_STEP][PASSED] - setText: Text '11' is set on object 'Object Repository/LoggedOutReactPages/CreateAccount/ConfirmPassword_Input'

2018-05-24 13:34:36 - [MESSAGE][PASSED] - Text '11' is set on object 'Object Repository/LoggedOutReactPages/CreateAccount/ConfirmPassword_Input'

2018-05-24 13:34:36 - [TEST_STEP][PASSED] - click: Object: 'Object Repository/LoggedOutReactPages/CreateAccount/Email_Input' is clicked on

2018-05-24 13:34:37 - [MESSAGE][PASSED] - Object: 'Object Repository/LoggedOutReactPages/CreateAccount/Email_Input' is clicked on

2018-05-24 13:34:37 - [TEST_STEP][PASSED] - verifyElementNotPresent: Web element with id: 'Object Repository/LoggedOutReactPages/CreateAccount/Password_ErrorMessage' located by 'By.xpath: //html//div[@id='AccountInfo']/div[2]/div[1]/div[2]/span[1]/span[1]' is not present after '30' second(s)

2018-05-24 13:34:37 - [MESSAGE][WARNING] - Timeout '0' is invalid. Using default page load timeout: '30'

2018-05-24 13:34:37 - [MESSAGE][PASSED] - Web element with id: 'Object Repository/LoggedOutReactPages/CreateAccount/Password_ErrorMessage' located by 'By.xpath: //html//div[@id='AccountInfo']/div[2]/div[1]/div[2]/span[1]/span[1]' is not present after '30' second(s)

2018-05-24 13:34:37 - [TEST_STEP][PASSED] - verifyElementPresent: Object 'Object Repository/LoggedOutReactPages/CreateAccount/ConfirmPassword_ErrorMessage' is present

2018-05-24 13:34:37 - [MESSAGE][WARNING] - Timeout '0' is invalid. Using default page load timeout: '30'

2018-05-24 13:34:37 - [MESSAGE][PASSED] - Object 'Object Repository/LoggedOutReactPages/CreateAccount/ConfirmPassword_ErrorMessage' is present

2018-05-24 13:34:37 - [TEST_STEP][PASSED] - verifyElementText: Actual text and expected text of test object 'Object Repository/LoggedOutReactPages/CreateAccount/ConfirmPassword_ErrorMessage' are matched.

2018-05-24 13:34:37 - [MESSAGE][PASSED] - Actual text and expected text of test object 'Object Repository/LoggedOutReactPages/CreateAccount/ConfirmPassword_ErrorMessage' are matched.

2018-05-24 13:34:37 - [TEST_STEP][PASSED] - setText: Text '111111' is set on object 'Object Repository/LoggedOutReactPages/CreateAccount/ConfirmPassword_Input'

2018-05-24 13:34:37 - [MESSAGE][PASSED] - Text '111111' is set on object 'Object Repository/LoggedOutReactPages/CreateAccount/ConfirmPassword_Input'

2018-05-24 13:34:37 - [TEST_STEP][PASSED] - click: Object: 'Object Repository/LoggedOutReactPages/CreateAccount/Email_Input' is clicked on

2018-05-24 13:34:37 - [MESSAGE][PASSED] - Object: 'Object Repository/LoggedOutReactPages/CreateAccount/Email_Input' is clicked on

2018-05-24 13:34:37 - [TEST_STEP][PASSED] - verifyElementNotPresent: Web element with id: 'Object Repository/LoggedOutReactPages/CreateAccount/Password_ErrorMessage' located by 'By.xpath: //html//div[@id='AccountInfo']/div[2]/div[1]/div[2]/span[1]/span[1]' is not present after '30' second(s)

2018-05-24 13:34:37 - [MESSAGE][WARNING] - Timeout '0' is invalid. Using default page load timeout: '30'

2018-05-24 13:34:37 - [MESSAGE][PASSED] - Web element with id: 'Object Repository/LoggedOutReactPages/CreateAccount/Password_ErrorMessage' located by 'By.xpath: //html//div[@id='AccountInfo']/div[2]/div[1]/div[2]/span[1]/span[1]' is not present after '30' second(s)

2018-05-24 13:34:37 - [TEST_STEP][PASSED] - verifyElementNotPresent: Web element with id: 'Object Repository/LoggedOutReactPages/CreateAccount/ConfirmPassword_ErrorMessage' located by 'By.xpath: //div[@id='AccountInfo']//div[@class='FormSectionContainer']//div[@class='FieldComboBox Clear']//div[@class='Field_Standard']//span[@class='field-validation-error']//span' is not present after '30' second(s)

2018-05-24 13:34:37 - [MESSAGE][WARNING] - Timeout '0' is invalid. Using default page load timeout: '30'

2018-05-24 13:34:37 - [MESSAGE][PASSED] - Web element with id: 'Object Repository/LoggedOutReactPages/CreateAccount/ConfirmPassword_ErrorMessage' located by 'By.xpath: //div[@id='AccountInfo']//div[@class='FormSectionContainer']//div[@class='FieldComboBox Clear']//div[@class='Field_Standard']//span[@class='field-validation-error']//span' is not present after '30' second(s)

2018-05-24 13:34:38 - [TEST_STEP][PASSED] - closeBrowser: Browser is closed

2018-05-24 13:34:38 - [MESSAGE][PASSED] - Browser is closed]]></system-out>
         <system-err><![CDATA[]]></system-err>
      </testcase>
      <testcase name="Test Cases/SignUpConsumer - CopyBuyer" classname="Test Cases/SignUpConsumer - CopyBuyer" status="PASSED">
         <system-out><![CDATA[2018-05-24 13:34:38 - [TEST_CASE][PASSED] - Test Cases/SignUpConsumer - CopyBuyer: Test Cases/SignUpConsumer - CopyBuyer

2018-05-24 13:34:39 - [TEST_STEP][PASSED] - openBrowser: Browser is opened with url: ''

2018-05-24 13:34:41 - [MESSAGE][PASSED] - Browser is opened with url: ''

2018-05-24 13:34:41 - [TEST_STEP][PASSED] - maximizeWindow: Current window maximized

2018-05-24 13:34:42 - [MESSAGE][PASSED] - Current window maximized

2018-05-24 13:34:42 - [TEST_STEP][PASSED] - Statement - StartURL = com.kms.katalon.core.webui.keyword.WebUiBuiltInKeywords.concatenate([StagingReact, "create-account"]): Concatenated string array: '['https://staging.instavin.com/','create-account']' into 'https://staging.instavin.com/create-account'

2018-05-24 13:34:42 - [MESSAGE][PASSED] - Concatenated string array: '['https://staging.instavin.com/','create-account']' into 'https://staging.instavin.com/create-account'

2018-05-24 13:34:42 - [TEST_STEP][PASSED] - navigateToUrl: Navigate to 'https://staging.instavin.com/create-account' successfully

2018-05-24 13:34:46 - [MESSAGE][PASSED] - Navigate to 'https://staging.instavin.com/create-account' successfully

2018-05-24 13:34:46 - [TEST_STEP][PASSED] - verifyElementText: Actual text and expected text of test object 'Object Repository/LoggedOutReactPages/CreateAccount/Copy_Label' are matched.

2018-05-24 13:34:46 - [MESSAGE][PASSED] - Actual text and expected text of test object 'Object Repository/LoggedOutReactPages/CreateAccount/Copy_Label' are matched.

2018-05-24 13:34:46 - [TEST_STEP][PASSED] - verifyTextPresent: Text 'Buyer Information' is present on page 

2018-05-24 13:34:46 - [MESSAGE][PASSED] - Text 'Buyer Information' is present on page 

2018-05-24 13:34:46 - [TEST_STEP][PASSED] - verifyElementText: Actual text and expected text of test object 'Object Repository/LoggedOutReactPages/CreateAccount/Name_Label' are matched.

2018-05-24 13:34:46 - [MESSAGE][PASSED] - Actual text and expected text of test object 'Object Repository/LoggedOutReactPages/CreateAccount/Name_Label' are matched.

2018-05-24 13:34:46 - [TEST_STEP][PASSED] - verifyElementText: Actual text and expected text of test object 'Object Repository/LoggedOutReactPages/CreateAccount/Address_Label' are matched.

2018-05-24 13:34:46 - [MESSAGE][PASSED] - Actual text and expected text of test object 'Object Repository/LoggedOutReactPages/CreateAccount/Address_Label' are matched.

2018-05-24 13:34:46 - [TEST_STEP][PASSED] - setText: Text 'Consumer' is set on object 'Object Repository/LoggedOutReactPages/CreateAccount/FirstName_Input'

2018-05-24 13:34:46 - [MESSAGE][PASSED] - Text 'Consumer' is set on object 'Object Repository/LoggedOutReactPages/CreateAccount/FirstName_Input'

2018-05-24 13:34:46 - [TEST_STEP][PASSED] - setText: Text 'Last' is set on object 'Object Repository/LoggedOutReactPages/CreateAccount/LastName_Input'

2018-05-24 13:34:46 - [MESSAGE][PASSED] - Text 'Last' is set on object 'Object Repository/LoggedOutReactPages/CreateAccount/LastName_Input'

2018-05-24 13:34:46 - [TEST_STEP][PASSED] - setText: Text 'TestAddress' is set on object 'Object Repository/LoggedOutReactPages/CreateAccount/Address_Input'

2018-05-24 13:34:47 - [MESSAGE][PASSED] - Text 'TestAddress' is set on object 'Object Repository/LoggedOutReactPages/CreateAccount/Address_Input'

2018-05-24 13:34:47 - [TEST_STEP][PASSED] - setText: Text 'Autotest' is set on object 'Object Repository/LoggedOutReactPages/CreateAccount/City_Input'

2018-05-24 13:34:47 - [MESSAGE][PASSED] - Text 'Autotest' is set on object 'Object Repository/LoggedOutReactPages/CreateAccount/City_Input'

2018-05-24 13:34:47 - [TEST_STEP][PASSED] - selectOptionByValue: All options with value 'CA' are selected in object 'Object Repository/LoggedOutReactPages/CreateAccount/State_Dropdown' 

2018-05-24 13:34:47 - [MESSAGE][PASSED] - All options with value 'CA' are selected in object 'Object Repository/LoggedOutReactPages/CreateAccount/State_Dropdown' 

2018-05-24 13:34:47 - [TEST_STEP][PASSED] - setText: Text '11111' is set on object 'Object Repository/LoggedOutReactPages/CreateAccount/Zip_Input'

2018-05-24 13:34:47 - [MESSAGE][PASSED] - Text '11111' is set on object 'Object Repository/LoggedOutReactPages/CreateAccount/Zip_Input'

2018-05-24 13:34:47 - [TEST_STEP][PASSED] - check: Object 'Object Repository/LoggedOutReactPages/CreateAccount/Copy_Checkbox' is checked

2018-05-24 13:34:47 - [MESSAGE][PASSED] - Object 'Object Repository/LoggedOutReactPages/CreateAccount/Copy_Checkbox' is checked

2018-05-24 13:34:47 - [TEST_STEP][PASSED] - verifyElementAttributeValue: Object 'Object Repository/LoggedOutReactPages/CreateAccount/BillingFirstName_Input' has attribute 'value' with value 'Consumer'

2018-05-24 13:34:47 - [MESSAGE][WARNING] - Timeout '0' is invalid. Using default page load timeout: '30'

2018-05-24 13:34:48 - [MESSAGE][PASSED] - Object 'Object Repository/LoggedOutReactPages/CreateAccount/BillingFirstName_Input' has attribute 'value' with value 'Consumer'

2018-05-24 13:34:48 - [TEST_STEP][PASSED] - verifyElementHasAttribute: Object 'Object Repository/LoggedOutReactPages/CreateAccount/BillingFirstName_Input' has attribute 'disabled'

2018-05-24 13:34:48 - [MESSAGE][WARNING] - Timeout '0' is invalid. Using default page load timeout: '30'

2018-05-24 13:34:48 - [MESSAGE][PASSED] - Object 'Object Repository/LoggedOutReactPages/CreateAccount/BillingFirstName_Input' has attribute 'disabled'

2018-05-24 13:34:48 - [TEST_STEP][PASSED] - verifyElementAttributeValue: Object 'Object Repository/LoggedOutReactPages/CreateAccount/BillingLastName_Input' has attribute 'value' with value 'Last'

2018-05-24 13:34:48 - [MESSAGE][WARNING] - Timeout '0' is invalid. Using default page load timeout: '30'

2018-05-24 13:34:48 - [MESSAGE][PASSED] - Object 'Object Repository/LoggedOutReactPages/CreateAccount/BillingLastName_Input' has attribute 'value' with value 'Last'

2018-05-24 13:34:48 - [TEST_STEP][PASSED] - verifyElementHasAttribute: Object 'Object Repository/LoggedOutReactPages/CreateAccount/BillingLastName_Input' has attribute 'disabled'

2018-05-24 13:34:48 - [MESSAGE][WARNING] - Timeout '0' is invalid. Using default page load timeout: '30'

2018-05-24 13:34:48 - [MESSAGE][PASSED] - Object 'Object Repository/LoggedOutReactPages/CreateAccount/BillingLastName_Input' has attribute 'disabled'

2018-05-24 13:34:48 - [TEST_STEP][PASSED] - verifyElementAttributeValue: Object 'Object Repository/LoggedOutReactPages/CreateAccount/BillingAddress_Input' has attribute 'value' with value 'TestAddress'

2018-05-24 13:34:48 - [MESSAGE][WARNING] - Timeout '0' is invalid. Using default page load timeout: '30'

2018-05-24 13:34:48 - [MESSAGE][PASSED] - Object 'Object Repository/LoggedOutReactPages/CreateAccount/BillingAddress_Input' has attribute 'value' with value 'TestAddress'

2018-05-24 13:34:48 - [TEST_STEP][PASSED] - verifyElementHasAttribute: Object 'Object Repository/LoggedOutReactPages/CreateAccount/BillingAddress_Input' has attribute 'disabled'

2018-05-24 13:34:48 - [MESSAGE][WARNING] - Timeout '0' is invalid. Using default page load timeout: '30'

2018-05-24 13:34:48 - [MESSAGE][PASSED] - Object 'Object Repository/LoggedOutReactPages/CreateAccount/BillingAddress_Input' has attribute 'disabled'

2018-05-24 13:34:48 - [TEST_STEP][PASSED] - verifyElementAttributeValue: Object 'Object Repository/LoggedOutReactPages/CreateAccount/BillingZip_Input' has attribute 'value' with value '11111'

2018-05-24 13:34:48 - [MESSAGE][WARNING] - Timeout '0' is invalid. Using default page load timeout: '30'

2018-05-24 13:34:48 - [MESSAGE][PASSED] - Object 'Object Repository/LoggedOutReactPages/CreateAccount/BillingZip_Input' has attribute 'value' with value '11111'

2018-05-24 13:34:48 - [TEST_STEP][PASSED] - verifyElementHasAttribute: Object 'Object Repository/LoggedOutReactPages/CreateAccount/BillingZip_Input' has attribute 'disabled'

2018-05-24 13:34:49 - [MESSAGE][WARNING] - Timeout '0' is invalid. Using default page load timeout: '30'

2018-05-24 13:34:49 - [MESSAGE][PASSED] - Object 'Object Repository/LoggedOutReactPages/CreateAccount/BillingZip_Input' has attribute 'disabled'

2018-05-24 13:34:49 - [TEST_STEP][PASSED] - closeBrowser: Browser is closed

2018-05-24 13:34:49 - [MESSAGE][PASSED] - Browser is closed]]></system-out>
         <system-err><![CDATA[]]></system-err>
      </testcase>
      <testcase name="Test Cases/SignUpDealer - EmptyFields" classname="Test Cases/SignUpDealer - EmptyFields" status="PASSED">
         <system-out><![CDATA[2018-05-24 13:34:49 - [TEST_CASE][PASSED] - Test Cases/SignUpDealer - EmptyFields: Test Cases/SignUpDealer - EmptyFields

2018-05-24 13:34:50 - [TEST_STEP][PASSED] - openBrowser: Browser is opened with url: ''

2018-05-24 13:34:52 - [MESSAGE][PASSED] - Browser is opened with url: ''

2018-05-24 13:34:52 - [TEST_STEP][PASSED] - maximizeWindow: Current window maximized

2018-05-24 13:34:53 - [MESSAGE][PASSED] - Current window maximized

2018-05-24 13:34:53 - [TEST_STEP][PASSED] - Statement - StartURL = com.kms.katalon.core.webui.keyword.WebUiBuiltInKeywords.concatenate([StagingReact, "create-account"]): Concatenated string array: '['https://staging.instavin.com/','create-account']' into 'https://staging.instavin.com/create-account'

2018-05-24 13:34:53 - [MESSAGE][PASSED] - Concatenated string array: '['https://staging.instavin.com/','create-account']' into 'https://staging.instavin.com/create-account'

2018-05-24 13:34:53 - [TEST_STEP][PASSED] - navigateToUrl: Navigate to 'https://staging.instavin.com/create-account' successfully

2018-05-24 13:34:56 - [MESSAGE][PASSED] - Navigate to 'https://staging.instavin.com/create-account' successfully

2018-05-24 13:34:56 - [TEST_STEP][PASSED] - click: Object: 'Object Repository/LoggedOutReactPages/CreateAccount/Dealer_Button' is clicked on

2018-05-24 13:34:56 - [MESSAGE][PASSED] - Object: 'Object Repository/LoggedOutReactPages/CreateAccount/Dealer_Button' is clicked on

2018-05-24 13:34:56 - [TEST_STEP][PASSED] - verifyElementText: Actual text and expected text of test object 'Object Repository/LoggedOutReactPages/CreateAccount/Copy_Label' are matched.

2018-05-24 13:34:56 - [MESSAGE][PASSED] - Actual text and expected text of test object 'Object Repository/LoggedOutReactPages/CreateAccount/Copy_Label' are matched.

2018-05-24 13:34:56 - [TEST_STEP][PASSED] - verifyTextPresent: Text 'Dealer Information' is present on page 

2018-05-24 13:34:56 - [MESSAGE][PASSED] - Text 'Dealer Information' is present on page 

2018-05-24 13:34:56 - [TEST_STEP][PASSED] - verifyTextPresent: Text 'AuctionACCESS ID Number' is present on page 

2018-05-24 13:34:56 - [MESSAGE][PASSED] - Text 'AuctionACCESS ID Number' is present on page 

2018-05-24 13:34:56 - [TEST_STEP][PASSED] - verifyTextPresent: Text 'Business Name' is present on page 

2018-05-24 13:34:56 - [MESSAGE][PASSED] - Text 'Business Name' is present on page 

2018-05-24 13:34:56 - [TEST_STEP][PASSED] - click: Object: 'Object Repository/LoggedOutReactPages/CreateAccount/Submit_button' is clicked on

2018-05-24 13:34:57 - [MESSAGE][PASSED] - Object: 'Object Repository/LoggedOutReactPages/CreateAccount/Submit_button' is clicked on

2018-05-24 13:34:57 - [TEST_STEP][PASSED] - verifyElementPresent: Object 'Object Repository/LoggedOutReactPages/CreateAccount/BusinessFirstName_ErrorMessage' is present

2018-05-24 13:34:57 - [MESSAGE][WARNING] - Timeout '0' is invalid. Using default page load timeout: '30'

2018-05-24 13:34:57 - [MESSAGE][PASSED] - Object 'Object Repository/LoggedOutReactPages/CreateAccount/BusinessFirstName_ErrorMessage' is present

2018-05-24 13:34:57 - [TEST_STEP][PASSED] - verifyElementText: Actual text and expected text of test object 'Object Repository/LoggedOutReactPages/CreateAccount/BusinessFirstName_ErrorMessage' are matched.

2018-05-24 13:34:57 - [MESSAGE][PASSED] - Actual text and expected text of test object 'Object Repository/LoggedOutReactPages/CreateAccount/BusinessFirstName_ErrorMessage' are matched.

2018-05-24 13:34:57 - [TEST_STEP][PASSED] - verifyElementPresent: Object 'Object Repository/LoggedOutReactPages/CreateAccount/BusinessLastName_ErrorMessage' is present

2018-05-24 13:34:57 - [MESSAGE][WARNING] - Timeout '0' is invalid. Using default page load timeout: '30'

2018-05-24 13:34:57 - [MESSAGE][PASSED] - Object 'Object Repository/LoggedOutReactPages/CreateAccount/BusinessLastName_ErrorMessage' is present

[...]

2018-05-24 13:41:44 - [TEST_STEP][PASSED] - verifyElementText: Actual text and expected text of test object 'Object Repository/LoggedInReactPages/ReportSummary/VehicleTitle' are matched.

2018-05-24 13:41:44 - [MESSAGE][PASSED] - Actual text and expected text of test object 'Object Repository/LoggedInReactPages/ReportSummary/VehicleTitle' are matched.

2018-05-24 13:41:44 - [TEST_STEP][PASSED] - verifyElementAttributeValue: Object 'Object Repository/LoggedInReactPages/ReportSummary/ReportType' has attribute 'class' with value 'ReportGrade AlertSuccess'

2018-05-24 13:41:44 - [MESSAGE][WARNING] - Timeout '0' is invalid. Using default page load timeout: '30'

2018-05-24 13:41:44 - [MESSAGE][PASSED] - Object 'Object Repository/LoggedInReactPages/ReportSummary/ReportType' has attribute 'class' with value 'ReportGrade AlertSuccess'

2018-05-24 13:41:44 - [TEST_STEP][PASSED] - verifyElementText: Actual text and expected text of test object 'Object Repository/LoggedInReactPages/ReportSummary/ReportType' are matched.

2018-05-24 13:41:44 - [MESSAGE][PASSED] - Actual text and expected text of test object 'Object Repository/LoggedInReactPages/ReportSummary/ReportType' are matched.

2018-05-24 13:41:44 - [TEST_STEP][PASSED] - navigateToUrl: Navigate to 'https://staging.instavin.com/_O/Autotest(salesman)/order/' successfully

2018-05-24 13:41:45 - [MESSAGE][PASSED] - Navigate to 'https://staging.instavin.com/_O/Autotest(salesman)/order/' successfully

2018-05-24 13:41:45 - [TEST_STEP][PASSED] - verifyElementText: Actual text and expected text of test object 'Object Repository/LoggedInReactPages/Order (react)/VtrPrice1' are matched.

2018-05-24 13:41:45 - [MESSAGE][PASSED] - Actual text and expected text of test object 'Object Repository/LoggedInReactPages/Order (react)/VtrPrice1' are matched.

2018-05-24 13:41:45 - [TEST_STEP][PASSED] - verifyElementText: Actual text and expected text of test object 'Object Repository/LoggedInReactPages/Order (react)/VtrPrice10' are matched.

2018-05-24 13:41:45 - [MESSAGE][PASSED] - Actual text and expected text of test object 'Object Repository/LoggedInReactPages/Order (react)/VtrPrice10' are matched.

2018-05-24 13:41:45 - [TEST_STEP][PASSED] - closeBrowser: Browser is closed

2018-05-24 13:41:46 - [MESSAGE][PASSED] - Browser is closed]]></system-out>
         <system-err><![CDATA[]]></system-err>
      </testcase>
      <testcase name="Test Cases/Salesman - BuyVTRDealer" classname="Test Cases/Salesman - BuyVTRDealer" status="PASSED">
         <system-out><![CDATA[2018-05-24 13:41:46 - [TEST_CASE][PASSED] - Test Cases/Salesman - BuyVTRDealer: Test Cases/Salesman - BuyVTRDealer

2018-05-24 13:41:46 - [TEST_STEP][PASSED] - openBrowser: Browser is opened with url: ''

2018-05-24 13:41:49 - [MESSAGE][PASSED] - Browser is opened with url: ''

2018-05-24 13:41:49 - [TEST_STEP][PASSED] - maximizeWindow: Current window maximized

2018-05-24 13:41:50 - [MESSAGE][PASSED] - Current window maximized

2018-05-24 13:41:50 - [TEST_STEP][PASSED] - Statement - OrderURL = com.kms.katalon.core.webui.keyword.WebUiBuiltInKeywords.concatenate([StagingReact, SalesmanURL, "order/"]): Concatenated string array: '['https://staging.instavin.com/','_O/Autotest(salesman)/','order/']' into 'https://staging.instavin.com/_O/Autotest(salesman)/order/'

2018-05-24 13:41:50 - [MESSAGE][PASSED] - Concatenated string array: '['https://staging.instavin.com/','_O/Autotest(salesman)/','order/']' into 'https://staging.instavin.com/_O/Autotest(salesman)/order/'

2018-05-24 13:41:50 - [TEST_STEP][PASSED] - navigateToUrl: Navigate to 'https://staging.instavin.com/_O/Autotest(salesman)/order/' successfully

2018-05-24 13:41:52 - [MESSAGE][PASSED] - Navigate to 'https://staging.instavin.com/_O/Autotest(salesman)/order/' successfully

2018-05-24 13:41:52 - [TEST_STEP][PASSED] - waitForElementVisible: Object 'Object Repository/LoggedInReactPages/Order (react)/instaVINProducts_Label' is visible

2018-05-24 13:41:52 - [MESSAGE][WARNING] - Timeout '0' is invalid. Using default page load timeout: '30'

2018-05-24 13:41:53 - [MESSAGE][PASSED] - Object 'Object Repository/LoggedInReactPages/Order (react)/instaVINProducts_Label' is visible

2018-05-24 13:41:53 - [TEST_STEP][PASSED] - verifyElementText: Actual text and expected text of test object 'Object Repository/LoggedInReactPages/Order (react)/VtrPrice1' are matched.

2018-05-24 13:41:53 - [MESSAGE][PASSED] - Actual text and expected text of test object 'Object Repository/LoggedInReactPages/Order (react)/VtrPrice1' are matched.

2018-05-24 13:41:53 - [TEST_STEP][PASSED] - verifyElementText: Actual text and expected text of test object 'Object Repository/LoggedInReactPages/Order (react)/VtrPrice10' are matched.

2018-05-24 13:41:53 - [MESSAGE][PASSED] - Actual text and expected text of test object 'Object Repository/LoggedInReactPages/Order (react)/VtrPrice10' are matched.

2018-05-24 13:41:53 - [TEST_STEP][PASSED] - verifyElementText: Actual text and expected text of test object 'Object Repository/LoggedInReactPages/Order (react)/VtrPrice50' are matched.

2018-05-24 13:41:53 - [MESSAGE][PASSED] - Actual text and expected text of test object 'Object Repository/LoggedInReactPages/Order (react)/VtrPrice50' are matched.

2018-05-24 13:41:53 - [TEST_STEP][PASSED] - setText: Text 'SAJWA43C199B29849' is set on object 'Object Repository/LoggedInReactPages/Order (react)/VINCheckForm_EnterVINInput'

2018-05-24 13:41:53 - [MESSAGE][PASSED] - Text 'SAJWA43C199B29849' is set on object 'Object Repository/LoggedInReactPages/Order (react)/VINCheckForm_EnterVINInput'

2018-05-24 13:41:53 - [TEST_STEP][PASSED] - click: Object: 'Object Repository/LoggedInReactPages/Order (react)/CheckVin_ArrowButton' is clicked on

2018-05-24 13:41:53 - [MESSAGE][PASSED] - Object: 'Object Repository/LoggedInReactPages/Order (react)/CheckVin_ArrowButton' is clicked on

2018-05-24 13:41:53 - [TEST_STEP][PASSED] - waitForElementVisible: Object 'Object Repository/LoggedInReactPages/Order (react)/ChangeVIN_Cross' is visible

2018-05-24 13:41:53 - [MESSAGE][WARNING] - Timeout '0' is invalid. Using default page load timeout: '30'

2018-05-24 13:41:54 - [MESSAGE][PASSED] - Object 'Object Repository/LoggedInReactPages/Order (react)/ChangeVIN_Cross' is visible

2018-05-24 13:41:54 - [TEST_STEP][PASSED] - verifyElementVisible: Object 'Object Repository/LoggedInReactPages/Order (react)/OrderNow_OrangeButton' is visible

2018-05-24 13:41:54 - [MESSAGE][PASSED] - Object 'Object Repository/LoggedInReactPages/Order (react)/OrderNow_OrangeButton' is visible

2018-05-24 13:41:54 - [TEST_STEP][PASSED] - click: Object: 'Object Repository/LoggedInReactPages/Order (react)/OrderNow_OrangeButton' is clicked on

2018-05-24 13:41:54 - [MESSAGE][PASSED] - Object: 'Object Repository/LoggedInReactPages/Order (react)/OrderNow_OrangeButton' is clicked on

2018-05-24 13:41:54 - [TEST_STEP][PASSED] - waitForElementVisible: Object 'Object Repository/LoggedInReactPages/Order (react)/Purchase_Button' is visible

2018-05-24 13:41:54 - [MESSAGE][WARNING] - Timeout '0' is invalid. Using default page load timeout: '30'

2018-05-24 13:41:54 - [MESSAGE][PASSED] - Object 'Object Repository/LoggedInReactPages/Order (react)/Purchase_Button' is visible

2018-05-24 13:41:54 - [TEST_STEP][PASSED] - Statement - now = new java.util.Date(): null

2018-05-24 13:41:54 - [TEST_STEP][PASSED] - Statement - rnd = now.format("yyyyMMddHHmmssSSS").toString(): null

2018-05-24 13:41:54 - [TEST_STEP][PASSED] - Statement - Email = com.kms.katalon.core.webui.keyword.WebUiBuiltInKeywords.concatenate(["salesman", rnd, "@mailinator.com"]): Concatenated string array: '['salesman','20180524134154455','@mailinator.com']' into 'salesman20180524134154455@mailinator.com'

2018-05-24 13:41:54 - [MESSAGE][PASSED] - Concatenated string array: '['salesman','20180524134154455','@mailinator.com']' into 'salesman20180524134154455@mailinator.com'

2018-05-24 13:41:54 - [TEST_STEP][PASSED] - callTestCase: Call Test Case 'Test Cases/Base Tests/OrderSignUpBase' successfully

2018-05-24 13:41:54 - [TEST_CASE][PASSED] - Test Cases/Base Tests/OrderSignUpBase: Test Cases/Base Tests/OrderSignUpBase

2018-05-24 13:41:55 - [TEST_STEP][PASSED] - setText: Text 'Salesman' is set on object 'Object Repository/LoggedOutReactPages/OrderLoggedOut/FirstName_Input'

2018-05-24 13:41:55 - [MESSAGE][PASSED] - Text 'Salesman' is set on object 'Object Repository/LoggedOutReactPages/OrderLoggedOut/FirstName_Input'

2018-05-24 13:41:55 - [TEST_STEP][PASSED] - setText: Text 'Dealer' is set on object 'Object Repository/LoggedOutReactPages/OrderLoggedOut/LastName_Input'

2018-05-24 13:41:55 - [MESSAGE][PASSED] - Text 'Dealer' is set on object 'Object Repository/LoggedOutReactPages/OrderLoggedOut/LastName_Input'

2018-05-24 13:41:55 - [TEST_STEP][PASSED] - setText: Text 'test' is set on object 'Object Repository/LoggedOutReactPages/OrderLoggedOut/Address_Input'

2018-05-24 13:41:56 - [MESSAGE][PASSED] - Text 'test' is set on object 'Object Repository/LoggedOutReactPages/OrderLoggedOut/Address_Input'

2018-05-24 13:41:56 - [TEST_STEP][PASSED] - setText: Text 'test' is set on object 'Object Repository/LoggedOutReactPages/OrderLoggedOut/City_Input'

2018-05-24 13:41:56 - [MESSAGE][PASSED] - Text 'test' is set on object 'Object Repository/LoggedOutReactPages/OrderLoggedOut/City_Input'

2018-05-24 13:41:56 - [TEST_STEP][PASSED] - selectOptionByValue: All options with value 'TX' are selected in object 'Object Repository/LoggedOutReactPages/OrderLoggedOut/State_Dropdown' 

2018-05-24 13:41:56 - [MESSAGE][PASSED] - All options with value 'TX' are selected in object 'Object Repository/LoggedOutReactPages/OrderLoggedOut/State_Dropdown' 

2018-05-24 13:41:56 - [TEST_STEP][PASSED] - setText: Text '11111' is set on object 'Object Repository/LoggedOutReactPages/OrderLoggedOut/Zip_Input'

2018-05-24 13:41:57 - [MESSAGE][PASSED] - Text '11111' is set on object 'Object Repository/LoggedOutReactPages/OrderLoggedOut/Zip_Input'

2018-05-24 13:41:57 - [TEST_STEP][PASSED] - setText: Text '8001112233' is set on object 'Object Repository/LoggedOutReactPages/OrderLoggedOut/Phone_Input'

2018-05-24 13:41:57 - [MESSAGE][PASSED] - Text '8001112233' is set on object 'Object Repository/LoggedOutReactPages/OrderLoggedOut/Phone_Input'

2018-05-24 13:41:57 - [TEST_STEP][PASSED] - setText: Text 'salesman20180524134154455@mailinator.com' is set on object 'Object Repository/LoggedOutReactPages/OrderLoggedOut/Email_Input'

2018-05-24 13:41:58 - [MESSAGE][PASSED] - Text 'salesman20180524134154455@mailinator.com' is set on object 'Object Repository/LoggedOutReactPages/OrderLoggedOut/Email_Input'

2018-05-24 13:41:58 - [TEST_STEP][PASSED] - setText: Text '4000100011112224' is set on object 'Object Repository/LoggedOutReactPages/OrderLoggedOut/CcNumber_Input'

2018-05-24 13:41:58 - [MESSAGE][PASSED] - Text '4000100011112224' is set on object 'Object Repository/LoggedOutReactPages/OrderLoggedOut/CcNumber_Input'

2018-05-24 13:41:58 - [TEST_STEP][PASSED] - setText: Text '111' is set on object 'Object Repository/LoggedOutReactPages/OrderLoggedOut/CVV_Input'

2018-05-24 13:41:58 - [MESSAGE][PASSED] - Text '111' is set on object 'Object Repository/LoggedOutReactPages/OrderLoggedOut/CVV_Input'

2018-05-24 13:41:58 - [TEST_STEP][PASSED] - selectOptionByValue: All options with value '11' are selected in object 'Object Repository/LoggedOutReactPages/OrderLoggedOut/ExpirationMonth_Dropdown' 

2018-05-24 13:41:59 - [MESSAGE][PASSED] - All options with value '11' are selected in object 'Object Repository/LoggedOutReactPages/OrderLoggedOut/ExpirationMonth_Dropdown' 

2018-05-24 13:41:59 - [TEST_STEP][PASSED] - selectOptionByValue: All options with value '2020' are selected in object 'Object Repository/LoggedOutReactPages/OrderLoggedOut/ExpirationYear_Dropdown' 

2018-05-24 13:41:59 - [MESSAGE][PASSED] - All options with value '2020' are selected in object 'Object Repository/LoggedOutReactPages/OrderLoggedOut/ExpirationYear_Dropdown' 

2018-05-24 13:41:59 - [TEST_STEP][PASSED] - selectOptionByValue: All options with value '1' are selected in object 'Object Repository/LoggedOutReactPages/OrderLoggedOut/UserType_Dropdown' 

2018-05-24 13:41:59 - [MESSAGE][PASSED] - All options with value '1' are selected in object 'Object Repository/LoggedOutReactPages/OrderLoggedOut/UserType_Dropdown' 

2018-05-24 13:41:59 - [TEST_STEP][PASSED] - check: Object 'Object Repository/LoggedOutReactPages/OrderLoggedOut/Terms_Checkbox' is checked

2018-05-24 13:42:00 - [MESSAGE][PASSED] - Object 'Object Repository/LoggedOutReactPages/OrderLoggedOut/Terms_Checkbox' is checked

2018-05-24 13:42:00 - [TEST_STEP][PASSED] - click: Object: 'Object Repository/LoggedInReactPages/Order (react)/Purchase_Button' is clicked on

2018-05-24 13:42:00 - [MESSAGE][PASSED] - Object: 'Object Repository/LoggedInReactPages/Order (react)/Purchase_Button' is clicked on

2018-05-24 13:42:00 - [MESSAGE][PASSED] - Call Test Case 'Test Cases/Base Tests/OrderSignUpBase' successfully

2018-05-24 13:42:00 - [TEST_STEP][PASSED] - waitForElementVisible: Object 'Object Repository/LoggedInReactPages/Order (react)/CompletePurchase_Button' is visible

2018-05-24 13:42:00 - [MESSAGE][WARNING] - Timeout '0' is invalid. Using default page load timeout: '30'

2018-05-24 13:42:00 - [MESSAGE][PASSED] - Object 'Object Repository/LoggedInReactPages/Order (react)/CompletePurchase_Button' is visible

2018-05-24 13:42:00 - [TEST_STEP][PASSED] - Statement - Price = com.kms.katalon.core.webui.keyword.WebUiBuiltInKeywords.concatenate(["Only ", Vtr1]): Concatenated string array: '['Only ','$1,551.00']' into 'Only $1,551.00'

2018-05-24 13:42:00 - [MESSAGE][PASSED] - Concatenated string array: '['Only ','$1,551.00']' into 'Only $1,551.00'

2018-05-24 13:42:00 - [TEST_STEP][PASSED] - verifyElementText: Actual text and expected text of test object 'Object Repository/LoggedInReactPages/Order (react)/Confirm_Price' are matched.

2018-05-24 13:42:01 - [MESSAGE][PASSED] - Actual text and expected text of test object 'Object Repository/LoggedInReactPages/Order (react)/Confirm_Price' are matched.

2018-05-24 13:42:01 - [TEST_STEP][PASSED] - click: Object: 'Object Repository/LoggedInReactPages/Order (react)/CompletePurchase_Button' is clicked on

2018-05-24 13:42:01 - [MESSAGE][PASSED] - Object: 'Object Repository/LoggedInReactPages/Order (react)/CompletePurchase_Button' is clicked on

2018-05-24 13:42:01 - [TEST_STEP][PASSED] - waitForElementClickable: Object 'Object Repository/LoggedInReactPages/Order (react)/ViewReport_Button' is clickable

2018-05-24 13:42:01 - [MESSAGE][WARNING] - Timeout '0' is invalid. Using default page load timeout: '30'

2018-05-24 13:42:05 - [MESSAGE][PASSED] - Object 'Object Repository/LoggedInReactPages/Order (react)/ViewReport_Button' is clickable

2018-05-24 13:42:05 - [TEST_STEP][PASSED] - verifyTextPresent: Text 'Thank you for using instaVIN!' is present on page 

2018-05-24 13:42:05 - [MESSAGE][PASSED] - Text 'Thank you for using instaVIN!' is present on page 

2018-05-24 13:42:05 - [TEST_STEP][PASSED] - verifyElementText: Actual text and expected text of test object 'Object Repository/LoggedInReactPages/Order (react)/ViewReport - Vin' are matched.

2018-05-24 13:42:05 - [MESSAGE][PASSED] - Actual text and expected text of test object 'Object Repository/LoggedInReactPages/Order (react)/ViewReport - Vin' are matched.

2018-05-24 13:42:05 - [TEST_STEP][PASSED] - verifyElementText: Actual text and expected text of test object 'Object Repository/LoggedInReactPages/Order (react)/ViewReport - ReportType' are matched.

2018-05-24 13:42:05 - [MESSAGE][PASSED] - Actual text and expected text of test object 'Object Repository/LoggedInReactPages/Order (react)/ViewReport - ReportType' are matched.

2018-05-24 13:42:05 - [TEST_STEP][PASSED] - click: Object: 'Object Repository/LoggedInReactPages/Order (react)/ViewReport_Button' is clicked on

2018-05-24 13:42:07 - [MESSAGE][PASSED] - Object: 'Object Repository/LoggedInReactPages/Order (react)/ViewReport_Button' is clicked on

2018-05-24 13:42:07 - [TEST_STEP][PASSED] - waitForElementVisible: Object 'Object Repository/LoggedInReactPages/ReportSummary/ReportHeader' is visible

2018-05-24 13:42:07 - [MESSAGE][WARNING] - Timeout '0' is invalid. Using default page load timeout: '30'

2018-05-24 13:42:07 - [MESSAGE][PASSED] - Object 'Object Repository/LoggedInReactPages/ReportSummary/ReportHeader' is visible

2018-05-24 13:42:07 - [TEST_STEP][PASSED] - verifyElementText: Actual text and expected text of test object 'Object Repository/LoggedInReactPages/ReportSummary/VehicleTitle' are matched.

2018-05-24 13:42:07 - [MESSAGE][PASSED] - Actual text and expected text of test object 'Object Repository/LoggedInReactPages/ReportSummary/VehicleTitle' are matched.

2018-05-24 13:42:07 - [TEST_STEP][PASSED] - verifyElementAttributeValue: Object 'Object Repository/LoggedInReactPages/ReportSummary/ReportType' has attribute 'class' with value 'ReportGrade AlertSuccess'

2018-05-24 13:42:07 - [MESSAGE][WARNING] - Timeout '0' is invalid. Using default page load timeout: '30'

2018-05-24 13:42:07 - [MESSAGE][PASSED] - Object 'Object Repository/LoggedInReactPages/ReportSummary/ReportType' has attribute 'class' with value 'ReportGrade AlertSuccess'

2018-05-24 13:42:07 - [TEST_STEP][PASSED] - verifyElementText: Actual text and expected text of test object 'Object Repository/LoggedInReactPages/ReportSummary/ReportType' are matched.

2018-05-24 13:42:07 - [MESSAGE][PASSED] - Actual text and expected text of test object 'Object Repository/LoggedInReactPages/ReportSummary/ReportType' are matched.

2018-05-24 13:42:07 - [TEST_STEP][PASSED] - navigateToUrl: Navigate to 'https://staging.instavin.com/_O/Autotest(salesman)/order/' successfully

2018-05-24 13:42:08 - [MESSAGE][PASSED] - Navigate to 'https://staging.instavin.com/_O/Autotest(salesman)/order/' successfully

2018-05-24 13:42:08 - [TEST_STEP][PASSED] - verifyElementText: Actual text and expected text of test object 'Object Repository/LoggedInReactPages/Order (react)/VtrPrice1' are matched.

2018-05-24 13:42:08 - [MESSAGE][PASSED] - Actual text and expected text of test object 'Object Repository/LoggedInReactPages/Order (react)/VtrPrice1' are matched.

2018-05-24 13:42:08 - [TEST_STEP][PASSED] - verifyElementText: Actual text and expected text of test object 'Object Repository/LoggedInReactPages/Order (react)/VtrPrice10' are matched.

2018-05-24 13:42:08 - [MESSAGE][PASSED] - Actual text and expected text of test object 'Object Repository/LoggedInReactPages/Order (react)/VtrPrice10' are matched.

2018-05-24 13:42:08 - [TEST_STEP][PASSED] - closeBrowser: Browser is closed

2018-05-24 13:42:09 - [MESSAGE][PASSED] - Browser is closed]]></system-out>
         <system-err><![CDATA[]]></system-err>
      </testcase>
      <system-out><![CDATA[2018-05-24 13:33:10 - [TEST_SUITE][FAILED] - Staging Smoke Test Suite: Test Cases/Affiliate - BuyVTRDealer FAILED because (of) Verify element text of test object 'Object Repository/LoggedInReactPages/ReportSummary/VehicleTitle' FAILED. (Root cause: com.kms.katalon.core.webui.exception.WebElementNotFoundException: Web element with id: 'Object Repository/LoggedInReactPages/ReportSummary/VehicleTitle' located by 'By.xpath: //div[@id='VehicleSummaryContainer']//h1' not found)]]></system-out>
      <system-err><![CDATA[2018-05-24 13:33:10 - [TEST_SUITE][FAILED] - Staging Smoke Test Suite: Test Cases/Affiliate - BuyVTRDealer FAILED because (of) Verify element text of test object 'Object Repository/LoggedInReactPages/ReportSummary/VehicleTitle' FAILED. (Root cause: com.kms.katalon.core.webui.exception.WebElementNotFoundException: Web element with id: 'Object Repository/LoggedInReactPages/ReportSummary/VehicleTitle' located by 'By.xpath: //div[@id='VehicleSummaryContainer']//h1' not found)]]></system-err>
   </testsuite>
</testsuites>
